21.2340 	INFO 	Loaded monitor calibration from ['2025_03_24 13:01']
21.2822 	WARNING 	User requested fullscreen with size [1920 1080], but screen is actually [1024, 768]. Using actual size
21.4815 	EXP 	Created window1 = Window(allowGUI=False, allowStencil=False, autoLog=True, backendConf=UNKNOWN, backgroundFit=<method-wrapper '__getattribute__' of attributeSetter object at 0x0000019F6F28F610>, backgroundImage=<method-wrapper '__getattribute__' of attributeSetter object at 0x0000019F6F28F5B0>, bitsMode=UNKNOWN, blendMode='avg', bpc=(8, 8, 8), color=array([0, 0, 0]), colorSpace='rgb', depthBits=8, fullscr=True, gamma=None, gammaErrorPolicy='raise', infoMsg=UNKNOWN, lms=UNKNOWN, monitor=<psychopy.monitors.calibTools.Monitor object at 0x0000019F6F35B9D0>, multiSample=False, name='window1', numSamples=2, pos=[0.0, 0.0], screen=1, size=array([1024,  768]), stencilBits=0, stereo=False, title='PsychoPy', units='height', useFBO=True, useRetina=False, viewOri=0.0, viewPos=None, viewScale=None, waitBlanking=True, winType='pyglet')
21.4815 	EXP 	window1: backgroundImage = ''
21.4815 	EXP 	window1: backgroundFit = 'none'
21.5460 	EXP 	window1: Attempting to measure frame rate of screen (1) ...
21.5461 	EXP 	window1: recordFrameIntervals = False
21.7177 	EXP 	window1: recordFrameIntervals = True
21.9014 	EXP 	Screen (1) actual frame rate measured at 60.05Hz
21.9015 	EXP 	window1: recordFrameIntervals = False
24.9730 	INFO 	keyboard.Keyboard is using iohub backend.
24.9731 	INFO 	keyboard.Keyboard is using iohub backend.
24.9731 	INFO 	keyboard.Keyboard is using iohub backend.
24.9732 	INFO 	keyboard.Keyboard is using iohub backend.
24.9732 	INFO 	keyboard.Keyboard is using iohub backend.
24.9732 	INFO 	keyboard.Keyboard is using iohub backend.
24.9733 	INFO 	keyboard.Keyboard is using iohub backend.
24.9733 	EXP 	part0: status = STARTED
25.0642 	EXP 	Created welcome_text = TextStim(__class__=<class 'psychopy.visual.text.TextStim'>, alignHoriz=method-wrapper(...), alignText='center', alignVert=method-wrapper(...), anchorHoriz='center', anchorVert='center', antialias=True, autoDraw=False, autoLog=True, bold=False, color=array([1., 1., 1.]), colorSpace='rgb', contrast=1.0, depth=0.0, draggable=False, flipHoriz=False, flipVert=False, font='Arial', fontFiles=[], height=0.05000000000000001, italic=False, languageStyle='LTR', name='welcome_text', opacity=1, ori=0.0, pos=array([0., 0.]), rgb=UNKNOWN, text=str(...), units='height', win=Window(...), wrapWidth=1)
25.1285 	EXP 	Created hand_image = ImageStim(__class__=<class 'psychopy.visual.image.ImageStim'>, anchor=('center', 'center'), autoLog=True, color=array([1., 1., 1.]), colorSpace='rgb', contrast=1.0, depth=0.0, draggable=False, flipHoriz=False, flipVert=False, image='right_hand_silhouette.png', interpolate=True, mask=None, maskParams=None, name='hand_image', opacity=1, ori=0.0, pos=array([ 0.  , -0.25]), size=array([0.5, 0.5]), texRes=128.0, units='height', win=Window(...))
25.1443 	EXP 	Created hand_intro_text = TextStim(__class__=<class 'psychopy.visual.text.TextStim'>, alignHoriz=method-wrapper(...), alignText='center', alignVert=method-wrapper(...), anchorHoriz='center', anchorVert='center', antialias=True, autoDraw=False, autoLog=True, bold=False, color=array([1., 1., 1.]), colorSpace='rgb', contrast=1.0, depth=-2.0, draggable=False, flipHoriz=False, flipVert=False, font='Arial', fontFiles=[], height=0.04, italic=False, languageStyle='LTR', name='hand_intro_text', opacity=1, ori=0.0, pos=array([0.  , 0.23]), rgb=UNKNOWN, text=str(...), units='height', win=Window(...), wrapWidth=1)
25.1481 	EXP 	Created instruction = TextStim(__class__=<class 'psychopy.visual.text.TextStim'>, alignHoriz=method-wrapper(...), alignText='center', alignVert=method-wrapper(...), anchorHoriz='center', anchorVert='center', antialias=True, autoDraw=False, autoLog=True, bold=False, color=array([1., 1., 1.]), colorSpace='rgb', contrast=1.0, depth=0.0, draggable=False, flipHoriz=False, flipVert=False, font='Arial', fontFiles=[], height=0.05000000000000001, italic=False, languageStyle='LTR', name='instruction', opacity=1, ori=0.0, pos=array([0. , 0.2]), rgb=UNKNOWN, text='Drücken Sie diese Tasten:', units='height', win=Window(...), wrapWidth=1)
25.1490 	EXP 	Created button_text = TextStim(__class__=<class 'psychopy.visual.text.TextStim'>, alignHoriz=method-wrapper(...), alignText='center', alignVert=method-wrapper(...), anchorHoriz='center', anchorVert='center', antialias=True, autoDraw=False, autoLog=True, bold=False, color=array([1., 1., 1.]), colorSpace='rgb', contrast=1.0, depth=-1.0, draggable=False, flipHoriz=False, flipVert=False, font='Arial', fontFiles=[], height=0.05, italic=False, languageStyle='LTR', name='button_text', opacity=1, ori=0.0, pos=array([0., 0.]), rgb=UNKNOWN, text='', units='height', win=Window(...), wrapWidth=1)
25.1599 	EXP 	Created select_video_text = TextStim(__class__=<class 'psychopy.visual.text.TextStim'>, alignHoriz=method-wrapper(...), alignText='center', alignVert=method-wrapper(...), anchorHoriz='center', anchorVert='center', antialias=True, autoDraw=False, autoLog=True, bold=False, color=array([1., 1., 1.]), colorSpace='rgb', contrast=1.0, depth=0.0, draggable=False, flipHoriz=False, flipVert=False, font='Arial', fontFiles=[], height=0.05000000000000001, italic=False, languageStyle='LTR', name='select_video_text', opacity=1, ori=0.0, pos=array([0., 0.]), rgb=UNKNOWN, text=str(...), units='height', win=Window(...), wrapWidth=1)
25.1966 	EXP 	Created video_text = TextStim(__class__=<class 'psychopy.visual.text.TextStim'>, alignHoriz=method-wrapper(...), alignText='center', alignVert=method-wrapper(...), anchorHoriz='center', anchorVert='center', antialias=True, autoDraw=False, autoLog=True, bold=False, color=array([1., 1., 1.]), colorSpace='rgb', contrast=1.0, depth=-1.0, draggable=False, flipHoriz=False, flipVert=False, font='Arial', fontFiles=[], height=0.05000000000000001, italic=False, languageStyle='LTR', name='video_text', opacity=1, ori=0.0, pos=array([0., 0.]), rgb=UNKNOWN, text=str(...), units='height', win=Window(...), wrapWidth=1)
25.2009 	EXP 	Created end_text = TextStim(__class__=<class 'psychopy.visual.text.TextStim'>, alignHoriz=method-wrapper(...), alignText='center', alignVert=method-wrapper(...), anchorHoriz='center', anchorVert='center', antialias=True, autoDraw=False, autoLog=True, bold=False, color=array([1., 1., 1.]), colorSpace='rgb', contrast=1.0, depth=0.0, draggable=False, flipHoriz=False, flipVert=False, font='Arial', fontFiles=[], height=0.05000000000000001, italic=False, languageStyle='LTR', name='end_text', opacity=1, ori=0.0, pos=array([0., 0.]), rgb=UNKNOWN, text=str(...), units='height', win=Window(...), wrapWidth=1)
0.0032 	EXP 	movie: autoLog = True
0.0181 	INFO 	Keyboard events cleared
0.0177 	EXP 	welcome_text: autoDraw = True
156.5308 	DATA 	Keypress: space
156.5412 	INFO 	Keyboard events cleared
156.5406 	EXP 	welcome_text: autoDraw = False
156.5406 	EXP 	hand_image: autoDraw = True
156.5406 	EXP 	hand_intro_text: autoDraw = True
165.4787 	EXP 	Imported button_practice.xlsx as conditions, 4 conditions, 2 params
165.4795 	EXP 	New trial (rep=0, index=0): <Trial 0 (0 in rep 0) data={'this_button': 2, 'correct_button': 3, 'thisN': 0, 'thisTrialN': 0, 'thisRepN': 0}>
165.4871 	DATA 	Keypress: 2
165.4915 	INFO 	Keyboard events cleared
165.4909 	EXP 	hand_image: autoDraw = False
165.4909 	EXP 	hand_intro_text: autoDraw = False
165.4909 	EXP 	button_text: height = 0.05000000000000001
165.4909 	EXP 	button_text: height = 0.05000000000000001
165.4909 	EXP 	button_text: height = 0.05000000000000001
165.4909 	EXP 	button_text: text = 2
165.4909 	EXP 	instruction: autoDraw = True
165.4909 	EXP 	button_text: autoDraw = True
166.6586 	EXP 	New trial (rep=0, index=1): <Trial 1 (1 in rep 0) data={'this_button': 4, 'correct_button': 5, 'thisN': 1, 'thisTrialN': 1, 'thisRepN': 0}>
166.6641 	DATA 	Keypress: 3
166.6757 	INFO 	Keyboard events cleared
166.6750 	EXP 	instruction: autoDraw = False
166.6750 	EXP 	button_text: autoDraw = False
166.6750 	EXP 	button_text: height = 0.05000000000000001
166.6750 	EXP 	button_text: height = 0.05000000000000001
166.6750 	EXP 	button_text: height = 0.05000000000000001
166.6750 	EXP 	button_text: text = 4
166.6750 	EXP 	instruction: autoDraw = True
166.6750 	EXP 	button_text: autoDraw = True
167.5273 	EXP 	New trial (rep=0, index=2): <Trial 2 (2 in rep 0) data={'this_button': 3, 'correct_button': 4, 'thisN': 2, 'thisTrialN': 2, 'thisRepN': 0}>
167.5341 	DATA 	Keypress: 5
167.5423 	INFO 	Keyboard events cleared
167.5417 	EXP 	instruction: autoDraw = False
167.5417 	EXP 	button_text: autoDraw = False
167.5417 	EXP 	button_text: height = 0.05000000000000001
167.5417 	EXP 	button_text: height = 0.05000000000000001
167.5417 	EXP 	button_text: height = 0.05000000000000001
167.5417 	EXP 	button_text: text = 3
167.5417 	EXP 	instruction: autoDraw = True
167.5417 	EXP 	button_text: autoDraw = True
168.2274 	EXP 	New trial (rep=0, index=3): <Trial 3 (3 in rep 0) data={'this_button': 1, 'correct_button': 2, 'thisN': 3, 'thisTrialN': 3, 'thisRepN': 0}>
168.2348 	DATA 	Keypress: 4
168.2423 	INFO 	Keyboard events cleared
168.2417 	EXP 	instruction: autoDraw = False
168.2417 	EXP 	button_text: autoDraw = False
168.2417 	EXP 	button_text: height = 0.05000000000000001
168.2417 	EXP 	button_text: height = 0.05000000000000001
168.2417 	EXP 	button_text: height = 0.05000000000000001
168.2417 	EXP 	button_text: text = 1
168.2417 	EXP 	instruction: autoDraw = True
168.2417 	EXP 	button_text: autoDraw = True
168.9318 	DATA 	Keypress: 2
168.9423 	INFO 	Keyboard events cleared
168.9417 	EXP 	instruction: autoDraw = False
168.9417 	EXP 	button_text: autoDraw = False
168.9417 	EXP 	select_video_text: autoDraw = True
177.0453 	DATA 	Keypress: 2
177.2202 	INFO 	Keyboard events cleared
177.2199 	EXP 	select_video_text: autoDraw = False
177.2199 	EXP 	video_text: autoDraw = True
182.0945 	EXP 	movie: autoDraw = True
182.2242 	EXP 	video_text: autoDraw = False
607.5739 	EXP 	movie: autoDraw = False
730.2949 	DATA 	Keypress: space
730.4287 	INFO 	Keyboard events cleared
730.4281 	EXP 	movie: autoDraw = False
730.4281 	EXP 	video_text: autoDraw = False
730.4281 	EXP 	end_text: autoDraw = True
734.3125 	DATA 	Keypress: escape
734.4269 	EXP 	part0: status = STOPPED
734.4421 	EXP 	end_text: autoDraw = False
734.4423 	EXP 	part0: status = STOPPED
734.4506 	INFO 	saved data to 'C:\\Users\\Nemecz\\Documents\\Guess_fMRI\\data/Guess_5579_part0_2025-05-10_12h20.15.733.csv'
734.4522 	INFO 	saved data to C:\Users\Nemecz\Documents\Guess_fMRI\data/Guess_5579_part0_2025-05-10_12h20.15.733.psydat
