16.5696 	INFO 	Loaded monitor calibration from ['2025_03_24 13:01']
16.6193 	WARNING 	User requested fullscreen with size [1920 1080], but screen is actually [1024, 768]. Using actual size
16.8214 	EXP 	Created window1 = Window(allowGUI=False, allowStencil=False, autoLog=True, backendConf=UNKNOWN, backgroundFit=<method-wrapper '__getattribute__' of attributeSetter object at 0x0000027CF5A4D640>, backgroundImage=<method-wrapper '__getattribute__' of attributeSetter object at 0x0000027CF5A4D5E0>, bitsMode=UNKNOWN, blendMode='avg', bpc=(8, 8, 8), color=array([0, 0, 0]), colorSpace='rgb', depthBits=8, fullscr=True, gamma=None, gammaErrorPolicy='raise', infoMsg=UNKNOWN, lms=UNKNOWN, monitor=<psychopy.monitors.calibTools.Monitor object at 0x0000027CF5B3AA00>, multiSample=False, name='window1', numSamples=2, pos=[0.0, 0.0], screen=1, size=array([1024,  768]), stencilBits=0, stereo=False, title='PsychoPy', units='height', useFBO=True, useRetina=False, viewOri=0.0, viewPos=None, viewScale=None, waitBlanking=True, winType='pyglet')
16.8215 	EXP 	window1: backgroundImage = ''
16.8215 	EXP 	window1: backgroundFit = 'none'
16.8859 	EXP 	window1: Attempting to measure frame rate of screen (1) ...
16.8860 	EXP 	window1: recordFrameIntervals = False
17.0720 	EXP 	window1: recordFrameIntervals = True
17.2558 	EXP 	Screen (1) actual frame rate measured at 59.94Hz
17.2559 	EXP 	window1: recordFrameIntervals = False
20.3957 	INFO 	keyboard.Keyboard is using iohub backend.
20.3958 	INFO 	keyboard.Keyboard is using iohub backend.
20.3958 	INFO 	keyboard.Keyboard is using iohub backend.
20.3958 	INFO 	keyboard.Keyboard is using iohub backend.
20.3959 	INFO 	keyboard.Keyboard is using iohub backend.
20.3959 	INFO 	keyboard.Keyboard is using iohub backend.
20.3959 	INFO 	keyboard.Keyboard is using iohub backend.
20.3959 	EXP 	part0: status = STARTED
20.4915 	EXP 	Created welcome_text = TextStim(__class__=<class 'psychopy.visual.text.TextStim'>, alignHoriz=method-wrapper(...), alignText='center', alignVert=method-wrapper(...), anchorHoriz='center', anchorVert='center', antialias=True, autoDraw=False, autoLog=True, bold=False, color=array([1., 1., 1.]), colorSpace='rgb', contrast=1.0, depth=0.0, draggable=False, flipHoriz=False, flipVert=False, font='Arial', fontFiles=[], height=0.05000000000000001, italic=False, languageStyle='LTR', name='welcome_text', opacity=1, ori=0.0, pos=array([0., 0.]), rgb=UNKNOWN, text=str(...), units='height', win=Window(...), wrapWidth=1)
20.5639 	EXP 	Created hand_image = ImageStim(__class__=<class 'psychopy.visual.image.ImageStim'>, anchor=('center', 'center'), autoLog=True, color=array([1., 1., 1.]), colorSpace='rgb', contrast=1.0, depth=0.0, draggable=False, flipHoriz=False, flipVert=False, image='right_hand_silhouette.png', interpolate=True, mask=None, maskParams=None, name='hand_image', opacity=1, ori=0.0, pos=array([ 0.  , -0.25]), size=array([0.5, 0.5]), texRes=128.0, units='height', win=Window(...))
20.5805 	EXP 	Created hand_intro_text = TextStim(__class__=<class 'psychopy.visual.text.TextStim'>, alignHoriz=method-wrapper(...), alignText='center', alignVert=method-wrapper(...), anchorHoriz='center', anchorVert='center', antialias=True, autoDraw=False, autoLog=True, bold=False, color=array([1., 1., 1.]), colorSpace='rgb', contrast=1.0, depth=-2.0, draggable=False, flipHoriz=False, flipVert=False, font='Arial', fontFiles=[], height=0.04, italic=False, languageStyle='LTR', name='hand_intro_text', opacity=1, ori=0.0, pos=array([0.  , 0.23]), rgb=UNKNOWN, text=str(...), units='height', win=Window(...), wrapWidth=1)
20.5843 	EXP 	Created instruction = TextStim(__class__=<class 'psychopy.visual.text.TextStim'>, alignHoriz=method-wrapper(...), alignText='center', alignVert=method-wrapper(...), anchorHoriz='center', anchorVert='center', antialias=True, autoDraw=False, autoLog=True, bold=False, color=array([1., 1., 1.]), colorSpace='rgb', contrast=1.0, depth=0.0, draggable=False, flipHoriz=False, flipVert=False, font='Arial', fontFiles=[], height=0.05000000000000001, italic=False, languageStyle='LTR', name='instruction', opacity=1, ori=0.0, pos=array([0. , 0.2]), rgb=UNKNOWN, text='Drücken Sie diese Tasten:', units='height', win=Window(...), wrapWidth=1)
20.5851 	EXP 	Created button_text = TextStim(__class__=<class 'psychopy.visual.text.TextStim'>, alignHoriz=method-wrapper(...), alignText='center', alignVert=method-wrapper(...), anchorHoriz='center', anchorVert='center', antialias=True, autoDraw=False, autoLog=True, bold=False, color=array([1., 1., 1.]), colorSpace='rgb', contrast=1.0, depth=-1.0, draggable=False, flipHoriz=False, flipVert=False, font='Arial', fontFiles=[], height=0.05, italic=False, languageStyle='LTR', name='button_text', opacity=1, ori=0.0, pos=array([0., 0.]), rgb=UNKNOWN, text='', units='height', win=Window(...), wrapWidth=1)
20.5961 	EXP 	Created select_video_text = TextStim(__class__=<class 'psychopy.visual.text.TextStim'>, alignHoriz=method-wrapper(...), alignText='center', alignVert=method-wrapper(...), anchorHoriz='center', anchorVert='center', antialias=True, autoDraw=False, autoLog=True, bold=False, color=array([1., 1., 1.]), colorSpace='rgb', contrast=1.0, depth=0.0, draggable=False, flipHoriz=False, flipVert=False, font='Arial', fontFiles=[], height=0.05000000000000001, italic=False, languageStyle='LTR', name='select_video_text', opacity=1, ori=0.0, pos=array([0., 0.]), rgb=UNKNOWN, text=str(...), units='height', win=Window(...), wrapWidth=1)
20.6296 	EXP 	Created video_text = TextStim(__class__=<class 'psychopy.visual.text.TextStim'>, alignHoriz=method-wrapper(...), alignText='center', alignVert=method-wrapper(...), anchorHoriz='center', anchorVert='center', antialias=True, autoDraw=False, autoLog=True, bold=False, color=array([1., 1., 1.]), colorSpace='rgb', contrast=1.0, depth=-1.0, draggable=False, flipHoriz=False, flipVert=False, font='Arial', fontFiles=[], height=0.05000000000000001, italic=False, languageStyle='LTR', name='video_text', opacity=1, ori=0.0, pos=array([0., 0.]), rgb=UNKNOWN, text=str(...), units='height', win=Window(...), wrapWidth=1)
20.6338 	EXP 	Created end_text = TextStim(__class__=<class 'psychopy.visual.text.TextStim'>, alignHoriz=method-wrapper(...), alignText='center', alignVert=method-wrapper(...), anchorHoriz='center', anchorVert='center', antialias=True, autoDraw=False, autoLog=True, bold=False, color=array([1., 1., 1.]), colorSpace='rgb', contrast=1.0, depth=0.0, draggable=False, flipHoriz=False, flipVert=False, font='Arial', fontFiles=[], height=0.05000000000000001, italic=False, languageStyle='LTR', name='end_text', opacity=1, ori=0.0, pos=array([0., 0.]), rgb=UNKNOWN, text=str(...), units='height', win=Window(...), wrapWidth=1)
0.0033 	EXP 	movie: autoLog = True
0.0086 	INFO 	Keyboard events cleared
0.0082 	EXP 	welcome_text: autoDraw = True
14.4695 	DATA 	Keypress: space
14.4749 	INFO 	Keyboard events cleared
14.4743 	EXP 	welcome_text: autoDraw = False
14.4743 	EXP 	hand_image: autoDraw = True
14.4743 	EXP 	hand_intro_text: autoDraw = True
22.9890 	EXP 	Imported button_practice.xlsx as conditions, 4 conditions, 2 params
22.9896 	EXP 	New trial (rep=0, index=0): <Trial 0 (0 in rep 0) data={'this_button': 3, 'correct_button': 4, 'thisN': 0, 'thisTrialN': 0, 'thisRepN': 0}>
22.9963 	DATA 	Keypress: 3
23.0000 	INFO 	Keyboard events cleared
22.9996 	EXP 	hand_image: autoDraw = False
22.9996 	EXP 	hand_intro_text: autoDraw = False
22.9996 	EXP 	button_text: height = 0.05000000000000001
22.9996 	EXP 	button_text: height = 0.05000000000000001
22.9996 	EXP 	button_text: height = 0.05000000000000001
22.9996 	EXP 	button_text: text = 3
22.9996 	EXP 	instruction: autoDraw = True
22.9996 	EXP 	button_text: autoDraw = True
24.1551 	EXP 	New trial (rep=0, index=1): <Trial 1 (1 in rep 0) data={'this_button': 2, 'correct_button': 3, 'thisN': 1, 'thisTrialN': 1, 'thisRepN': 0}>
24.1611 	DATA 	Keypress: 4
24.1726 	INFO 	Keyboard events cleared
24.1719 	EXP 	instruction: autoDraw = False
24.1719 	EXP 	button_text: autoDraw = False
24.1719 	EXP 	button_text: height = 0.05000000000000001
24.1719 	EXP 	button_text: height = 0.05000000000000001
24.1719 	EXP 	button_text: height = 0.05000000000000001
24.1719 	EXP 	button_text: text = 2
24.1719 	EXP 	instruction: autoDraw = True
24.1719 	EXP 	button_text: autoDraw = True
25.0235 	EXP 	New trial (rep=0, index=2): <Trial 2 (2 in rep 0) data={'this_button': 4, 'correct_button': 5, 'thisN': 2, 'thisTrialN': 2, 'thisRepN': 0}>
25.0304 	DATA 	Keypress: 3
25.0387 	INFO 	Keyboard events cleared
25.0381 	EXP 	instruction: autoDraw = False
25.0381 	EXP 	button_text: autoDraw = False
25.0381 	EXP 	button_text: height = 0.05000000000000001
25.0381 	EXP 	button_text: height = 0.05000000000000001
25.0381 	EXP 	button_text: height = 0.05000000000000001
25.0381 	EXP 	button_text: text = 4
25.0381 	EXP 	instruction: autoDraw = True
25.0381 	EXP 	button_text: autoDraw = True
25.8742 	EXP 	New trial (rep=0, index=3): <Trial 3 (3 in rep 0) data={'this_button': 1, 'correct_button': 2, 'thisN': 3, 'thisTrialN': 3, 'thisRepN': 0}>
25.8814 	DATA 	Keypress: 5
25.8885 	INFO 	Keyboard events cleared
25.8879 	EXP 	instruction: autoDraw = False
25.8879 	EXP 	button_text: autoDraw = False
25.8879 	EXP 	button_text: height = 0.05000000000000001
25.8879 	EXP 	button_text: height = 0.05000000000000001
25.8879 	EXP 	button_text: height = 0.05000000000000001
25.8879 	EXP 	button_text: text = 1
25.8879 	EXP 	instruction: autoDraw = True
25.8879 	EXP 	button_text: autoDraw = True
26.6940 	DATA 	Keypress: 2
26.7050 	INFO 	Keyboard events cleared
26.7045 	EXP 	instruction: autoDraw = False
26.7045 	EXP 	button_text: autoDraw = False
26.7045 	EXP 	select_video_text: autoDraw = True
34.0152 	DATA 	Keypress: 2
34.0181 	INFO 	Keyboard events cleared
34.0178 	EXP 	select_video_text: autoDraw = False
34.0178 	EXP 	video_text: autoDraw = True
38.9089 	EXP 	movie: autoDraw = True
39.0204 	EXP 	video_text: autoDraw = False
464.4027 	EXP 	movie: autoDraw = False
621.1865 	DATA 	Keypress: space
621.1930 	INFO 	Keyboard events cleared
621.1922 	EXP 	movie: autoDraw = False
621.1922 	EXP 	video_text: autoDraw = False
621.1922 	EXP 	end_text: autoDraw = True
623.7888 	DATA 	Keypress: space
623.8030 	EXP 	end_text: autoDraw = False
623.8032 	EXP 	part0: status = STOPPED
623.8101 	INFO 	saved data to 'C:\\Users\\Nemecz\\Documents\\Guess_fMRI\\data/Guess_7328_part0_2025-05-10_14h29.28.579.csv'
623.8119 	INFO 	saved data to C:\Users\Nemecz\Documents\Guess_fMRI\data/Guess_7328_part0_2025-05-10_14h29.28.579.psydat
