18.3896 	INFO 	Loaded monitor calibration from ['2025_03_24 13:01']
18.4501 	WARNING 	User requested fullscreen with size [1920 1080], but screen is actually [1024, 768]. Using actual size
18.9250 	EXP 	Created window1 = Window(allowGUI=False, allowStencil=False, autoLog=True, backendConf=UNKNOWN, backgroundFit=<method-wrapper '__getattribute__' of attributeSetter object at 0x000001632287C670>, backgroundImage=<method-wrapper '__getattribute__' of attributeSetter object at 0x000001632287C610>, bitsMode=UNKNOWN, blendMode='avg', bpc=(8, 8, 8), color=array([0, 0, 0]), colorSpace='rgb', depthBits=8, fullscr=True, gamma=None, gammaErrorPolicy='raise', infoMsg=UNKNOWN, lms=UNKNOWN, monitor=<psychopy.monitors.calibTools.Monitor object at 0x0000016322938A30>, multiSample=False, name='window1', numSamples=2, pos=[0.0, 0.0], screen=1, size=array([1024,  768]), stencilBits=0, stereo=False, title='PsychoPy', units='height', useFBO=True, useRetina=False, viewOri=0.0, viewPos=None, viewScale=None, waitBlanking=True, winType='pyglet')
18.9251 	EXP 	window1: backgroundImage = ''
18.9251 	EXP 	window1: backgroundFit = 'none'
18.9923 	EXP 	window1: Attempting to measure frame rate of screen (1) ...
18.9923 	EXP 	window1: recordFrameIntervals = False
19.4998 	EXP 	window1: recordFrameIntervals = True
19.6829 	EXP 	Screen (1) actual frame rate measured at 60.06Hz
19.6830 	EXP 	window1: recordFrameIntervals = False
23.3103 	INFO 	keyboard.Keyboard is using iohub backend.
23.3104 	INFO 	keyboard.Keyboard is using iohub backend.
23.3104 	INFO 	keyboard.Keyboard is using iohub backend.
23.3105 	INFO 	keyboard.Keyboard is using iohub backend.
23.3105 	INFO 	keyboard.Keyboard is using iohub backend.
23.3105 	INFO 	keyboard.Keyboard is using iohub backend.
23.3106 	INFO 	keyboard.Keyboard is using iohub backend.
23.3106 	EXP 	part0: status = STARTED
23.5193 	EXP 	Created welcome_text = TextStim(__class__=<class 'psychopy.visual.text.TextStim'>, alignHoriz=method-wrapper(...), alignText='center', alignVert=method-wrapper(...), anchorHoriz='center', anchorVert='center', antialias=True, autoDraw=False, autoLog=True, bold=False, color=array([1., 1., 1.]), colorSpace='rgb', contrast=1.0, depth=0.0, draggable=False, flipHoriz=False, flipVert=False, font='Arial', fontFiles=[], height=0.05000000000000001, italic=False, languageStyle='LTR', name='welcome_text', opacity=1, ori=0.0, pos=array([0., 0.]), rgb=UNKNOWN, text=str(...), units='height', win=Window(...), wrapWidth=1)
23.5901 	EXP 	Created hand_image = ImageStim(__class__=<class 'psychopy.visual.image.ImageStim'>, anchor=('center', 'center'), autoLog=True, color=array([1., 1., 1.]), colorSpace='rgb', contrast=1.0, depth=0.0, draggable=False, flipHoriz=False, flipVert=False, image='right_hand_silhouette.png', interpolate=True, mask=None, maskParams=None, name='hand_image', opacity=1, ori=0.0, pos=array([ 0.  , -0.25]), size=array([0.5, 0.5]), texRes=128.0, units='height', win=Window(...))
23.6098 	EXP 	Created hand_intro_text = TextStim(__class__=<class 'psychopy.visual.text.TextStim'>, alignHoriz=method-wrapper(...), alignText='center', alignVert=method-wrapper(...), anchorHoriz='center', anchorVert='center', antialias=True, autoDraw=False, autoLog=True, bold=False, color=array([1., 1., 1.]), colorSpace='rgb', contrast=1.0, depth=-2.0, draggable=False, flipHoriz=False, flipVert=False, font='Arial', fontFiles=[], height=0.04, italic=False, languageStyle='LTR', name='hand_intro_text', opacity=1, ori=0.0, pos=array([0.  , 0.23]), rgb=UNKNOWN, text=str(...), units='height', win=Window(...), wrapWidth=1)
23.6139 	EXP 	Created instruction = TextStim(__class__=<class 'psychopy.visual.text.TextStim'>, alignHoriz=method-wrapper(...), alignText='center', alignVert=method-wrapper(...), anchorHoriz='center', anchorVert='center', antialias=True, autoDraw=False, autoLog=True, bold=False, color=array([1., 1., 1.]), colorSpace='rgb', contrast=1.0, depth=0.0, draggable=False, flipHoriz=False, flipVert=False, font='Arial', fontFiles=[], height=0.05000000000000001, italic=False, languageStyle='LTR', name='instruction', opacity=1, ori=0.0, pos=array([0. , 0.2]), rgb=UNKNOWN, text='Drücken Sie diese Tasten:', units='height', win=Window(...), wrapWidth=1)
23.6148 	EXP 	Created button_text = TextStim(__class__=<class 'psychopy.visual.text.TextStim'>, alignHoriz=method-wrapper(...), alignText='center', alignVert=method-wrapper(...), anchorHoriz='center', anchorVert='center', antialias=True, autoDraw=False, autoLog=True, bold=False, color=array([1., 1., 1.]), colorSpace='rgb', contrast=1.0, depth=-1.0, draggable=False, flipHoriz=False, flipVert=False, font='Arial', fontFiles=[], height=0.05, italic=False, languageStyle='LTR', name='button_text', opacity=1, ori=0.0, pos=array([0., 0.]), rgb=UNKNOWN, text='', units='height', win=Window(...), wrapWidth=1)
23.6286 	EXP 	Created select_video_text = TextStim(__class__=<class 'psychopy.visual.text.TextStim'>, alignHoriz=method-wrapper(...), alignText='center', alignVert=method-wrapper(...), anchorHoriz='center', anchorVert='center', antialias=True, autoDraw=False, autoLog=True, bold=False, color=array([1., 1., 1.]), colorSpace='rgb', contrast=1.0, depth=0.0, draggable=False, flipHoriz=False, flipVert=False, font='Arial', fontFiles=[], height=0.05000000000000001, italic=False, languageStyle='LTR', name='select_video_text', opacity=1, ori=0.0, pos=array([0., 0.]), rgb=UNKNOWN, text=str(...), units='height', win=Window(...), wrapWidth=1)
24.4242 	EXP 	Created video_text = TextStim(__class__=<class 'psychopy.visual.text.TextStim'>, alignHoriz=method-wrapper(...), alignText='center', alignVert=method-wrapper(...), anchorHoriz='center', anchorVert='center', antialias=True, autoDraw=False, autoLog=True, bold=False, color=array([1., 1., 1.]), colorSpace='rgb', contrast=1.0, depth=-1.0, draggable=False, flipHoriz=False, flipVert=False, font='Arial', fontFiles=[], height=0.05000000000000001, italic=False, languageStyle='LTR', name='video_text', opacity=1, ori=0.0, pos=array([0., 0.]), rgb=UNKNOWN, text=str(...), units='height', win=Window(...), wrapWidth=1)
24.4286 	EXP 	Created end_text = TextStim(__class__=<class 'psychopy.visual.text.TextStim'>, alignHoriz=method-wrapper(...), alignText='center', alignVert=method-wrapper(...), anchorHoriz='center', anchorVert='center', antialias=True, autoDraw=False, autoLog=True, bold=False, color=array([1., 1., 1.]), colorSpace='rgb', contrast=1.0, depth=0.0, draggable=False, flipHoriz=False, flipVert=False, font='Arial', fontFiles=[], height=0.05000000000000001, italic=False, languageStyle='LTR', name='end_text', opacity=1, ori=0.0, pos=array([0., 0.]), rgb=UNKNOWN, text=str(...), units='height', win=Window(...), wrapWidth=1)
0.0029 	EXP 	movie: autoLog = True
0.0084 	INFO 	Keyboard events cleared
0.0081 	EXP 	welcome_text: autoDraw = True
31.6567 	DATA 	Keypress: 2
32.3726 	DATA 	Keypress: 3
32.9226 	DATA 	Keypress: 4
33.4058 	DATA 	Keypress: 5
616.7410 	DATA 	Keypress: lwindows
616.9888 	DATA 	Keypress: p
1005.5877 	DATA 	Keypress: space
1005.5995 	INFO 	Keyboard events cleared
1005.5988 	EXP 	welcome_text: autoDraw = False
1005.5988 	EXP 	hand_image: autoDraw = True
1005.5988 	EXP 	hand_intro_text: autoDraw = True
1013.9012 	EXP 	Imported button_practice.xlsx as conditions, 4 conditions, 2 params
1013.9022 	EXP 	New trial (rep=0, index=0): <Trial 0 (0 in rep 0) data={'this_button': 2, 'correct_button': 3, 'thisN': 0, 'thisTrialN': 0, 'thisRepN': 0}>
1013.9092 	DATA 	Keypress: 2
1013.9121 	INFO 	Keyboard events cleared
1013.9117 	EXP 	hand_image: autoDraw = False
1013.9117 	EXP 	hand_intro_text: autoDraw = False
1013.9117 	EXP 	button_text: height = 0.05000000000000001
1013.9117 	EXP 	button_text: height = 0.05000000000000001
1013.9117 	EXP 	button_text: height = 0.05000000000000001
1013.9117 	EXP 	button_text: text = 2
1013.9117 	EXP 	instruction: autoDraw = True
1013.9117 	EXP 	button_text: autoDraw = True
1015.3520 	EXP 	New trial (rep=0, index=1): <Trial 1 (1 in rep 0) data={'this_button': 1, 'correct_button': 2, 'thisN': 1, 'thisTrialN': 1, 'thisRepN': 0}>
1015.3568 	DATA 	Keypress: 3
1015.3659 	INFO 	Keyboard events cleared
1015.3656 	EXP 	instruction: autoDraw = False
1015.3656 	EXP 	button_text: autoDraw = False
1015.3656 	EXP 	button_text: height = 0.05000000000000001
1015.3656 	EXP 	button_text: height = 0.05000000000000001
1015.3656 	EXP 	button_text: height = 0.05000000000000001
1015.3656 	EXP 	button_text: text = 1
1015.3656 	EXP 	instruction: autoDraw = True
1015.3656 	EXP 	button_text: autoDraw = True
1016.2016 	EXP 	New trial (rep=0, index=2): <Trial 2 (2 in rep 0) data={'this_button': 3, 'correct_button': 4, 'thisN': 2, 'thisTrialN': 2, 'thisRepN': 0}>
1016.2073 	DATA 	Keypress: 2
1016.2161 	INFO 	Keyboard events cleared
1016.2157 	EXP 	instruction: autoDraw = False
1016.2157 	EXP 	button_text: autoDraw = False
1016.2157 	EXP 	button_text: height = 0.05000000000000001
1016.2157 	EXP 	button_text: height = 0.05000000000000001
1016.2157 	EXP 	button_text: height = 0.05000000000000001
1016.2157 	EXP 	button_text: text = 3
1016.2157 	EXP 	instruction: autoDraw = True
1016.2157 	EXP 	button_text: autoDraw = True
1017.2327 	EXP 	New trial (rep=0, index=3): <Trial 3 (3 in rep 0) data={'this_button': 4, 'correct_button': 5, 'thisN': 3, 'thisTrialN': 3, 'thisRepN': 0}>
1017.2382 	DATA 	Keypress: 4
1017.2499 	INFO 	Keyboard events cleared
1017.2496 	EXP 	instruction: autoDraw = False
1017.2496 	EXP 	button_text: autoDraw = False
1017.2496 	EXP 	button_text: height = 0.05000000000000001
1017.2496 	EXP 	button_text: height = 0.05000000000000001
1017.2496 	EXP 	button_text: height = 0.05000000000000001
1017.2496 	EXP 	button_text: text = 4
1017.2496 	EXP 	instruction: autoDraw = True
1017.2496 	EXP 	button_text: autoDraw = True
1017.9553 	DATA 	Keypress: 5
1017.9672 	INFO 	Keyboard events cleared
1017.9666 	EXP 	instruction: autoDraw = False
1017.9666 	EXP 	button_text: autoDraw = False
1017.9666 	EXP 	select_video_text: autoDraw = True
1027.6000 	DATA 	Keypress: 3
1027.6018 	INFO 	Keyboard events cleared
1027.6015 	EXP 	select_video_text: autoDraw = False
1027.6015 	EXP 	video_text: autoDraw = True
1032.4209 	EXP 	movie: autoDraw = True
1032.6151 	EXP 	video_text: autoDraw = False
1586.8882 	DATA 	Keypress: space
1587.0426 	INFO 	Keyboard events cleared
1587.0421 	EXP 	movie: autoDraw = False
1587.0421 	EXP 	video_text: autoDraw = False
1587.0421 	EXP 	end_text: autoDraw = True
1614.4497 	DATA 	Keypress: escape
1614.6001 	EXP 	part0: status = STOPPED
1614.6162 	EXP 	end_text: autoDraw = False
1614.6163 	EXP 	part0: status = STOPPED
1614.6237 	INFO 	saved data to 'C:\\Users\\Nemecz\\Documents\\Guess_fMRI\\data/Guess_2345_part0_2025-05-12_12h52.06.678.csv'
1614.6254 	INFO 	saved data to C:\Users\Nemecz\Documents\Guess_fMRI\data/Guess_2345_part0_2025-05-12_12h52.06.678.psydat
