56.4067 	INFO 	Loaded monitor calibration from ['2025_03_24 13:01']
56.4504 	WARNING 	User requested fullscreen with size [1920 1080], but screen is actually [1024, 768]. Using actual size
56.6425 	EXP 	Created window1 = Window(allowGUI=False, allowStencil=False, autoLog=True, backendConf=UNKNOWN, backgroundFit=<method-wrapper '__getattribute__' of attributeSetter object at 0x0000026795A00610>, backgroundImage=<method-wrapper '__getattribute__' of attributeSetter object at 0x0000026795A005B0>, bitsMode=UNKNOWN, blendMode='avg', bpc=(8, 8, 8), color=array([0, 0, 0]), colorSpace='rgb', depthBits=8, fullscr=True, gamma=None, gammaErrorPolicy='raise', infoMsg=UNKNOWN, lms=UNKNOWN, monitor=<psychopy.monitors.calibTools.Monitor object at 0x0000026795ACC9D0>, multiSample=False, name='window1', numSamples=2, pos=[0.0, 0.0], screen=1, size=array([1024,  768]), stencilBits=0, stereo=False, title='PsychoPy', units='height', useFBO=True, useRetina=False, viewOri=0.0, viewPos=None, viewScale=None, waitBlanking=True, winType='pyglet')
56.6425 	EXP 	window1: backgroundImage = ''
56.6426 	EXP 	window1: backgroundFit = 'none'
56.7076 	EXP 	window1: Attempting to measure frame rate of screen (1) ...
56.7077 	EXP 	window1: recordFrameIntervals = False
56.8787 	EXP 	window1: recordFrameIntervals = True
57.0620 	EXP 	Screen (1) actual frame rate measured at 60.13Hz
57.0621 	EXP 	window1: recordFrameIntervals = False
59.8632 	INFO 	keyboard.Keyboard is using iohub backend.
59.8632 	INFO 	keyboard.Keyboard is using iohub backend.
59.8633 	INFO 	keyboard.Keyboard is using iohub backend.
59.8633 	INFO 	keyboard.Keyboard is using iohub backend.
59.8633 	INFO 	keyboard.Keyboard is using iohub backend.
59.8633 	INFO 	keyboard.Keyboard is using iohub backend.
59.8634 	INFO 	keyboard.Keyboard is using iohub backend.
59.8634 	EXP 	part0: status = STARTED
59.9295 	EXP 	Created welcome_text = TextStim(__class__=<class 'psychopy.visual.text.TextStim'>, alignHoriz=method-wrapper(...), alignText='center', alignVert=method-wrapper(...), anchorHoriz='center', anchorVert='center', antialias=True, autoDraw=False, autoLog=True, bold=False, color=array([1., 1., 1.]), colorSpace='rgb', contrast=1.0, depth=0.0, draggable=False, flipHoriz=False, flipVert=False, font='Arial', fontFiles=[], height=0.05000000000000001, italic=False, languageStyle='LTR', name='welcome_text', opacity=1, ori=0.0, pos=array([0., 0.]), rgb=UNKNOWN, text=str(...), units='height', win=Window(...), wrapWidth=1)
59.9949 	EXP 	Created hand_image = ImageStim(__class__=<class 'psychopy.visual.image.ImageStim'>, anchor=('center', 'center'), autoLog=True, color=array([1., 1., 1.]), colorSpace='rgb', contrast=1.0, depth=0.0, draggable=False, flipHoriz=False, flipVert=False, image='right_hand_silhouette.png', interpolate=True, mask=None, maskParams=None, name='hand_image', opacity=1, ori=0.0, pos=array([ 0.  , -0.25]), size=array([0.5, 0.5]), texRes=128.0, units='height', win=Window(...))
60.0120 	EXP 	Created hand_intro_text = TextStim(__class__=<class 'psychopy.visual.text.TextStim'>, alignHoriz=method-wrapper(...), alignText='center', alignVert=method-wrapper(...), anchorHoriz='center', anchorVert='center', antialias=True, autoDraw=False, autoLog=True, bold=False, color=array([1., 1., 1.]), colorSpace='rgb', contrast=1.0, depth=-2.0, draggable=False, flipHoriz=False, flipVert=False, font='Arial', fontFiles=[], height=0.04, italic=False, languageStyle='LTR', name='hand_intro_text', opacity=1, ori=0.0, pos=array([0.  , 0.23]), rgb=UNKNOWN, text=str(...), units='height', win=Window(...), wrapWidth=1)
60.0159 	EXP 	Created instruction = TextStim(__class__=<class 'psychopy.visual.text.TextStim'>, alignHoriz=method-wrapper(...), alignText='center', alignVert=method-wrapper(...), anchorHoriz='center', anchorVert='center', antialias=True, autoDraw=False, autoLog=True, bold=False, color=array([1., 1., 1.]), colorSpace='rgb', contrast=1.0, depth=0.0, draggable=False, flipHoriz=False, flipVert=False, font='Arial', fontFiles=[], height=0.05000000000000001, italic=False, languageStyle='LTR', name='instruction', opacity=1, ori=0.0, pos=array([0. , 0.2]), rgb=UNKNOWN, text='Drücken Sie diese Tasten:', units='height', win=Window(...), wrapWidth=1)
60.0168 	EXP 	Created button_text = TextStim(__class__=<class 'psychopy.visual.text.TextStim'>, alignHoriz=method-wrapper(...), alignText='center', alignVert=method-wrapper(...), anchorHoriz='center', anchorVert='center', antialias=True, autoDraw=False, autoLog=True, bold=False, color=array([1., 1., 1.]), colorSpace='rgb', contrast=1.0, depth=-1.0, draggable=False, flipHoriz=False, flipVert=False, font='Arial', fontFiles=[], height=0.05, italic=False, languageStyle='LTR', name='button_text', opacity=1, ori=0.0, pos=array([0., 0.]), rgb=UNKNOWN, text='', units='height', win=Window(...), wrapWidth=1)
60.0283 	EXP 	Created select_video_text = TextStim(__class__=<class 'psychopy.visual.text.TextStim'>, alignHoriz=method-wrapper(...), alignText='center', alignVert=method-wrapper(...), anchorHoriz='center', anchorVert='center', antialias=True, autoDraw=False, autoLog=True, bold=False, color=array([1., 1., 1.]), colorSpace='rgb', contrast=1.0, depth=0.0, draggable=False, flipHoriz=False, flipVert=False, font='Arial', fontFiles=[], height=0.05000000000000001, italic=False, languageStyle='LTR', name='select_video_text', opacity=1, ori=0.0, pos=array([0., 0.]), rgb=UNKNOWN, text=str(...), units='height', win=Window(...), wrapWidth=1)
60.0791 	EXP 	Created video_text = TextStim(__class__=<class 'psychopy.visual.text.TextStim'>, alignHoriz=method-wrapper(...), alignText='center', alignVert=method-wrapper(...), anchorHoriz='center', anchorVert='center', antialias=True, autoDraw=False, autoLog=True, bold=False, color=array([1., 1., 1.]), colorSpace='rgb', contrast=1.0, depth=-1.0, draggable=False, flipHoriz=False, flipVert=False, font='Arial', fontFiles=[], height=0.05000000000000001, italic=False, languageStyle='LTR', name='video_text', opacity=1, ori=0.0, pos=array([0., 0.]), rgb=UNKNOWN, text=str(...), units='height', win=Window(...), wrapWidth=1)
60.0834 	EXP 	Created end_text = TextStim(__class__=<class 'psychopy.visual.text.TextStim'>, alignHoriz=method-wrapper(...), alignText='center', alignVert=method-wrapper(...), anchorHoriz='center', anchorVert='center', antialias=True, autoDraw=False, autoLog=True, bold=False, color=array([1., 1., 1.]), colorSpace='rgb', contrast=1.0, depth=0.0, draggable=False, flipHoriz=False, flipVert=False, font='Arial', fontFiles=[], height=0.05000000000000001, italic=False, languageStyle='LTR', name='end_text', opacity=1, ori=0.0, pos=array([0., 0.]), rgb=UNKNOWN, text=str(...), units='height', win=Window(...), wrapWidth=1)
0.0025 	EXP 	movie: autoLog = True
0.0128 	INFO 	Keyboard events cleared
0.0125 	EXP 	welcome_text: autoDraw = True
194.4821 	DATA 	Keypress: space
194.4854 	INFO 	Keyboard events cleared
194.4848 	EXP 	welcome_text: autoDraw = False
194.4848 	EXP 	hand_image: autoDraw = True
194.4848 	EXP 	hand_intro_text: autoDraw = True
200.7547 	EXP 	Imported button_practice.xlsx as conditions, 4 conditions, 2 params
200.7555 	EXP 	New trial (rep=0, index=0): <Trial 0 (0 in rep 0) data={'this_button': 4, 'correct_button': 5, 'thisN': 0, 'thisTrialN': 0, 'thisRepN': 0}>
200.7650 	DATA 	Keypress: 2
200.7695 	INFO 	Keyboard events cleared
200.7689 	EXP 	hand_image: autoDraw = False
200.7689 	EXP 	hand_intro_text: autoDraw = False
200.7689 	EXP 	button_text: height = 0.05000000000000001
200.7689 	EXP 	button_text: height = 0.05000000000000001
200.7689 	EXP 	button_text: height = 0.05000000000000001
200.7689 	EXP 	button_text: text = 4
200.7689 	EXP 	instruction: autoDraw = True
200.7689 	EXP 	button_text: autoDraw = True
202.9367 	EXP 	New trial (rep=0, index=1): <Trial 1 (1 in rep 0) data={'this_button': 2, 'correct_button': 3, 'thisN': 1, 'thisTrialN': 1, 'thisRepN': 0}>
202.9429 	DATA 	Keypress: 5
202.9504 	INFO 	Keyboard events cleared
202.9497 	EXP 	instruction: autoDraw = False
202.9497 	EXP 	button_text: autoDraw = False
202.9497 	EXP 	button_text: height = 0.05000000000000001
202.9497 	EXP 	button_text: height = 0.05000000000000001
202.9497 	EXP 	button_text: height = 0.05000000000000001
202.9497 	EXP 	button_text: text = 2
202.9497 	EXP 	instruction: autoDraw = True
202.9497 	EXP 	button_text: autoDraw = True
205.7518 	EXP 	New trial (rep=0, index=2): <Trial 2 (2 in rep 0) data={'this_button': 1, 'correct_button': 2, 'thisN': 2, 'thisTrialN': 2, 'thisRepN': 0}>
205.7574 	DATA 	Keypress: 3
205.7686 	INFO 	Keyboard events cleared
205.7681 	EXP 	instruction: autoDraw = False
205.7681 	EXP 	button_text: autoDraw = False
205.7681 	EXP 	button_text: height = 0.05000000000000001
205.7681 	EXP 	button_text: height = 0.05000000000000001
205.7681 	EXP 	button_text: height = 0.05000000000000001
205.7681 	EXP 	button_text: text = 1
205.7681 	EXP 	instruction: autoDraw = True
205.7681 	EXP 	button_text: autoDraw = True
208.2031 	DATA 	Keypress: 2
208.2198 	EXP 	New trial (rep=0, index=3): <Trial 3 (3 in rep 0) data={'this_button': 3, 'correct_button': 4, 'thisN': 3, 'thisTrialN': 3, 'thisRepN': 0}>
208.2352 	INFO 	Keyboard events cleared
208.2346 	EXP 	instruction: autoDraw = False
208.2346 	EXP 	button_text: autoDraw = False
208.2346 	EXP 	button_text: height = 0.05000000000000001
208.2346 	EXP 	button_text: height = 0.05000000000000001
208.2346 	EXP 	button_text: height = 0.05000000000000001
208.2346 	EXP 	button_text: text = 3
208.2346 	EXP 	instruction: autoDraw = True
208.2346 	EXP 	button_text: autoDraw = True
210.2246 	DATA 	Keypress: 4
210.2356 	INFO 	Keyboard events cleared
210.2350 	EXP 	instruction: autoDraw = False
210.2350 	EXP 	button_text: autoDraw = False
210.2350 	EXP 	select_video_text: autoDraw = True
220.4136 	DATA 	Keypress: 4
220.4161 	INFO 	Keyboard events cleared
220.4157 	EXP 	select_video_text: autoDraw = False
220.4157 	EXP 	video_text: autoDraw = True
225.1855 	EXP 	movie: autoDraw = True
225.4163 	EXP 	video_text: autoDraw = False
799.0544 	EXP 	movie: autoDraw = False
800.9255 	DATA 	Keypress: space
800.9318 	INFO 	Keyboard events cleared
800.9312 	EXP 	movie: autoDraw = False
800.9312 	EXP 	video_text: autoDraw = False
800.9312 	EXP 	end_text: autoDraw = True
807.2833 	EXP 	part0: status = STOPPED
807.2998 	EXP 	end_text: autoDraw = False
807.3000 	EXP 	part0: status = STOPPED
807.3086 	INFO 	saved data to 'C:\\Users\\Nemecz\\Documents\\Guess_fMRI\\data/Guess_8294_part0_2025-05-10_10h25.12.507.csv'
807.3104 	INFO 	saved data to C:\Users\Nemecz\Documents\Guess_fMRI\data/Guess_8294_part0_2025-05-10_10h25.12.507.psydat
