11.5181 	INFO 	Loaded monitor calibration from ['2025_03_24 13:01']
11.7874 	EXP 	Created window1 = Window(allowGUI=False, allowStencil=False, autoLog=True, backendConf=UNKNOWN, backgroundFit=<method-wrapper '__getattribute__' of attributeSetter object at 0x00000216087AD6A0>, backgroundImage=<method-wrapper '__getattribute__' of attributeSetter object at 0x00000216087AD640>, bitsMode=UNKNOWN, blendMode='avg', bpc=(8, 8, 8), color=array([0, 0, 0]), colorSpace='rgb', depthBits=8, fullscr=True, gamma=None, gammaErrorPolicy='raise', infoMsg=UNKNOWN, lms=UNKNOWN, monitor=<psychopy.monitors.calibTools.Monitor object at 0x0000021608888A60>, multiSample=False, name='window1', numSamples=2, pos=[0.0, 0.0], screen=1, size=array([1024,  768]), stencilBits=0, stereo=False, title='PsychoPy', units='height', useFBO=True, useRetina=False, viewOri=0.0, viewPos=None, viewScale=None, waitBlanking=True, winType='pyglet')
11.7874 	EXP 	window1: backgroundImage = ''
11.7874 	EXP 	window1: backgroundFit = 'none'
11.9017 	EXP 	window1: Attempting to measure frame rate of screen (1) ...
11.9017 	EXP 	window1: recordFrameIntervals = False
12.1388 	EXP 	window1: recordFrameIntervals = True
12.3225 	EXP 	Screen (1) actual frame rate measured at 59.96Hz
12.3225 	EXP 	window1: recordFrameIntervals = False
15.5824 	INFO 	keyboard.Keyboard is using iohub backend.
15.5824 	INFO 	keyboard.Keyboard is using iohub backend.
15.5825 	INFO 	keyboard.Keyboard is using iohub backend.
15.5825 	INFO 	keyboard.Keyboard is using iohub backend.
15.5826 	INFO 	keyboard.Keyboard is using iohub backend.
15.5826 	INFO 	keyboard.Keyboard is using iohub backend.
15.5826 	INFO 	keyboard.Keyboard is using iohub backend.
15.5826 	EXP 	part0: status = STARTED
15.6739 	EXP 	Created welcome_text = TextStim(__class__=<class 'psychopy.visual.text.TextStim'>, alignHoriz=method-wrapper(...), alignText='center', alignVert=method-wrapper(...), anchorHoriz='center', anchorVert='center', antialias=True, autoDraw=False, autoLog=True, bold=False, color=array([1., 1., 1.]), colorSpace='rgb', contrast=1.0, depth=0.0, draggable=False, flipHoriz=False, flipVert=False, font='Arial', fontFiles=[], height=0.05000000000000001, italic=False, languageStyle='LTR', name='welcome_text', opacity=1, ori=0.0, pos=array([0., 0.]), rgb=UNKNOWN, text=str(...), units='height', win=Window(...), wrapWidth=1)
15.7387 	EXP 	Created hand_image = ImageStim(__class__=<class 'psychopy.visual.image.ImageStim'>, anchor=('center', 'center'), autoLog=True, color=array([1., 1., 1.]), colorSpace='rgb', contrast=1.0, depth=0.0, draggable=False, flipHoriz=False, flipVert=False, image='right_hand_silhouette.png', interpolate=True, mask=None, maskParams=None, name='hand_image', opacity=1, ori=0.0, pos=array([ 0.  , -0.25]), size=array([0.5, 0.5]), texRes=128.0, units='height', win=Window(...))
15.7567 	EXP 	Created hand_intro_text = TextStim(__class__=<class 'psychopy.visual.text.TextStim'>, alignHoriz=method-wrapper(...), alignText='center', alignVert=method-wrapper(...), anchorHoriz='center', anchorVert='center', antialias=True, autoDraw=False, autoLog=True, bold=False, color=array([1., 1., 1.]), colorSpace='rgb', contrast=1.0, depth=-2.0, draggable=False, flipHoriz=False, flipVert=False, font='Arial', fontFiles=[], height=0.04, italic=False, languageStyle='LTR', name='hand_intro_text', opacity=1, ori=0.0, pos=array([0.  , 0.23]), rgb=UNKNOWN, text=str(...), units='height', win=Window(...), wrapWidth=1)
15.7603 	EXP 	Created instruction = TextStim(__class__=<class 'psychopy.visual.text.TextStim'>, alignHoriz=method-wrapper(...), alignText='center', alignVert=method-wrapper(...), anchorHoriz='center', anchorVert='center', antialias=True, autoDraw=False, autoLog=True, bold=False, color=array([1., 1., 1.]), colorSpace='rgb', contrast=1.0, depth=0.0, draggable=False, flipHoriz=False, flipVert=False, font='Arial', fontFiles=[], height=0.05000000000000001, italic=False, languageStyle='LTR', name='instruction', opacity=1, ori=0.0, pos=array([0. , 0.2]), rgb=UNKNOWN, text='Drücken Sie diese Tasten:', units='height', win=Window(...), wrapWidth=1)
15.7612 	EXP 	Created button_text = TextStim(__class__=<class 'psychopy.visual.text.TextStim'>, alignHoriz=method-wrapper(...), alignText='center', alignVert=method-wrapper(...), anchorHoriz='center', anchorVert='center', antialias=True, autoDraw=False, autoLog=True, bold=False, color=array([1., 1., 1.]), colorSpace='rgb', contrast=1.0, depth=-1.0, draggable=False, flipHoriz=False, flipVert=False, font='Arial', fontFiles=[], height=0.05, italic=False, languageStyle='LTR', name='button_text', opacity=1, ori=0.0, pos=array([0., 0.]), rgb=UNKNOWN, text='', units='height', win=Window(...), wrapWidth=1)
15.7727 	EXP 	Created select_video_text = TextStim(__class__=<class 'psychopy.visual.text.TextStim'>, alignHoriz=method-wrapper(...), alignText='center', alignVert=method-wrapper(...), anchorHoriz='center', anchorVert='center', antialias=True, autoDraw=False, autoLog=True, bold=False, color=array([1., 1., 1.]), colorSpace='rgb', contrast=1.0, depth=0.0, draggable=False, flipHoriz=False, flipVert=False, font='Arial', fontFiles=[], height=0.05000000000000001, italic=False, languageStyle='LTR', name='select_video_text', opacity=1, ori=0.0, pos=array([0., 0.]), rgb=UNKNOWN, text=str(...), units='height', win=Window(...), wrapWidth=1)
15.8237 	EXP 	Created video_text = TextStim(__class__=<class 'psychopy.visual.text.TextStim'>, alignHoriz=method-wrapper(...), alignText='center', alignVert=method-wrapper(...), anchorHoriz='center', anchorVert='center', antialias=True, autoDraw=False, autoLog=True, bold=False, color=array([1., 1., 1.]), colorSpace='rgb', contrast=1.0, depth=-1.0, draggable=False, flipHoriz=False, flipVert=False, font='Arial', fontFiles=[], height=0.05000000000000001, italic=False, languageStyle='LTR', name='video_text', opacity=1, ori=0.0, pos=array([0., 0.]), rgb=UNKNOWN, text=str(...), units='height', win=Window(...), wrapWidth=1)
15.8281 	EXP 	Created end_text = TextStim(__class__=<class 'psychopy.visual.text.TextStim'>, alignHoriz=method-wrapper(...), alignText='center', alignVert=method-wrapper(...), anchorHoriz='center', anchorVert='center', antialias=True, autoDraw=False, autoLog=True, bold=False, color=array([1., 1., 1.]), colorSpace='rgb', contrast=1.0, depth=0.0, draggable=False, flipHoriz=False, flipVert=False, font='Arial', fontFiles=[], height=0.05000000000000001, italic=False, languageStyle='LTR', name='end_text', opacity=1, ori=0.0, pos=array([0., 0.]), rgb=UNKNOWN, text=str(...), units='height', win=Window(...), wrapWidth=1)
0.0030 	EXP 	movie: autoLog = True
0.0116 	INFO 	Keyboard events cleared
0.0112 	EXP 	welcome_text: autoDraw = True
35.1876 	DATA 	Keypress: space
35.1924 	INFO 	Keyboard events cleared
35.1917 	EXP 	welcome_text: autoDraw = False
35.1917 	EXP 	hand_image: autoDraw = True
35.1917 	EXP 	hand_intro_text: autoDraw = True
54.9068 	EXP 	Imported button_practice.xlsx as conditions, 4 conditions, 2 params
54.9075 	EXP 	New trial (rep=0, index=0): <Trial 0 (0 in rep 0) data={'this_button': 1, 'correct_button': 2, 'thisN': 0, 'thisTrialN': 0, 'thisRepN': 0}>
54.9152 	DATA 	Keypress: 2
54.9189 	INFO 	Keyboard events cleared
54.9184 	EXP 	hand_image: autoDraw = False
54.9184 	EXP 	hand_intro_text: autoDraw = False
54.9184 	EXP 	button_text: height = 0.05000000000000001
54.9184 	EXP 	button_text: height = 0.05000000000000001
54.9184 	EXP 	button_text: height = 0.05000000000000001
54.9184 	EXP 	button_text: text = 1
54.9184 	EXP 	instruction: autoDraw = True
54.9184 	EXP 	button_text: autoDraw = True
55.8775 	EXP 	New trial (rep=0, index=1): <Trial 1 (1 in rep 0) data={'this_button': 3, 'correct_button': 4, 'thisN': 1, 'thisTrialN': 1, 'thisRepN': 0}>
55.8846 	DATA 	Keypress: 2
55.8912 	INFO 	Keyboard events cleared
55.8905 	EXP 	instruction: autoDraw = False
55.8905 	EXP 	button_text: autoDraw = False
55.8905 	EXP 	button_text: height = 0.05000000000000001
55.8905 	EXP 	button_text: height = 0.05000000000000001
55.8905 	EXP 	button_text: height = 0.05000000000000001
55.8905 	EXP 	button_text: text = 3
55.8905 	EXP 	instruction: autoDraw = True
55.8905 	EXP 	button_text: autoDraw = True
56.3630 	DATA 	Keypress: 3
57.1423 	EXP 	New trial (rep=0, index=2): <Trial 2 (2 in rep 0) data={'this_button': 4, 'correct_button': 5, 'thisN': 2, 'thisTrialN': 2, 'thisRepN': 0}>
57.1474 	DATA 	Keypress: 4
57.1595 	INFO 	Keyboard events cleared
57.1589 	EXP 	instruction: autoDraw = False
57.1589 	EXP 	button_text: autoDraw = False
57.1589 	EXP 	button_text: height = 0.05000000000000001
57.1589 	EXP 	button_text: height = 0.05000000000000001
57.1589 	EXP 	button_text: height = 0.05000000000000001
57.1589 	EXP 	button_text: text = 4
57.1589 	EXP 	instruction: autoDraw = True
57.1589 	EXP 	button_text: autoDraw = True
58.8292 	DATA 	Keypress: 5
58.8421 	EXP 	New trial (rep=0, index=3): <Trial 3 (3 in rep 0) data={'this_button': 2, 'correct_button': 3, 'thisN': 3, 'thisTrialN': 3, 'thisRepN': 0}>
58.8592 	INFO 	Keyboard events cleared
58.8586 	EXP 	instruction: autoDraw = False
58.8586 	EXP 	button_text: autoDraw = False
58.8586 	EXP 	button_text: height = 0.05000000000000001
58.8586 	EXP 	button_text: height = 0.05000000000000001
58.8586 	EXP 	button_text: height = 0.05000000000000001
58.8586 	EXP 	button_text: text = 2
58.8586 	EXP 	instruction: autoDraw = True
58.8586 	EXP 	button_text: autoDraw = True
59.5960 	DATA 	Keypress: 3
59.6093 	INFO 	Keyboard events cleared
59.6087 	EXP 	instruction: autoDraw = False
59.6087 	EXP 	button_text: autoDraw = False
59.6087 	EXP 	select_video_text: autoDraw = True
72.7528 	DATA 	Keypress: 3
72.7547 	INFO 	Keyboard events cleared
72.7544 	EXP 	select_video_text: autoDraw = False
72.7544 	EXP 	video_text: autoDraw = True
77.5324 	EXP 	movie: autoDraw = True
77.7573 	EXP 	video_text: autoDraw = False
674.2280 	DATA 	Keypress: 2
677.6588 	EXP 	movie: autoDraw = False
705.8526 	DATA 	Keypress: space
705.8596 	INFO 	Keyboard events cleared
705.8586 	EXP 	movie: autoDraw = False
705.8586 	EXP 	video_text: autoDraw = False
705.8586 	EXP 	end_text: autoDraw = True
712.8586 	DATA 	Keypress: escape
713.0407 	EXP 	part0: status = STOPPED
713.0548 	EXP 	end_text: autoDraw = False
713.0550 	EXP 	part0: status = STOPPED
713.0639 	INFO 	saved data to 'C:\\Users\\Nemecz\\Documents\\Guess_fMRI\\data/Guess_6896_part0_2025-10-23_19h32.39.789.csv'
713.0661 	INFO 	saved data to C:\Users\Nemecz\Documents\Guess_fMRI\data/Guess_6896_part0_2025-10-23_19h32.39.789.psydat
