12.5957 	INFO 	Loaded monitor calibration from ['2025_03_24 13:01']
13.2563 	EXP 	Created window1 = Window(allowGUI=False, allowStencil=False, autoLog=True, backendConf=UNKNOWN, backgroundFit=<method-wrapper '__getattribute__' of attributeSetter object at 0x00000298E203D670>, backgroundImage=<method-wrapper '__getattribute__' of attributeSetter object at 0x00000298E203D610>, bitsMode=UNKNOWN, blendMode='avg', bpc=(8, 8, 8), color=array([0, 0, 0]), colorSpace='rgb', depthBits=8, fullscr=True, gamma=None, gammaErrorPolicy='raise', infoMsg=UNKNOWN, lms=UNKNOWN, monitor=<psychopy.monitors.calibTools.Monitor object at 0x00000298E2189A30>, multiSample=False, name='window1', numSamples=2, pos=[0.0, 0.0], screen=1, size=array([1024,  768]), stencilBits=0, stereo=False, title='PsychoPy', units='height', useFBO=True, useRetina=False, viewOri=0.0, viewPos=None, viewScale=None, waitBlanking=True, winType='pyglet')
13.2564 	EXP 	window1: backgroundImage = ''
13.2564 	EXP 	window1: backgroundFit = 'none'
13.3241 	EXP 	window1: Attempting to measure frame rate of screen (1) ...
13.3241 	EXP 	window1: recordFrameIntervals = False
13.7713 	EXP 	window1: recordFrameIntervals = True
13.9548 	EXP 	Screen (1) actual frame rate measured at 60.00Hz
13.9549 	EXP 	window1: recordFrameIntervals = False
17.6805 	INFO 	keyboard.Keyboard is using iohub backend.
17.6806 	INFO 	keyboard.Keyboard is using iohub backend.
17.6807 	INFO 	keyboard.Keyboard is using iohub backend.
17.6808 	INFO 	keyboard.Keyboard is using iohub backend.
17.6808 	INFO 	keyboard.Keyboard is using iohub backend.
17.6809 	INFO 	keyboard.Keyboard is using iohub backend.
17.6810 	INFO 	keyboard.Keyboard is using iohub backend.
17.6810 	EXP 	part0: status = STARTED
17.9638 	EXP 	Created welcome_text = TextStim(__class__=<class 'psychopy.visual.text.TextStim'>, alignHoriz=method-wrapper(...), alignText='center', alignVert=method-wrapper(...), anchorHoriz='center', anchorVert='center', antialias=True, autoDraw=False, autoLog=True, bold=False, color=array([1., 1., 1.]), colorSpace='rgb', contrast=1.0, depth=0.0, draggable=False, flipHoriz=False, flipVert=False, font='Arial', fontFiles=[], height=0.05000000000000001, italic=False, languageStyle='LTR', name='welcome_text', opacity=1, ori=0.0, pos=array([0., 0.]), rgb=UNKNOWN, text=str(...), units='height', win=Window(...), wrapWidth=1)
18.0660 	EXP 	Created hand_image = ImageStim(__class__=<class 'psychopy.visual.image.ImageStim'>, anchor=('center', 'center'), autoLog=True, color=array([1., 1., 1.]), colorSpace='rgb', contrast=1.0, depth=0.0, draggable=False, flipHoriz=False, flipVert=False, image='right_hand_silhouette.png', interpolate=True, mask=None, maskParams=None, name='hand_image', opacity=1, ori=0.0, pos=array([ 0.  , -0.25]), size=array([0.5, 0.5]), texRes=128.0, units='height', win=Window(...))
18.0874 	EXP 	Created hand_intro_text = TextStim(__class__=<class 'psychopy.visual.text.TextStim'>, alignHoriz=method-wrapper(...), alignText='center', alignVert=method-wrapper(...), anchorHoriz='center', anchorVert='center', antialias=True, autoDraw=False, autoLog=True, bold=False, color=array([1., 1., 1.]), colorSpace='rgb', contrast=1.0, depth=-2.0, draggable=False, flipHoriz=False, flipVert=False, font='Arial', fontFiles=[], height=0.04, italic=False, languageStyle='LTR', name='hand_intro_text', opacity=1, ori=0.0, pos=array([0.  , 0.23]), rgb=UNKNOWN, text=str(...), units='height', win=Window(...), wrapWidth=1)
18.0913 	EXP 	Created instruction = TextStim(__class__=<class 'psychopy.visual.text.TextStim'>, alignHoriz=method-wrapper(...), alignText='center', alignVert=method-wrapper(...), anchorHoriz='center', anchorVert='center', antialias=True, autoDraw=False, autoLog=True, bold=False, color=array([1., 1., 1.]), colorSpace='rgb', contrast=1.0, depth=0.0, draggable=False, flipHoriz=False, flipVert=False, font='Arial', fontFiles=[], height=0.05000000000000001, italic=False, languageStyle='LTR', name='instruction', opacity=1, ori=0.0, pos=array([0. , 0.2]), rgb=UNKNOWN, text='Drücken Sie diese Tasten:', units='height', win=Window(...), wrapWidth=1)
18.0922 	EXP 	Created button_text = TextStim(__class__=<class 'psychopy.visual.text.TextStim'>, alignHoriz=method-wrapper(...), alignText='center', alignVert=method-wrapper(...), anchorHoriz='center', anchorVert='center', antialias=True, autoDraw=False, autoLog=True, bold=False, color=array([1., 1., 1.]), colorSpace='rgb', contrast=1.0, depth=-1.0, draggable=False, flipHoriz=False, flipVert=False, font='Arial', fontFiles=[], height=0.05, italic=False, languageStyle='LTR', name='button_text', opacity=1, ori=0.0, pos=array([0., 0.]), rgb=UNKNOWN, text='', units='height', win=Window(...), wrapWidth=1)
18.1066 	EXP 	Created select_video_text = TextStim(__class__=<class 'psychopy.visual.text.TextStim'>, alignHoriz=method-wrapper(...), alignText='center', alignVert=method-wrapper(...), anchorHoriz='center', anchorVert='center', antialias=True, autoDraw=False, autoLog=True, bold=False, color=array([1., 1., 1.]), colorSpace='rgb', contrast=1.0, depth=0.0, draggable=False, flipHoriz=False, flipVert=False, font='Arial', fontFiles=[], height=0.05000000000000001, italic=False, languageStyle='LTR', name='select_video_text', opacity=1, ori=0.0, pos=array([0., 0.]), rgb=UNKNOWN, text=str(...), units='height', win=Window(...), wrapWidth=1)
18.9831 	EXP 	Created video_text = TextStim(__class__=<class 'psychopy.visual.text.TextStim'>, alignHoriz=method-wrapper(...), alignText='center', alignVert=method-wrapper(...), anchorHoriz='center', anchorVert='center', antialias=True, autoDraw=False, autoLog=True, bold=False, color=array([1., 1., 1.]), colorSpace='rgb', contrast=1.0, depth=-1.0, draggable=False, flipHoriz=False, flipVert=False, font='Arial', fontFiles=[], height=0.05000000000000001, italic=False, languageStyle='LTR', name='video_text', opacity=1, ori=0.0, pos=array([0., 0.]), rgb=UNKNOWN, text=str(...), units='height', win=Window(...), wrapWidth=1)
18.9925 	EXP 	Created end_text = TextStim(__class__=<class 'psychopy.visual.text.TextStim'>, alignHoriz=method-wrapper(...), alignText='center', alignVert=method-wrapper(...), anchorHoriz='center', anchorVert='center', antialias=True, autoDraw=False, autoLog=True, bold=False, color=array([1., 1., 1.]), colorSpace='rgb', contrast=1.0, depth=0.0, draggable=False, flipHoriz=False, flipVert=False, font='Arial', fontFiles=[], height=0.05000000000000001, italic=False, languageStyle='LTR', name='end_text', opacity=1, ori=0.0, pos=array([0., 0.]), rgb=UNKNOWN, text=str(...), units='height', win=Window(...), wrapWidth=1)
0.0033 	EXP 	movie: autoLog = True
0.0134 	INFO 	Keyboard events cleared
0.0130 	EXP 	welcome_text: autoDraw = True
665.4765 	DATA 	Keypress: 5
835.5248 	DATA 	Keypress: space
835.5322 	INFO 	Keyboard events cleared
835.5315 	EXP 	welcome_text: autoDraw = False
835.5315 	EXP 	hand_image: autoDraw = True
835.5315 	EXP 	hand_intro_text: autoDraw = True
841.4497 	EXP 	Imported button_practice.xlsx as conditions, 4 conditions, 2 params
841.4507 	EXP 	New trial (rep=0, index=0): <Trial 0 (0 in rep 0) data={'this_button': 3, 'correct_button': 4, 'thisN': 0, 'thisTrialN': 0, 'thisRepN': 0}>
841.4575 	DATA 	Keypress: 2
841.4611 	INFO 	Keyboard events cleared
841.4607 	EXP 	hand_image: autoDraw = False
841.4607 	EXP 	hand_intro_text: autoDraw = False
841.4607 	EXP 	button_text: height = 0.05000000000000001
841.4607 	EXP 	button_text: height = 0.05000000000000001
841.4607 	EXP 	button_text: height = 0.05000000000000001
841.4607 	EXP 	button_text: text = 3
841.4607 	EXP 	instruction: autoDraw = True
841.4607 	EXP 	button_text: autoDraw = True
843.5832 	EXP 	New trial (rep=0, index=1): <Trial 1 (1 in rep 0) data={'this_button': 4, 'correct_button': 5, 'thisN': 1, 'thisTrialN': 1, 'thisRepN': 0}>
843.5899 	DATA 	Keypress: 4
843.5987 	INFO 	Keyboard events cleared
843.5981 	EXP 	instruction: autoDraw = False
843.5981 	EXP 	button_text: autoDraw = False
843.5981 	EXP 	button_text: height = 0.05000000000000001
843.5981 	EXP 	button_text: height = 0.05000000000000001
843.5981 	EXP 	button_text: height = 0.05000000000000001
843.5981 	EXP 	button_text: text = 4
843.5981 	EXP 	instruction: autoDraw = True
843.5981 	EXP 	button_text: autoDraw = True
844.7997 	EXP 	New trial (rep=0, index=2): <Trial 2 (2 in rep 0) data={'this_button': 1, 'correct_button': 2, 'thisN': 2, 'thisTrialN': 2, 'thisRepN': 0}>
844.8062 	DATA 	Keypress: 5
844.8132 	INFO 	Keyboard events cleared
844.8125 	EXP 	instruction: autoDraw = False
844.8125 	EXP 	button_text: autoDraw = False
844.8125 	EXP 	button_text: height = 0.05000000000000001
844.8125 	EXP 	button_text: height = 0.05000000000000001
844.8125 	EXP 	button_text: height = 0.05000000000000001
844.8125 	EXP 	button_text: text = 1
844.8125 	EXP 	instruction: autoDraw = True
844.8125 	EXP 	button_text: autoDraw = True
845.8644 	EXP 	New trial (rep=0, index=3): <Trial 3 (3 in rep 0) data={'this_button': 2, 'correct_button': 3, 'thisN': 3, 'thisTrialN': 3, 'thisRepN': 0}>
845.8700 	DATA 	Keypress: 2
845.8816 	INFO 	Keyboard events cleared
845.8810 	EXP 	instruction: autoDraw = False
845.8810 	EXP 	button_text: autoDraw = False
845.8810 	EXP 	button_text: height = 0.05000000000000001
845.8810 	EXP 	button_text: height = 0.05000000000000001
845.8810 	EXP 	button_text: height = 0.05000000000000001
845.8810 	EXP 	button_text: text = 2
845.8810 	EXP 	instruction: autoDraw = True
845.8810 	EXP 	button_text: autoDraw = True
846.8175 	DATA 	Keypress: 3
846.8315 	INFO 	Keyboard events cleared
846.8309 	EXP 	instruction: autoDraw = False
846.8309 	EXP 	button_text: autoDraw = False
846.8309 	EXP 	select_video_text: autoDraw = True
851.1511 	DATA 	Keypress: 2
851.4309 	INFO 	Keyboard events cleared
851.4305 	EXP 	select_video_text: autoDraw = False
851.4305 	EXP 	video_text: autoDraw = True
856.1850 	EXP 	movie: autoDraw = True
856.4309 	EXP 	video_text: autoDraw = False
1444.9563 	DATA 	Keypress: space
1444.9623 	INFO 	Keyboard events cleared
1444.9617 	EXP 	movie: autoDraw = False
1444.9617 	EXP 	video_text: autoDraw = False
1444.9617 	EXP 	end_text: autoDraw = True
1450.2833 	DATA 	Keypress: escape
1450.4810 	EXP 	part0: status = STOPPED
1450.4960 	EXP 	end_text: autoDraw = False
1450.4962 	EXP 	part0: status = STOPPED
1450.5048 	INFO 	saved data to 'C:\\Users\\Nemecz\\Documents\\Guess_fMRI\\data/Guess_1771_part0_2025-10-28_12h56.52.649.csv'
1450.5066 	INFO 	saved data to C:\Users\Nemecz\Documents\Guess_fMRI\data/Guess_1771_part0_2025-10-28_12h56.52.649.psydat
