29.5430 	INFO 	Loaded monitor calibration from ['2025_03_24 13:01']
30.0910 	EXP 	Created window1 = Window(allowGUI=False, allowStencil=False, autoLog=True, backendConf=UNKNOWN, backgroundFit=<method-wrapper '__getattribute__' of attributeSetter object at 0x000001B1290306D0>, backgroundImage=<method-wrapper '__getattribute__' of attributeSetter object at 0x000001B129030670>, bitsMode=UNKNOWN, blendMode='avg', bpc=(8, 8, 8), color=array([0, 0, 0]), colorSpace='rgb', depthBits=8, fullscr=True, gamma=None, gammaErrorPolicy='raise', infoMsg=UNKNOWN, lms=UNKNOWN, monitor=<psychopy.monitors.calibTools.Monitor object at 0x000001B129209A90>, multiSample=False, name='window1', numSamples=2, pos=[0.0, 0.0], screen=1, size=array([1024,  768]), stencilBits=0, stereo=False, title='PsychoPy', units='height', useFBO=True, useRetina=False, viewOri=0.0, viewPos=None, viewScale=None, waitBlanking=True, winType='pyglet')
30.0911 	EXP 	window1: backgroundImage = ''
30.0911 	EXP 	window1: backgroundFit = 'none'
30.1613 	EXP 	window1: Attempting to measure frame rate of screen (1) ...
30.1613 	EXP 	window1: recordFrameIntervals = False
30.5749 	EXP 	window1: recordFrameIntervals = True
30.7586 	EXP 	Screen (1) actual frame rate measured at 60.04Hz
30.7587 	EXP 	window1: recordFrameIntervals = False
34.4956 	INFO 	keyboard.Keyboard is using iohub backend.
34.4957 	INFO 	keyboard.Keyboard is using iohub backend.
34.4957 	INFO 	keyboard.Keyboard is using iohub backend.
34.4957 	INFO 	keyboard.Keyboard is using iohub backend.
34.4958 	INFO 	keyboard.Keyboard is using iohub backend.
34.4958 	INFO 	keyboard.Keyboard is using iohub backend.
34.4959 	INFO 	keyboard.Keyboard is using iohub backend.
34.4959 	EXP 	part0: status = STARTED
34.7426 	EXP 	Created welcome_text = TextStim(__class__=<class 'psychopy.visual.text.TextStim'>, alignHoriz=method-wrapper(...), alignText='center', alignVert=method-wrapper(...), anchorHoriz='center', anchorVert='center', antialias=True, autoDraw=False, autoLog=True, bold=False, color=array([1., 1., 1.]), colorSpace='rgb', contrast=1.0, depth=0.0, draggable=False, flipHoriz=False, flipVert=False, font='Arial', fontFiles=[], height=0.05000000000000001, italic=False, languageStyle='LTR', name='welcome_text', opacity=1, ori=0.0, pos=array([0., 0.]), rgb=UNKNOWN, text=str(...), units='height', win=Window(...), wrapWidth=1)
34.8415 	EXP 	Created hand_image = ImageStim(__class__=<class 'psychopy.visual.image.ImageStim'>, anchor=('center', 'center'), autoLog=True, color=array([1., 1., 1.]), colorSpace='rgb', contrast=1.0, depth=0.0, draggable=False, flipHoriz=False, flipVert=False, image='right_hand_silhouette.png', interpolate=True, mask=None, maskParams=None, name='hand_image', opacity=1, ori=0.0, pos=array([ 0.  , -0.25]), size=array([0.5, 0.5]), texRes=128.0, units='height', win=Window(...))
34.8665 	EXP 	Created hand_intro_text = TextStim(__class__=<class 'psychopy.visual.text.TextStim'>, alignHoriz=method-wrapper(...), alignText='center', alignVert=method-wrapper(...), anchorHoriz='center', anchorVert='center', antialias=True, autoDraw=False, autoLog=True, bold=False, color=array([1., 1., 1.]), colorSpace='rgb', contrast=1.0, depth=-2.0, draggable=False, flipHoriz=False, flipVert=False, font='Arial', fontFiles=[], height=0.04, italic=False, languageStyle='LTR', name='hand_intro_text', opacity=1, ori=0.0, pos=array([0.  , 0.23]), rgb=UNKNOWN, text=str(...), units='height', win=Window(...), wrapWidth=1)
34.8704 	EXP 	Created instruction = TextStim(__class__=<class 'psychopy.visual.text.TextStim'>, alignHoriz=method-wrapper(...), alignText='center', alignVert=method-wrapper(...), anchorHoriz='center', anchorVert='center', antialias=True, autoDraw=False, autoLog=True, bold=False, color=array([1., 1., 1.]), colorSpace='rgb', contrast=1.0, depth=0.0, draggable=False, flipHoriz=False, flipVert=False, font='Arial', fontFiles=[], height=0.05000000000000001, italic=False, languageStyle='LTR', name='instruction', opacity=1, ori=0.0, pos=array([0. , 0.2]), rgb=UNKNOWN, text='Drücken Sie diese Tasten:', units='height', win=Window(...), wrapWidth=1)
34.8712 	EXP 	Created button_text = TextStim(__class__=<class 'psychopy.visual.text.TextStim'>, alignHoriz=method-wrapper(...), alignText='center', alignVert=method-wrapper(...), anchorHoriz='center', anchorVert='center', antialias=True, autoDraw=False, autoLog=True, bold=False, color=array([1., 1., 1.]), colorSpace='rgb', contrast=1.0, depth=-1.0, draggable=False, flipHoriz=False, flipVert=False, font='Arial', fontFiles=[], height=0.05, italic=False, languageStyle='LTR', name='button_text', opacity=1, ori=0.0, pos=array([0., 0.]), rgb=UNKNOWN, text='', units='height', win=Window(...), wrapWidth=1)
34.8869 	EXP 	Created select_video_text = TextStim(__class__=<class 'psychopy.visual.text.TextStim'>, alignHoriz=method-wrapper(...), alignText='center', alignVert=method-wrapper(...), anchorHoriz='center', anchorVert='center', antialias=True, autoDraw=False, autoLog=True, bold=False, color=array([1., 1., 1.]), colorSpace='rgb', contrast=1.0, depth=0.0, draggable=False, flipHoriz=False, flipVert=False, font='Arial', fontFiles=[], height=0.05000000000000001, italic=False, languageStyle='LTR', name='select_video_text', opacity=1, ori=0.0, pos=array([0., 0.]), rgb=UNKNOWN, text=str(...), units='height', win=Window(...), wrapWidth=1)
35.6669 	EXP 	Created video_text = TextStim(__class__=<class 'psychopy.visual.text.TextStim'>, alignHoriz=method-wrapper(...), alignText='center', alignVert=method-wrapper(...), anchorHoriz='center', anchorVert='center', antialias=True, autoDraw=False, autoLog=True, bold=False, color=array([1., 1., 1.]), colorSpace='rgb', contrast=1.0, depth=-1.0, draggable=False, flipHoriz=False, flipVert=False, font='Arial', fontFiles=[], height=0.05000000000000001, italic=False, languageStyle='LTR', name='video_text', opacity=1, ori=0.0, pos=array([0., 0.]), rgb=UNKNOWN, text=str(...), units='height', win=Window(...), wrapWidth=1)
35.6759 	EXP 	Created end_text = TextStim(__class__=<class 'psychopy.visual.text.TextStim'>, alignHoriz=method-wrapper(...), alignText='center', alignVert=method-wrapper(...), anchorHoriz='center', anchorVert='center', antialias=True, autoDraw=False, autoLog=True, bold=False, color=array([1., 1., 1.]), colorSpace='rgb', contrast=1.0, depth=0.0, draggable=False, flipHoriz=False, flipVert=False, font='Arial', fontFiles=[], height=0.05000000000000001, italic=False, languageStyle='LTR', name='end_text', opacity=1, ori=0.0, pos=array([0., 0.]), rgb=UNKNOWN, text=str(...), units='height', win=Window(...), wrapWidth=1)
0.0030 	EXP 	movie: autoLog = True
0.0172 	INFO 	Keyboard events cleared
0.0167 	EXP 	welcome_text: autoDraw = True
746.5721 	DATA 	Keypress: space
746.5753 	INFO 	Keyboard events cleared
746.5749 	EXP 	welcome_text: autoDraw = False
746.5749 	EXP 	hand_image: autoDraw = True
746.5749 	EXP 	hand_intro_text: autoDraw = True
755.2077 	EXP 	Imported button_practice.xlsx as conditions, 4 conditions, 2 params
755.2089 	EXP 	New trial (rep=0, index=0): <Trial 0 (0 in rep 0) data={'this_button': 1, 'correct_button': 2, 'thisN': 0, 'thisTrialN': 0, 'thisRepN': 0}>
755.2147 	DATA 	Keypress: 2
755.2181 	INFO 	Keyboard events cleared
755.2177 	EXP 	hand_image: autoDraw = False
755.2177 	EXP 	hand_intro_text: autoDraw = False
755.2177 	EXP 	button_text: height = 0.05000000000000001
755.2177 	EXP 	button_text: height = 0.05000000000000001
755.2177 	EXP 	button_text: height = 0.05000000000000001
755.2177 	EXP 	button_text: text = 1
755.2177 	EXP 	instruction: autoDraw = True
755.2177 	EXP 	button_text: autoDraw = True
757.5412 	EXP 	New trial (rep=0, index=1): <Trial 1 (1 in rep 0) data={'this_button': 3, 'correct_button': 4, 'thisN': 1, 'thisTrialN': 1, 'thisRepN': 0}>
757.5471 	DATA 	Keypress: 2
757.5582 	INFO 	Keyboard events cleared
757.5576 	EXP 	instruction: autoDraw = False
757.5576 	EXP 	button_text: autoDraw = False
757.5576 	EXP 	button_text: height = 0.05000000000000001
757.5576 	EXP 	button_text: height = 0.05000000000000001
757.5576 	EXP 	button_text: height = 0.05000000000000001
757.5576 	EXP 	button_text: text = 3
757.5576 	EXP 	instruction: autoDraw = True
757.5576 	EXP 	button_text: autoDraw = True
759.0259 	EXP 	New trial (rep=0, index=2): <Trial 2 (2 in rep 0) data={'this_button': 2, 'correct_button': 3, 'thisN': 2, 'thisTrialN': 2, 'thisRepN': 0}>
759.0324 	DATA 	Keypress: 4
759.0395 	INFO 	Keyboard events cleared
759.0389 	EXP 	instruction: autoDraw = False
759.0389 	EXP 	button_text: autoDraw = False
759.0389 	EXP 	button_text: height = 0.05000000000000001
759.0389 	EXP 	button_text: height = 0.05000000000000001
759.0389 	EXP 	button_text: height = 0.05000000000000001
759.0389 	EXP 	button_text: text = 2
759.0389 	EXP 	instruction: autoDraw = True
759.0389 	EXP 	button_text: autoDraw = True
760.0593 	EXP 	New trial (rep=0, index=3): <Trial 3 (3 in rep 0) data={'this_button': 4, 'correct_button': 5, 'thisN': 3, 'thisTrialN': 3, 'thisRepN': 0}>
760.0663 	DATA 	Keypress: 3
760.0746 	INFO 	Keyboard events cleared
760.0740 	EXP 	instruction: autoDraw = False
760.0740 	EXP 	button_text: autoDraw = False
760.0740 	EXP 	button_text: height = 0.05000000000000001
760.0740 	EXP 	button_text: height = 0.05000000000000001
760.0740 	EXP 	button_text: height = 0.05000000000000001
760.0740 	EXP 	button_text: text = 4
760.0740 	EXP 	instruction: autoDraw = True
760.0740 	EXP 	button_text: autoDraw = True
761.1444 	DATA 	Keypress: 5
761.1578 	INFO 	Keyboard events cleared
761.1572 	EXP 	instruction: autoDraw = False
761.1572 	EXP 	button_text: autoDraw = False
761.1572 	EXP 	select_video_text: autoDraw = True
774.6412 	DATA 	Keypress: 4
774.9334 	INFO 	Keyboard events cleared
774.9331 	EXP 	select_video_text: autoDraw = False
774.9331 	EXP 	video_text: autoDraw = True
779.7068 	EXP 	movie: autoDraw = True
779.9397 	EXP 	video_text: autoDraw = False
1175.4604 	DATA 	Keypress: space
1175.4666 	INFO 	Keyboard events cleared
1175.4659 	EXP 	movie: autoDraw = False
1175.4659 	EXP 	video_text: autoDraw = False
1175.4659 	EXP 	end_text: autoDraw = True
1181.2381 	DATA 	Keypress: escape
1181.5355 	EXP 	part0: status = STOPPED
1181.5503 	EXP 	end_text: autoDraw = False
1181.5505 	EXP 	part0: status = STOPPED
1181.5590 	INFO 	saved data to 'C:\\Users\\Nemecz\\Documents\\Guess_fMRI\\data/Guess_6039_part0_2025-06-02_14h52.57.729.csv'
1181.5613 	INFO 	saved data to C:\Users\Nemecz\Documents\Guess_fMRI\data/Guess_6039_part0_2025-06-02_14h52.57.729.psydat
