18.9353 	INFO 	Loaded monitor calibration from ['2025_03_24 13:01']
19.1855 	EXP 	Created window1 = Window(allowGUI=False, allowStencil=False, autoLog=True, backendConf=UNKNOWN, backgroundFit=<method-wrapper '__getattribute__' of attributeSetter object at 0x000001874200D6D0>, backgroundImage=<method-wrapper '__getattribute__' of attributeSetter object at 0x000001874200D670>, bitsMode=UNKNOWN, blendMode='avg', bpc=(8, 8, 8), color=array([0, 0, 0]), colorSpace='rgb', depthBits=8, fullscr=True, gamma=None, gammaErrorPolicy='raise', infoMsg=UNKNOWN, lms=UNKNOWN, monitor=<psychopy.monitors.calibTools.Monitor object at 0x0000018742158A90>, multiSample=False, name='window1', numSamples=2, pos=[0.0, 0.0], screen=1, size=array([1024,  768]), stencilBits=0, stereo=False, title='PsychoPy', units='height', useFBO=True, useRetina=False, viewOri=0.0, viewPos=None, viewScale=None, waitBlanking=True, winType='pyglet')
19.1856 	EXP 	window1: backgroundImage = ''
19.1856 	EXP 	window1: backgroundFit = 'none'
19.2503 	EXP 	window1: Attempting to measure frame rate of screen (1) ...
19.2503 	EXP 	window1: recordFrameIntervals = False
19.4211 	EXP 	window1: recordFrameIntervals = True
19.6049 	EXP 	Screen (1) actual frame rate measured at 59.95Hz
19.6050 	EXP 	window1: recordFrameIntervals = False
22.4636 	INFO 	keyboard.Keyboard is using iohub backend.
22.4637 	INFO 	keyboard.Keyboard is using iohub backend.
22.4637 	INFO 	keyboard.Keyboard is using iohub backend.
22.4638 	INFO 	keyboard.Keyboard is using iohub backend.
22.4638 	INFO 	keyboard.Keyboard is using iohub backend.
22.4638 	INFO 	keyboard.Keyboard is using iohub backend.
22.4639 	INFO 	keyboard.Keyboard is using iohub backend.
22.4639 	EXP 	part0: status = STARTED
22.5562 	EXP 	Created welcome_text = TextStim(__class__=<class 'psychopy.visual.text.TextStim'>, alignHoriz=method-wrapper(...), alignText='center', alignVert=method-wrapper(...), anchorHoriz='center', anchorVert='center', antialias=True, autoDraw=False, autoLog=True, bold=False, color=array([1., 1., 1.]), colorSpace='rgb', contrast=1.0, depth=0.0, draggable=False, flipHoriz=False, flipVert=False, font='Arial', fontFiles=[], height=0.05000000000000001, italic=False, languageStyle='LTR', name='welcome_text', opacity=1, ori=0.0, pos=array([0., 0.]), rgb=UNKNOWN, text=str(...), units='height', win=Window(...), wrapWidth=1)
22.6209 	EXP 	Created hand_image = ImageStim(__class__=<class 'psychopy.visual.image.ImageStim'>, anchor=('center', 'center'), autoLog=True, color=array([1., 1., 1.]), colorSpace='rgb', contrast=1.0, depth=0.0, draggable=False, flipHoriz=False, flipVert=False, image='right_hand_silhouette.png', interpolate=True, mask=None, maskParams=None, name='hand_image', opacity=1, ori=0.0, pos=array([ 0.  , -0.25]), size=array([0.5, 0.5]), texRes=128.0, units='height', win=Window(...))
22.6408 	EXP 	Created hand_intro_text = TextStim(__class__=<class 'psychopy.visual.text.TextStim'>, alignHoriz=method-wrapper(...), alignText='center', alignVert=method-wrapper(...), anchorHoriz='center', anchorVert='center', antialias=True, autoDraw=False, autoLog=True, bold=False, color=array([1., 1., 1.]), colorSpace='rgb', contrast=1.0, depth=-2.0, draggable=False, flipHoriz=False, flipVert=False, font='Arial', fontFiles=[], height=0.04, italic=False, languageStyle='LTR', name='hand_intro_text', opacity=1, ori=0.0, pos=array([0.  , 0.23]), rgb=UNKNOWN, text=str(...), units='height', win=Window(...), wrapWidth=1)
22.6446 	EXP 	Created instruction = TextStim(__class__=<class 'psychopy.visual.text.TextStim'>, alignHoriz=method-wrapper(...), alignText='center', alignVert=method-wrapper(...), anchorHoriz='center', anchorVert='center', antialias=True, autoDraw=False, autoLog=True, bold=False, color=array([1., 1., 1.]), colorSpace='rgb', contrast=1.0, depth=0.0, draggable=False, flipHoriz=False, flipVert=False, font='Arial', fontFiles=[], height=0.05000000000000001, italic=False, languageStyle='LTR', name='instruction', opacity=1, ori=0.0, pos=array([0. , 0.2]), rgb=UNKNOWN, text='Drücken Sie diese Tasten:', units='height', win=Window(...), wrapWidth=1)
22.6454 	EXP 	Created button_text = TextStim(__class__=<class 'psychopy.visual.text.TextStim'>, alignHoriz=method-wrapper(...), alignText='center', alignVert=method-wrapper(...), anchorHoriz='center', anchorVert='center', antialias=True, autoDraw=False, autoLog=True, bold=False, color=array([1., 1., 1.]), colorSpace='rgb', contrast=1.0, depth=-1.0, draggable=False, flipHoriz=False, flipVert=False, font='Arial', fontFiles=[], height=0.05, italic=False, languageStyle='LTR', name='button_text', opacity=1, ori=0.0, pos=array([0., 0.]), rgb=UNKNOWN, text='', units='height', win=Window(...), wrapWidth=1)
22.6579 	EXP 	Created select_video_text = TextStim(__class__=<class 'psychopy.visual.text.TextStim'>, alignHoriz=method-wrapper(...), alignText='center', alignVert=method-wrapper(...), anchorHoriz='center', anchorVert='center', antialias=True, autoDraw=False, autoLog=True, bold=False, color=array([1., 1., 1.]), colorSpace='rgb', contrast=1.0, depth=0.0, draggable=False, flipHoriz=False, flipVert=False, font='Arial', fontFiles=[], height=0.05000000000000001, italic=False, languageStyle='LTR', name='select_video_text', opacity=1, ori=0.0, pos=array([0., 0.]), rgb=UNKNOWN, text=str(...), units='height', win=Window(...), wrapWidth=1)
22.7094 	EXP 	Created video_text = TextStim(__class__=<class 'psychopy.visual.text.TextStim'>, alignHoriz=method-wrapper(...), alignText='center', alignVert=method-wrapper(...), anchorHoriz='center', anchorVert='center', antialias=True, autoDraw=False, autoLog=True, bold=False, color=array([1., 1., 1.]), colorSpace='rgb', contrast=1.0, depth=-1.0, draggable=False, flipHoriz=False, flipVert=False, font='Arial', fontFiles=[], height=0.05000000000000001, italic=False, languageStyle='LTR', name='video_text', opacity=1, ori=0.0, pos=array([0., 0.]), rgb=UNKNOWN, text=str(...), units='height', win=Window(...), wrapWidth=1)
22.7137 	EXP 	Created end_text = TextStim(__class__=<class 'psychopy.visual.text.TextStim'>, alignHoriz=method-wrapper(...), alignText='center', alignVert=method-wrapper(...), anchorHoriz='center', anchorVert='center', antialias=True, autoDraw=False, autoLog=True, bold=False, color=array([1., 1., 1.]), colorSpace='rgb', contrast=1.0, depth=0.0, draggable=False, flipHoriz=False, flipVert=False, font='Arial', fontFiles=[], height=0.05000000000000001, italic=False, languageStyle='LTR', name='end_text', opacity=1, ori=0.0, pos=array([0., 0.]), rgb=UNKNOWN, text=str(...), units='height', win=Window(...), wrapWidth=1)
0.0035 	EXP 	movie: autoLog = True
0.0088 	INFO 	Keyboard events cleared
0.0084 	EXP 	welcome_text: autoDraw = True
118.8002 	DATA 	Keypress: space
118.8057 	INFO 	Keyboard events cleared
118.8050 	EXP 	welcome_text: autoDraw = False
118.8050 	EXP 	hand_image: autoDraw = True
118.8050 	EXP 	hand_intro_text: autoDraw = True
128.2779 	EXP 	Imported button_practice.xlsx as conditions, 4 conditions, 2 params
128.2786 	EXP 	New trial (rep=0, index=0): <Trial 0 (0 in rep 0) data={'this_button': 2, 'correct_button': 3, 'thisN': 0, 'thisTrialN': 0, 'thisRepN': 0}>
128.2859 	DATA 	Keypress: 2
128.2902 	INFO 	Keyboard events cleared
128.2896 	EXP 	hand_image: autoDraw = False
128.2896 	EXP 	hand_intro_text: autoDraw = False
128.2896 	EXP 	button_text: height = 0.05000000000000001
128.2896 	EXP 	button_text: height = 0.05000000000000001
128.2896 	EXP 	button_text: height = 0.05000000000000001
128.2896 	EXP 	button_text: text = 2
128.2896 	EXP 	instruction: autoDraw = True
128.2896 	EXP 	button_text: autoDraw = True
129.7199 	EXP 	New trial (rep=0, index=1): <Trial 1 (1 in rep 0) data={'this_button': 1, 'correct_button': 2, 'thisN': 1, 'thisTrialN': 1, 'thisRepN': 0}>
129.7268 	DATA 	Keypress: 3
129.7351 	INFO 	Keyboard events cleared
129.7344 	EXP 	instruction: autoDraw = False
129.7344 	EXP 	button_text: autoDraw = False
129.7344 	EXP 	button_text: height = 0.05000000000000001
129.7344 	EXP 	button_text: height = 0.05000000000000001
129.7344 	EXP 	button_text: height = 0.05000000000000001
129.7344 	EXP 	button_text: text = 1
129.7344 	EXP 	instruction: autoDraw = True
129.7344 	EXP 	button_text: autoDraw = True
131.0195 	EXP 	New trial (rep=0, index=2): <Trial 2 (2 in rep 0) data={'this_button': 3, 'correct_button': 4, 'thisN': 2, 'thisTrialN': 2, 'thisRepN': 0}>
131.0264 	DATA 	Keypress: 2
131.0353 	INFO 	Keyboard events cleared
131.0347 	EXP 	instruction: autoDraw = False
131.0347 	EXP 	button_text: autoDraw = False
131.0347 	EXP 	button_text: height = 0.05000000000000001
131.0347 	EXP 	button_text: height = 0.05000000000000001
131.0347 	EXP 	button_text: height = 0.05000000000000001
131.0347 	EXP 	button_text: text = 3
131.0347 	EXP 	instruction: autoDraw = True
131.0347 	EXP 	button_text: autoDraw = True
132.1197 	EXP 	New trial (rep=0, index=3): <Trial 3 (3 in rep 0) data={'this_button': 4, 'correct_button': 5, 'thisN': 3, 'thisTrialN': 3, 'thisRepN': 0}>
132.1272 	DATA 	Keypress: 4
132.1350 	INFO 	Keyboard events cleared
132.1344 	EXP 	instruction: autoDraw = False
132.1344 	EXP 	button_text: autoDraw = False
132.1344 	EXP 	button_text: height = 0.05000000000000001
132.1344 	EXP 	button_text: height = 0.05000000000000001
132.1344 	EXP 	button_text: height = 0.05000000000000001
132.1344 	EXP 	button_text: text = 4
132.1344 	EXP 	instruction: autoDraw = True
132.1344 	EXP 	button_text: autoDraw = True
133.4907 	DATA 	Keypress: 5
133.5014 	INFO 	Keyboard events cleared
133.5009 	EXP 	instruction: autoDraw = False
133.5009 	EXP 	button_text: autoDraw = False
133.5009 	EXP 	select_video_text: autoDraw = True
147.5131 	DATA 	Keypress: 2
147.5153 	INFO 	Keyboard events cleared
147.5150 	EXP 	select_video_text: autoDraw = False
147.5150 	EXP 	video_text: autoDraw = True
152.3564 	EXP 	movie: autoDraw = True
152.5167 	EXP 	video_text: autoDraw = False
265.2675 	DATA 	Keypress: space
265.2737 	INFO 	Keyboard events cleared
265.2730 	EXP 	movie: autoDraw = False
265.2730 	EXP 	video_text: autoDraw = False
265.2730 	EXP 	end_text: autoDraw = True
416.2543 	DATA 	Keypress: space
416.2678 	EXP 	end_text: autoDraw = False
416.2680 	EXP 	part0: status = STOPPED
416.2752 	INFO 	saved data to 'C:\\Users\\Nemecz\\Documents\\Guess_fMRI\\data/Guess_2389_part0_2025-10-28_15h27.15.936.csv'
416.2769 	INFO 	saved data to C:\Users\Nemecz\Documents\Guess_fMRI\data/Guess_2389_part0_2025-10-28_15h27.15.936.psydat
