10.8302 	INFO 	Loaded monitor calibration from ['2025_03_24 13:01']
11.0759 	EXP 	Created window1 = Window(allowGUI=False, allowStencil=False, autoLog=True, backendConf=UNKNOWN, backgroundFit=<method-wrapper '__getattribute__' of attributeSetter object at 0x0000020026F2C6A0>, backgroundImage=<method-wrapper '__getattribute__' of attributeSetter object at 0x0000020026F2C640>, bitsMode=UNKNOWN, blendMode='avg', bpc=(8, 8, 8), color=array([0, 0, 0]), colorSpace='rgb', depthBits=8, fullscr=True, gamma=None, gammaErrorPolicy='raise', infoMsg=UNKNOWN, lms=UNKNOWN, monitor=<psychopy.monitors.calibTools.Monitor object at 0x0000020027078A60>, multiSample=False, name='window1', numSamples=2, pos=[0.0, 0.0], screen=0, size=array([1024,  768]), stencilBits=0, stereo=False, title='PsychoPy', units='height', useFBO=True, useRetina=False, viewOri=0.0, viewPos=None, viewScale=None, waitBlanking=True, winType='pyglet')
11.0760 	EXP 	window1: backgroundImage = ''
11.0760 	EXP 	window1: backgroundFit = 'none'
11.1413 	EXP 	window1: Attempting to measure frame rate of screen (0) ...
11.1414 	EXP 	window1: recordFrameIntervals = False
11.3129 	EXP 	window1: recordFrameIntervals = True
11.4968 	EXP 	Screen (0) actual frame rate measured at 59.94Hz
11.4969 	EXP 	window1: recordFrameIntervals = False
14.6542 	INFO 	keyboard.Keyboard is using iohub backend.
14.6542 	INFO 	keyboard.Keyboard is using iohub backend.
14.6543 	INFO 	keyboard.Keyboard is using iohub backend.
14.6543 	INFO 	keyboard.Keyboard is using iohub backend.
14.6543 	INFO 	keyboard.Keyboard is using iohub backend.
14.6544 	INFO 	keyboard.Keyboard is using iohub backend.
14.6544 	INFO 	keyboard.Keyboard is using iohub backend.
14.6544 	EXP 	part0: status = STARTED
14.7380 	EXP 	Created welcome_text = TextStim(__class__=<class 'psychopy.visual.text.TextStim'>, alignHoriz=method-wrapper(...), alignText='center', alignVert=method-wrapper(...), anchorHoriz='center', anchorVert='center', antialias=True, autoDraw=False, autoLog=True, bold=False, color=array([1., 1., 1.]), colorSpace='rgb', contrast=1.0, depth=0.0, draggable=False, flipHoriz=False, flipVert=False, font='Arial', fontFiles=[], height=0.05000000000000001, italic=False, languageStyle='LTR', name='welcome_text', opacity=1, ori=0.0, pos=array([0., 0.]), rgb=UNKNOWN, text=str(...), units='height', win=Window(...), wrapWidth=1)
14.8022 	EXP 	Created hand_image = ImageStim(__class__=<class 'psychopy.visual.image.ImageStim'>, anchor=('center', 'center'), autoLog=True, color=array([1., 1., 1.]), colorSpace='rgb', contrast=1.0, depth=0.0, draggable=False, flipHoriz=False, flipVert=False, image='right_hand_silhouette.png', interpolate=True, mask=None, maskParams=None, name='hand_image', opacity=1, ori=0.0, pos=array([ 0.  , -0.25]), size=array([0.5, 0.5]), texRes=128.0, units='height', win=Window(...))
14.8180 	EXP 	Created hand_intro_text = TextStim(__class__=<class 'psychopy.visual.text.TextStim'>, alignHoriz=method-wrapper(...), alignText='center', alignVert=method-wrapper(...), anchorHoriz='center', anchorVert='center', antialias=True, autoDraw=False, autoLog=True, bold=False, color=array([1., 1., 1.]), colorSpace='rgb', contrast=1.0, depth=-2.0, draggable=False, flipHoriz=False, flipVert=False, font='Arial', fontFiles=[], height=0.04, italic=False, languageStyle='LTR', name='hand_intro_text', opacity=1, ori=0.0, pos=array([0.  , 0.23]), rgb=UNKNOWN, text=str(...), units='height', win=Window(...), wrapWidth=1)
14.8215 	EXP 	Created instruction = TextStim(__class__=<class 'psychopy.visual.text.TextStim'>, alignHoriz=method-wrapper(...), alignText='center', alignVert=method-wrapper(...), anchorHoriz='center', anchorVert='center', antialias=True, autoDraw=False, autoLog=True, bold=False, color=array([1., 1., 1.]), colorSpace='rgb', contrast=1.0, depth=0.0, draggable=False, flipHoriz=False, flipVert=False, font='Arial', fontFiles=[], height=0.05000000000000001, italic=False, languageStyle='LTR', name='instruction', opacity=1, ori=0.0, pos=array([0. , 0.2]), rgb=UNKNOWN, text='Drücken Sie diese Tasten:', units='height', win=Window(...), wrapWidth=1)
14.8223 	EXP 	Created button_text = TextStim(__class__=<class 'psychopy.visual.text.TextStim'>, alignHoriz=method-wrapper(...), alignText='center', alignVert=method-wrapper(...), anchorHoriz='center', anchorVert='center', antialias=True, autoDraw=False, autoLog=True, bold=False, color=array([1., 1., 1.]), colorSpace='rgb', contrast=1.0, depth=-1.0, draggable=False, flipHoriz=False, flipVert=False, font='Arial', fontFiles=[], height=0.05, italic=False, languageStyle='LTR', name='button_text', opacity=1, ori=0.0, pos=array([0., 0.]), rgb=UNKNOWN, text='', units='height', win=Window(...), wrapWidth=1)
14.8331 	EXP 	Created select_video_text = TextStim(__class__=<class 'psychopy.visual.text.TextStim'>, alignHoriz=method-wrapper(...), alignText='center', alignVert=method-wrapper(...), anchorHoriz='center', anchorVert='center', antialias=True, autoDraw=False, autoLog=True, bold=False, color=array([1., 1., 1.]), colorSpace='rgb', contrast=1.0, depth=0.0, draggable=False, flipHoriz=False, flipVert=False, font='Arial', fontFiles=[], height=0.05000000000000001, italic=False, languageStyle='LTR', name='select_video_text', opacity=1, ori=0.0, pos=array([0., 0.]), rgb=UNKNOWN, text=str(...), units='height', win=Window(...), wrapWidth=1)
14.8812 	EXP 	Created video_text = TextStim(__class__=<class 'psychopy.visual.text.TextStim'>, alignHoriz=method-wrapper(...), alignText='center', alignVert=method-wrapper(...), anchorHoriz='center', anchorVert='center', antialias=True, autoDraw=False, autoLog=True, bold=False, color=array([1., 1., 1.]), colorSpace='rgb', contrast=1.0, depth=-1.0, draggable=False, flipHoriz=False, flipVert=False, font='Arial', fontFiles=[], height=0.05000000000000001, italic=False, languageStyle='LTR', name='video_text', opacity=1, ori=0.0, pos=array([0., 0.]), rgb=UNKNOWN, text=str(...), units='height', win=Window(...), wrapWidth=1)
14.8855 	EXP 	Created end_text = TextStim(__class__=<class 'psychopy.visual.text.TextStim'>, alignHoriz=method-wrapper(...), alignText='center', alignVert=method-wrapper(...), anchorHoriz='center', anchorVert='center', antialias=True, autoDraw=False, autoLog=True, bold=False, color=array([1., 1., 1.]), colorSpace='rgb', contrast=1.0, depth=0.0, draggable=False, flipHoriz=False, flipVert=False, font='Arial', fontFiles=[], height=0.05000000000000001, italic=False, languageStyle='LTR', name='end_text', opacity=1, ori=0.0, pos=array([0., 0.]), rgb=UNKNOWN, text=str(...), units='height', win=Window(...), wrapWidth=1)
0.0030 	EXP 	movie: autoLog = True
0.0121 	INFO 	Keyboard events cleared
0.0117 	EXP 	welcome_text: autoDraw = True
128.5991 	DATA 	Keypress: 5
129.3919 	DATA 	Keypress: 5
135.0220 	DATA 	Keypress: 5
160.9568 	DATA 	Keypress: 5
342.7864 	DATA 	Keypress: space
342.7932 	INFO 	Keyboard events cleared
342.7926 	EXP 	welcome_text: autoDraw = False
342.7926 	EXP 	hand_image: autoDraw = True
342.7926 	EXP 	hand_intro_text: autoDraw = True
348.9665 	EXP 	Imported button_practice.xlsx as conditions, 4 conditions, 2 params
348.9677 	EXP 	New trial (rep=0, index=0): <Trial 0 (0 in rep 0) data={'this_button': 1, 'correct_button': 2, 'thisN': 0, 'thisTrialN': 0, 'thisRepN': 0}>
348.9762 	DATA 	Keypress: 2
348.9803 	INFO 	Keyboard events cleared
348.9797 	EXP 	hand_image: autoDraw = False
348.9797 	EXP 	hand_intro_text: autoDraw = False
348.9797 	EXP 	button_text: height = 0.05000000000000001
348.9797 	EXP 	button_text: height = 0.05000000000000001
348.9797 	EXP 	button_text: height = 0.05000000000000001
348.9797 	EXP 	button_text: text = 1
348.9797 	EXP 	instruction: autoDraw = True
348.9797 	EXP 	button_text: autoDraw = True
349.9775 	EXP 	New trial (rep=0, index=1): <Trial 1 (1 in rep 0) data={'this_button': 4, 'correct_button': 5, 'thisN': 1, 'thisTrialN': 1, 'thisRepN': 0}>
349.9839 	DATA 	Keypress: 2
349.9912 	INFO 	Keyboard events cleared
349.9906 	EXP 	instruction: autoDraw = False
349.9906 	EXP 	button_text: autoDraw = False
349.9906 	EXP 	button_text: height = 0.05000000000000001
349.9906 	EXP 	button_text: height = 0.05000000000000001
349.9906 	EXP 	button_text: height = 0.05000000000000001
349.9906 	EXP 	button_text: text = 4
349.9906 	EXP 	instruction: autoDraw = True
349.9906 	EXP 	button_text: autoDraw = True
351.1278 	EXP 	New trial (rep=0, index=2): <Trial 2 (2 in rep 0) data={'this_button': 2, 'correct_button': 3, 'thisN': 2, 'thisTrialN': 2, 'thisRepN': 0}>
351.1343 	DATA 	Keypress: 5
351.1412 	INFO 	Keyboard events cleared
351.1406 	EXP 	instruction: autoDraw = False
351.1406 	EXP 	button_text: autoDraw = False
351.1406 	EXP 	button_text: height = 0.05000000000000001
351.1406 	EXP 	button_text: height = 0.05000000000000001
351.1406 	EXP 	button_text: height = 0.05000000000000001
351.1406 	EXP 	button_text: text = 2
351.1406 	EXP 	instruction: autoDraw = True
351.1406 	EXP 	button_text: autoDraw = True
352.5273 	EXP 	New trial (rep=0, index=3): <Trial 3 (3 in rep 0) data={'this_button': 3, 'correct_button': 4, 'thisN': 3, 'thisTrialN': 3, 'thisRepN': 0}>
352.5346 	DATA 	Keypress: 3
352.5411 	INFO 	Keyboard events cleared
352.5405 	EXP 	instruction: autoDraw = False
352.5405 	EXP 	button_text: autoDraw = False
352.5405 	EXP 	button_text: height = 0.05000000000000001
352.5405 	EXP 	button_text: height = 0.05000000000000001
352.5405 	EXP 	button_text: height = 0.05000000000000001
352.5405 	EXP 	button_text: text = 3
352.5405 	EXP 	instruction: autoDraw = True
352.5405 	EXP 	button_text: autoDraw = True
353.1154 	DATA 	Keypress: 4
353.1262 	INFO 	Keyboard events cleared
353.1256 	EXP 	instruction: autoDraw = False
353.1256 	EXP 	button_text: autoDraw = False
353.1256 	EXP 	select_video_text: autoDraw = True
361.4247 	DATA 	Keypress: 5
361.4269 	INFO 	Keyboard events cleared
361.4265 	EXP 	select_video_text: autoDraw = False
361.4265 	EXP 	video_text: autoDraw = True
366.1312 	EXP 	movie: autoDraw = True
366.4408 	EXP 	video_text: autoDraw = False
912.9883 	DATA 	Keypress: space
912.9937 	INFO 	Keyboard events cleared
912.9931 	EXP 	movie: autoDraw = False
912.9931 	EXP 	video_text: autoDraw = False
912.9931 	EXP 	end_text: autoDraw = True
917.9312 	DATA 	Keypress: escape
918.2122 	EXP 	part0: status = STOPPED
918.2273 	EXP 	end_text: autoDraw = False
918.2275 	EXP 	part0: status = STOPPED
918.2364 	INFO 	saved data to 'C:\\Users\\Nemecz\\Documents\\Guess_fMRI\\data/Guess_2264_part0_2025-10-21_13h13.03.902.csv'
918.2385 	INFO 	saved data to C:\Users\Nemecz\Documents\Guess_fMRI\data/Guess_2264_part0_2025-10-21_13h13.03.902.psydat
