10.0662 	INFO 	Loaded monitor calibration from ['2025_03_24 13:01']
10.3053 	EXP 	Created window1 = Window(allowGUI=False, allowStencil=False, autoLog=True, backendConf=UNKNOWN, backgroundFit=<method-wrapper '__getattribute__' of attributeSetter object at 0x0000028A3C67F6A0>, backgroundImage=<method-wrapper '__getattribute__' of attributeSetter object at 0x0000028A3C67F640>, bitsMode=UNKNOWN, blendMode='avg', bpc=(8, 8, 8), color=array([0, 0, 0]), colorSpace='rgb', depthBits=8, fullscr=True, gamma=None, gammaErrorPolicy='raise', infoMsg=UNKNOWN, lms=UNKNOWN, monitor=<psychopy.monitors.calibTools.Monitor object at 0x0000028A3C738A60>, multiSample=False, name='window1', numSamples=2, pos=[0.0, 0.0], screen=0, size=array([1024,  768]), stencilBits=0, stereo=False, title='PsychoPy', units='height', useFBO=True, useRetina=False, viewOri=0.0, viewPos=None, viewScale=None, waitBlanking=True, winType='pyglet')
10.3053 	EXP 	window1: backgroundImage = ''
10.3053 	EXP 	window1: backgroundFit = 'none'
10.3686 	EXP 	window1: Attempting to measure frame rate of screen (0) ...
10.3686 	EXP 	window1: recordFrameIntervals = False
10.5443 	EXP 	window1: recordFrameIntervals = True
10.7283 	EXP 	Screen (0) actual frame rate measured at 59.92Hz
10.7283 	EXP 	window1: recordFrameIntervals = False
14.0913 	INFO 	keyboard.Keyboard is using iohub backend.
14.0914 	INFO 	keyboard.Keyboard is using iohub backend.
14.0914 	INFO 	keyboard.Keyboard is using iohub backend.
14.0915 	INFO 	keyboard.Keyboard is using iohub backend.
14.0915 	INFO 	keyboard.Keyboard is using iohub backend.
14.0915 	INFO 	keyboard.Keyboard is using iohub backend.
14.0915 	INFO 	keyboard.Keyboard is using iohub backend.
14.0916 	EXP 	part0: status = STARTED
14.1855 	EXP 	Created welcome_text = TextStim(__class__=<class 'psychopy.visual.text.TextStim'>, alignHoriz=method-wrapper(...), alignText='center', alignVert=method-wrapper(...), anchorHoriz='center', anchorVert='center', antialias=True, autoDraw=False, autoLog=True, bold=False, color=array([1., 1., 1.]), colorSpace='rgb', contrast=1.0, depth=0.0, draggable=False, flipHoriz=False, flipVert=False, font='Arial', fontFiles=[], height=0.05000000000000001, italic=False, languageStyle='LTR', name='welcome_text', opacity=1, ori=0.0, pos=array([0., 0.]), rgb=UNKNOWN, text=str(...), units='height', win=Window(...), wrapWidth=1)
14.2495 	EXP 	Created hand_image = ImageStim(__class__=<class 'psychopy.visual.image.ImageStim'>, anchor=('center', 'center'), autoLog=True, color=array([1., 1., 1.]), colorSpace='rgb', contrast=1.0, depth=0.0, draggable=False, flipHoriz=False, flipVert=False, image='right_hand_silhouette.png', interpolate=True, mask=None, maskParams=None, name='hand_image', opacity=1, ori=0.0, pos=array([ 0.  , -0.25]), size=array([0.5, 0.5]), texRes=128.0, units='height', win=Window(...))
14.2662 	EXP 	Created hand_intro_text = TextStim(__class__=<class 'psychopy.visual.text.TextStim'>, alignHoriz=method-wrapper(...), alignText='center', alignVert=method-wrapper(...), anchorHoriz='center', anchorVert='center', antialias=True, autoDraw=False, autoLog=True, bold=False, color=array([1., 1., 1.]), colorSpace='rgb', contrast=1.0, depth=-2.0, draggable=False, flipHoriz=False, flipVert=False, font='Arial', fontFiles=[], height=0.04, italic=False, languageStyle='LTR', name='hand_intro_text', opacity=1, ori=0.0, pos=array([0.  , 0.23]), rgb=UNKNOWN, text=str(...), units='height', win=Window(...), wrapWidth=1)
14.2697 	EXP 	Created instruction = TextStim(__class__=<class 'psychopy.visual.text.TextStim'>, alignHoriz=method-wrapper(...), alignText='center', alignVert=method-wrapper(...), anchorHoriz='center', anchorVert='center', antialias=True, autoDraw=False, autoLog=True, bold=False, color=array([1., 1., 1.]), colorSpace='rgb', contrast=1.0, depth=0.0, draggable=False, flipHoriz=False, flipVert=False, font='Arial', fontFiles=[], height=0.05000000000000001, italic=False, languageStyle='LTR', name='instruction', opacity=1, ori=0.0, pos=array([0. , 0.2]), rgb=UNKNOWN, text='Drücken Sie diese Tasten:', units='height', win=Window(...), wrapWidth=1)
14.2705 	EXP 	Created button_text = TextStim(__class__=<class 'psychopy.visual.text.TextStim'>, alignHoriz=method-wrapper(...), alignText='center', alignVert=method-wrapper(...), anchorHoriz='center', anchorVert='center', antialias=True, autoDraw=False, autoLog=True, bold=False, color=array([1., 1., 1.]), colorSpace='rgb', contrast=1.0, depth=-1.0, draggable=False, flipHoriz=False, flipVert=False, font='Arial', fontFiles=[], height=0.05, italic=False, languageStyle='LTR', name='button_text', opacity=1, ori=0.0, pos=array([0., 0.]), rgb=UNKNOWN, text='', units='height', win=Window(...), wrapWidth=1)
14.2823 	EXP 	Created select_video_text = TextStim(__class__=<class 'psychopy.visual.text.TextStim'>, alignHoriz=method-wrapper(...), alignText='center', alignVert=method-wrapper(...), anchorHoriz='center', anchorVert='center', antialias=True, autoDraw=False, autoLog=True, bold=False, color=array([1., 1., 1.]), colorSpace='rgb', contrast=1.0, depth=0.0, draggable=False, flipHoriz=False, flipVert=False, font='Arial', fontFiles=[], height=0.05000000000000001, italic=False, languageStyle='LTR', name='select_video_text', opacity=1, ori=0.0, pos=array([0., 0.]), rgb=UNKNOWN, text=str(...), units='height', win=Window(...), wrapWidth=1)
14.3344 	EXP 	Created video_text = TextStim(__class__=<class 'psychopy.visual.text.TextStim'>, alignHoriz=method-wrapper(...), alignText='center', alignVert=method-wrapper(...), anchorHoriz='center', anchorVert='center', antialias=True, autoDraw=False, autoLog=True, bold=False, color=array([1., 1., 1.]), colorSpace='rgb', contrast=1.0, depth=-1.0, draggable=False, flipHoriz=False, flipVert=False, font='Arial', fontFiles=[], height=0.05000000000000001, italic=False, languageStyle='LTR', name='video_text', opacity=1, ori=0.0, pos=array([0., 0.]), rgb=UNKNOWN, text=str(...), units='height', win=Window(...), wrapWidth=1)
14.3400 	EXP 	Created end_text = TextStim(__class__=<class 'psychopy.visual.text.TextStim'>, alignHoriz=method-wrapper(...), alignText='center', alignVert=method-wrapper(...), anchorHoriz='center', anchorVert='center', antialias=True, autoDraw=False, autoLog=True, bold=False, color=array([1., 1., 1.]), colorSpace='rgb', contrast=1.0, depth=0.0, draggable=False, flipHoriz=False, flipVert=False, font='Arial', fontFiles=[], height=0.05000000000000001, italic=False, languageStyle='LTR', name='end_text', opacity=1, ori=0.0, pos=array([0., 0.]), rgb=UNKNOWN, text=str(...), units='height', win=Window(...), wrapWidth=1)
0.0025 	EXP 	movie: autoLog = True
0.0069 	INFO 	Keyboard events cleared
0.0065 	EXP 	welcome_text: autoDraw = True
741.4313 	DATA 	Keypress: space
741.4396 	INFO 	Keyboard events cleared
741.4389 	EXP 	welcome_text: autoDraw = False
741.4389 	EXP 	hand_image: autoDraw = True
741.4389 	EXP 	hand_intro_text: autoDraw = True
748.2552 	EXP 	Imported button_practice.xlsx as conditions, 4 conditions, 2 params
748.2565 	EXP 	New trial (rep=0, index=0): <Trial 0 (0 in rep 0) data={'this_button': 1, 'correct_button': 2, 'thisN': 0, 'thisTrialN': 0, 'thisRepN': 0}>
748.2636 	DATA 	Keypress: 2
748.2673 	INFO 	Keyboard events cleared
748.2668 	EXP 	hand_image: autoDraw = False
748.2668 	EXP 	hand_intro_text: autoDraw = False
748.2668 	EXP 	button_text: height = 0.05000000000000001
748.2668 	EXP 	button_text: height = 0.05000000000000001
748.2668 	EXP 	button_text: height = 0.05000000000000001
748.2668 	EXP 	button_text: text = 1
748.2668 	EXP 	instruction: autoDraw = True
748.2668 	EXP 	button_text: autoDraw = True
749.8159 	EXP 	New trial (rep=0, index=1): <Trial 1 (1 in rep 0) data={'this_button': 4, 'correct_button': 5, 'thisN': 1, 'thisTrialN': 1, 'thisRepN': 0}>
749.8221 	DATA 	Keypress: 2
749.8295 	INFO 	Keyboard events cleared
749.8289 	EXP 	instruction: autoDraw = False
749.8289 	EXP 	button_text: autoDraw = False
749.8289 	EXP 	button_text: height = 0.05000000000000001
749.8289 	EXP 	button_text: height = 0.05000000000000001
749.8289 	EXP 	button_text: height = 0.05000000000000001
749.8289 	EXP 	button_text: text = 4
749.8289 	EXP 	instruction: autoDraw = True
749.8289 	EXP 	button_text: autoDraw = True
750.7177 	DATA 	Keypress: 5
750.7306 	EXP 	New trial (rep=0, index=2): <Trial 2 (2 in rep 0) data={'this_button': 2, 'correct_button': 3, 'thisN': 2, 'thisTrialN': 2, 'thisRepN': 0}>
750.7478 	INFO 	Keyboard events cleared
750.7473 	EXP 	instruction: autoDraw = False
750.7473 	EXP 	button_text: autoDraw = False
750.7473 	EXP 	button_text: height = 0.05000000000000001
750.7473 	EXP 	button_text: height = 0.05000000000000001
750.7473 	EXP 	button_text: height = 0.05000000000000001
750.7473 	EXP 	button_text: text = 2
750.7473 	EXP 	instruction: autoDraw = True
750.7473 	EXP 	button_text: autoDraw = True
752.6324 	DATA 	Keypress: 3
752.6494 	EXP 	New trial (rep=0, index=3): <Trial 3 (3 in rep 0) data={'this_button': 3, 'correct_button': 4, 'thisN': 3, 'thisTrialN': 3, 'thisRepN': 0}>
752.6644 	INFO 	Keyboard events cleared
752.6638 	EXP 	instruction: autoDraw = False
752.6638 	EXP 	button_text: autoDraw = False
752.6638 	EXP 	button_text: height = 0.05000000000000001
752.6638 	EXP 	button_text: height = 0.05000000000000001
752.6638 	EXP 	button_text: height = 0.05000000000000001
752.6638 	EXP 	button_text: text = 3
752.6638 	EXP 	instruction: autoDraw = True
752.6638 	EXP 	button_text: autoDraw = True
753.1185 	DATA 	Keypress: 4
753.1477 	INFO 	Keyboard events cleared
753.1471 	EXP 	instruction: autoDraw = False
753.1471 	EXP 	button_text: autoDraw = False
753.1471 	EXP 	select_video_text: autoDraw = True
761.4507 	DATA 	Keypress: 3
761.7399 	INFO 	Keyboard events cleared
761.7394 	EXP 	select_video_text: autoDraw = False
761.7394 	EXP 	video_text: autoDraw = True
766.5092 	EXP 	movie: autoDraw = True
766.7462 	EXP 	video_text: autoDraw = False
866.2959 	DATA 	Keypress: escape
866.4257 	EXP 	part0: status = STOPPED
866.4408 	EXP 	movie: autoDraw = False
866.4409 	EXP 	part0: status = STOPPED
866.4473 	INFO 	saved data to 'C:\\Users\\Nemecz\\Documents\\Guess_fMRI\\data/Guess_5968_part0_2025-06-23_12h54.47.723.csv'
866.4492 	INFO 	saved data to C:\Users\Nemecz\Documents\Guess_fMRI\data/Guess_5968_part0_2025-06-23_12h54.47.723.psydat
