13.7473 	INFO 	Loaded monitor calibration from ['2025_03_24 13:01']
14.2868 	EXP 	Created window1 = Window(allowGUI=False, allowStencil=False, autoLog=True, backendConf=UNKNOWN, backgroundFit=<method-wrapper '__getattribute__' of attributeSetter object at 0x0000016C3F36D640>, backgroundImage=<method-wrapper '__getattribute__' of attributeSetter object at 0x0000016C3F36D5E0>, bitsMode=UNKNOWN, blendMode='avg', bpc=(8, 8, 8), color=array([0, 0, 0]), colorSpace='rgb', depthBits=8, fullscr=True, gamma=None, gammaErrorPolicy='raise', infoMsg=UNKNOWN, lms=UNKNOWN, monitor=<psychopy.monitors.calibTools.Monitor object at 0x0000016C3F4B7A00>, multiSample=False, name='window1', numSamples=2, pos=[0.0, 0.0], screen=1, size=array([1024,  768]), stencilBits=0, stereo=False, title='PsychoPy', units='height', useFBO=True, useRetina=False, viewOri=0.0, viewPos=None, viewScale=None, waitBlanking=True, winType='pyglet')
14.2869 	EXP 	window1: backgroundImage = ''
14.2869 	EXP 	window1: backgroundFit = 'none'
14.3515 	EXP 	window1: Attempting to measure frame rate of screen (1) ...
14.3516 	EXP 	window1: recordFrameIntervals = False
14.7847 	EXP 	window1: recordFrameIntervals = True
14.9684 	EXP 	Screen (1) actual frame rate measured at 60.03Hz
14.9685 	EXP 	window1: recordFrameIntervals = False
18.7020 	INFO 	keyboard.Keyboard is using iohub backend.
18.7020 	INFO 	keyboard.Keyboard is using iohub backend.
18.7021 	INFO 	keyboard.Keyboard is using iohub backend.
18.7021 	INFO 	keyboard.Keyboard is using iohub backend.
18.7021 	INFO 	keyboard.Keyboard is using iohub backend.
18.7022 	INFO 	keyboard.Keyboard is using iohub backend.
18.7022 	INFO 	keyboard.Keyboard is using iohub backend.
18.7022 	EXP 	part0: status = STARTED
19.0426 	EXP 	Created welcome_text = TextStim(__class__=<class 'psychopy.visual.text.TextStim'>, alignHoriz=method-wrapper(...), alignText='center', alignVert=method-wrapper(...), anchorHoriz='center', anchorVert='center', antialias=True, autoDraw=False, autoLog=True, bold=False, color=array([1., 1., 1.]), colorSpace='rgb', contrast=1.0, depth=0.0, draggable=False, flipHoriz=False, flipVert=False, font='Arial', fontFiles=[], height=0.05000000000000001, italic=False, languageStyle='LTR', name='welcome_text', opacity=1, ori=0.0, pos=array([0., 0.]), rgb=UNKNOWN, text=str(...), units='height', win=Window(...), wrapWidth=1)
19.1255 	EXP 	Created hand_image = ImageStim(__class__=<class 'psychopy.visual.image.ImageStim'>, anchor=('center', 'center'), autoLog=True, color=array([1., 1., 1.]), colorSpace='rgb', contrast=1.0, depth=0.0, draggable=False, flipHoriz=False, flipVert=False, image='right_hand_silhouette.png', interpolate=True, mask=None, maskParams=None, name='hand_image', opacity=1, ori=0.0, pos=array([ 0.  , -0.25]), size=array([0.5, 0.5]), texRes=128.0, units='height', win=Window(...))
19.1423 	EXP 	Created hand_intro_text = TextStim(__class__=<class 'psychopy.visual.text.TextStim'>, alignHoriz=method-wrapper(...), alignText='center', alignVert=method-wrapper(...), anchorHoriz='center', anchorVert='center', antialias=True, autoDraw=False, autoLog=True, bold=False, color=array([1., 1., 1.]), colorSpace='rgb', contrast=1.0, depth=-2.0, draggable=False, flipHoriz=False, flipVert=False, font='Arial', fontFiles=[], height=0.04, italic=False, languageStyle='LTR', name='hand_intro_text', opacity=1, ori=0.0, pos=array([0.  , 0.23]), rgb=UNKNOWN, text=str(...), units='height', win=Window(...), wrapWidth=1)
19.1458 	EXP 	Created instruction = TextStim(__class__=<class 'psychopy.visual.text.TextStim'>, alignHoriz=method-wrapper(...), alignText='center', alignVert=method-wrapper(...), anchorHoriz='center', anchorVert='center', antialias=True, autoDraw=False, autoLog=True, bold=False, color=array([1., 1., 1.]), colorSpace='rgb', contrast=1.0, depth=0.0, draggable=False, flipHoriz=False, flipVert=False, font='Arial', fontFiles=[], height=0.05000000000000001, italic=False, languageStyle='LTR', name='instruction', opacity=1, ori=0.0, pos=array([0. , 0.2]), rgb=UNKNOWN, text='Drücken Sie diese Tasten:', units='height', win=Window(...), wrapWidth=1)
19.1467 	EXP 	Created button_text = TextStim(__class__=<class 'psychopy.visual.text.TextStim'>, alignHoriz=method-wrapper(...), alignText='center', alignVert=method-wrapper(...), anchorHoriz='center', anchorVert='center', antialias=True, autoDraw=False, autoLog=True, bold=False, color=array([1., 1., 1.]), colorSpace='rgb', contrast=1.0, depth=-1.0, draggable=False, flipHoriz=False, flipVert=False, font='Arial', fontFiles=[], height=0.05, italic=False, languageStyle='LTR', name='button_text', opacity=1, ori=0.0, pos=array([0., 0.]), rgb=UNKNOWN, text='', units='height', win=Window(...), wrapWidth=1)
19.1576 	EXP 	Created select_video_text = TextStim(__class__=<class 'psychopy.visual.text.TextStim'>, alignHoriz=method-wrapper(...), alignText='center', alignVert=method-wrapper(...), anchorHoriz='center', anchorVert='center', antialias=True, autoDraw=False, autoLog=True, bold=False, color=array([1., 1., 1.]), colorSpace='rgb', contrast=1.0, depth=0.0, draggable=False, flipHoriz=False, flipVert=False, font='Arial', fontFiles=[], height=0.05000000000000001, italic=False, languageStyle='LTR', name='select_video_text', opacity=1, ori=0.0, pos=array([0., 0.]), rgb=UNKNOWN, text=str(...), units='height', win=Window(...), wrapWidth=1)
19.9606 	EXP 	Created video_text = TextStim(__class__=<class 'psychopy.visual.text.TextStim'>, alignHoriz=method-wrapper(...), alignText='center', alignVert=method-wrapper(...), anchorHoriz='center', anchorVert='center', antialias=True, autoDraw=False, autoLog=True, bold=False, color=array([1., 1., 1.]), colorSpace='rgb', contrast=1.0, depth=-1.0, draggable=False, flipHoriz=False, flipVert=False, font='Arial', fontFiles=[], height=0.05000000000000001, italic=False, languageStyle='LTR', name='video_text', opacity=1, ori=0.0, pos=array([0., 0.]), rgb=UNKNOWN, text=str(...), units='height', win=Window(...), wrapWidth=1)
19.9691 	EXP 	Created end_text = TextStim(__class__=<class 'psychopy.visual.text.TextStim'>, alignHoriz=method-wrapper(...), alignText='center', alignVert=method-wrapper(...), anchorHoriz='center', anchorVert='center', antialias=True, autoDraw=False, autoLog=True, bold=False, color=array([1., 1., 1.]), colorSpace='rgb', contrast=1.0, depth=0.0, draggable=False, flipHoriz=False, flipVert=False, font='Arial', fontFiles=[], height=0.05000000000000001, italic=False, languageStyle='LTR', name='end_text', opacity=1, ori=0.0, pos=array([0., 0.]), rgb=UNKNOWN, text=str(...), units='height', win=Window(...), wrapWidth=1)
0.0037 	EXP 	movie: autoLog = True
0.0162 	INFO 	Keyboard events cleared
0.0160 	EXP 	welcome_text: autoDraw = True
56.9565 	DATA 	Keypress: space
56.9617 	INFO 	Keyboard events cleared
56.9613 	EXP 	welcome_text: autoDraw = False
56.9613 	EXP 	hand_image: autoDraw = True
56.9613 	EXP 	hand_intro_text: autoDraw = True
62.3642 	DATA 	Keypress: 2
62.3990 	EXP 	Imported button_practice.xlsx as conditions, 4 conditions, 2 params
62.3996 	EXP 	New trial (rep=0, index=0): <Trial 0 (0 in rep 0) data={'this_button': 3, 'correct_button': 4, 'thisN': 0, 'thisTrialN': 0, 'thisRepN': 0}>
62.4106 	INFO 	Keyboard events cleared
62.4101 	EXP 	hand_image: autoDraw = False
62.4101 	EXP 	hand_intro_text: autoDraw = False
62.4101 	EXP 	button_text: height = 0.05000000000000001
62.4101 	EXP 	button_text: height = 0.05000000000000001
62.4101 	EXP 	button_text: height = 0.05000000000000001
62.4101 	EXP 	button_text: text = 3
62.4101 	EXP 	instruction: autoDraw = True
62.4101 	EXP 	button_text: autoDraw = True
63.6636 	EXP 	New trial (rep=0, index=1): <Trial 1 (1 in rep 0) data={'this_button': 2, 'correct_button': 3, 'thisN': 1, 'thisTrialN': 1, 'thisRepN': 0}>
63.6695 	DATA 	Keypress: 4
63.6805 	INFO 	Keyboard events cleared
63.6799 	EXP 	instruction: autoDraw = False
63.6799 	EXP 	button_text: autoDraw = False
63.6799 	EXP 	button_text: height = 0.05000000000000001
63.6799 	EXP 	button_text: height = 0.05000000000000001
63.6799 	EXP 	button_text: height = 0.05000000000000001
63.6799 	EXP 	button_text: text = 2
63.6799 	EXP 	instruction: autoDraw = True
63.6799 	EXP 	button_text: autoDraw = True
65.1632 	EXP 	New trial (rep=0, index=2): <Trial 2 (2 in rep 0) data={'this_button': 1, 'correct_button': 2, 'thisN': 2, 'thisTrialN': 2, 'thisRepN': 0}>
65.1691 	DATA 	Keypress: 3
65.1805 	INFO 	Keyboard events cleared
65.1798 	EXP 	instruction: autoDraw = False
65.1798 	EXP 	button_text: autoDraw = False
65.1798 	EXP 	button_text: height = 0.05000000000000001
65.1798 	EXP 	button_text: height = 0.05000000000000001
65.1798 	EXP 	button_text: height = 0.05000000000000001
65.1798 	EXP 	button_text: text = 1
65.1798 	EXP 	instruction: autoDraw = True
65.1798 	EXP 	button_text: autoDraw = True
65.9315 	EXP 	New trial (rep=0, index=3): <Trial 3 (3 in rep 0) data={'this_button': 4, 'correct_button': 5, 'thisN': 3, 'thisTrialN': 3, 'thisRepN': 0}>
65.9387 	DATA 	Keypress: 2
65.9469 	INFO 	Keyboard events cleared
65.9463 	EXP 	instruction: autoDraw = False
65.9463 	EXP 	button_text: autoDraw = False
65.9463 	EXP 	button_text: height = 0.05000000000000001
65.9463 	EXP 	button_text: height = 0.05000000000000001
65.9463 	EXP 	button_text: height = 0.05000000000000001
65.9463 	EXP 	button_text: text = 4
65.9463 	EXP 	instruction: autoDraw = True
65.9463 	EXP 	button_text: autoDraw = True
66.5365 	DATA 	Keypress: 5
66.5469 	INFO 	Keyboard events cleared
66.5463 	EXP 	instruction: autoDraw = False
66.5463 	EXP 	button_text: autoDraw = False
66.5463 	EXP 	select_video_text: autoDraw = True
75.0373 	DATA 	Keypress: 4
75.0401 	INFO 	Keyboard events cleared
75.0397 	EXP 	select_video_text: autoDraw = False
75.0397 	EXP 	video_text: autoDraw = True
79.8821 	EXP 	movie: autoDraw = True
80.0460 	EXP 	video_text: autoDraw = False
507.6234 	DATA 	Keypress: 3
658.4243 	DATA 	Keypress: space
658.4305 	INFO 	Keyboard events cleared
658.4298 	EXP 	movie: autoDraw = False
658.4298 	EXP 	video_text: autoDraw = False
658.4298 	EXP 	end_text: autoDraw = True
661.6653 	DATA 	Keypress: escape
661.8299 	EXP 	part0: status = STOPPED
661.8448 	EXP 	end_text: autoDraw = False
661.8450 	EXP 	part0: status = STOPPED
661.8517 	INFO 	saved data to 'C:\\Users\\Nemecz\\Documents\\Guess_fMRI\\data/Guess_4215_part0_2025-10-17_17h36.36.109.csv'
661.8535 	INFO 	saved data to C:\Users\Nemecz\Documents\Guess_fMRI\data/Guess_4215_part0_2025-10-17_17h36.36.109.psydat
