26.0140 	INFO 	Loaded monitor calibration from ['2025_03_24 13:01']
26.0595 	WARNING 	User requested fullscreen with size [1920 1080], but screen is actually [1024, 768]. Using actual size
26.2531 	EXP 	Created window1 = Window(allowGUI=False, allowStencil=False, autoLog=True, backendConf=UNKNOWN, backgroundFit=<method-wrapper '__getattribute__' of attributeSetter object at 0x000001BFAFF026D0>, backgroundImage=<method-wrapper '__getattribute__' of attributeSetter object at 0x000001BFAFF02670>, bitsMode=UNKNOWN, blendMode='avg', bpc=(8, 8, 8), color=array([0, 0, 0]), colorSpace='rgb', depthBits=8, fullscr=True, gamma=None, gammaErrorPolicy='raise', infoMsg=UNKNOWN, lms=UNKNOWN, monitor=<psychopy.monitors.calibTools.Monitor object at 0x000001BFAFFC0D60>, multiSample=False, name='window1', numSamples=2, pos=[0.0, 0.0], screen=1, size=array([1024,  768]), stencilBits=0, stereo=False, title='PsychoPy', units='height', useFBO=True, useRetina=False, viewOri=0.0, viewPos=None, viewScale=None, waitBlanking=True, winType='pyglet')
26.2532 	EXP 	window1: backgroundImage = ''
26.2532 	EXP 	window1: backgroundFit = 'none'
26.3162 	EXP 	window1: Attempting to measure frame rate of screen (1) ...
26.3162 	EXP 	window1: recordFrameIntervals = False
26.4933 	EXP 	window1: recordFrameIntervals = True
26.6770 	EXP 	Screen (1) actual frame rate measured at 59.96Hz
26.6771 	EXP 	window1: recordFrameIntervals = False
29.8576 	INFO 	keyboard.Keyboard is using iohub backend.
29.8577 	INFO 	keyboard.Keyboard is using iohub backend.
29.8577 	INFO 	keyboard.Keyboard is using iohub backend.
29.8577 	INFO 	keyboard.Keyboard is using iohub backend.
29.8578 	INFO 	keyboard.Keyboard is using iohub backend.
29.8578 	INFO 	keyboard.Keyboard is using iohub backend.
29.8578 	INFO 	keyboard.Keyboard is using iohub backend.
29.8579 	INFO 	keyboard.Keyboard is using iohub backend.
29.8579 	EXP 	sm: status = STARTED
29.9361 	EXP 	Created welcome_text = TextStim(__class__=<class 'psychopy.visual.text.TextStim'>, alignHoriz=method-wrapper(...), alignText='center', alignVert=method-wrapper(...), anchorHoriz='center', anchorVert='center', antialias=True, autoDraw=False, autoLog=True, bold=False, color=array([1., 1., 1.]), colorSpace='rgb', contrast=1.0, depth=0.0, draggable=False, flipHoriz=False, flipVert=False, font='Arial', fontFiles=[], height=0.05000000000000001, italic=False, languageStyle='LTR', name='welcome_text', opacity=1, ori=0.0, pos=array([0., 0.]), rgb=UNKNOWN, text='Willkommen zum Ratespiel Experiment!', units='height', win=Window(...), wrapWidth=1)
29.9565 	EXP 	Created sm_instructions1_text = TextStim(__class__=<class 'psychopy.visual.text.TextStim'>, alignHoriz=method-wrapper(...), alignText='center', alignVert=method-wrapper(...), anchorHoriz='center', anchorVert='center', antialias=True, autoDraw=False, autoLog=True, bold=False, color=array([1., 1., 1.]), colorSpace='rgb', contrast=1.0, depth=0.0, draggable=False, flipHoriz=False, flipVert=False, font='Arial', fontFiles=[], height=0.05000000000000001, italic=False, languageStyle='LTR', name='sm_instructions1_text', opacity=1, ori=0.0, pos=array([0., 0.]), rgb=UNKNOWN, text=str(...), units='height', win=Window(...), wrapWidth=1.2)
29.9688 	EXP 	Created sm_instructions2_text = TextStim(__class__=<class 'psychopy.visual.text.TextStim'>, alignHoriz=method-wrapper(...), alignText='center', alignVert=method-wrapper(...), anchorHoriz='center', anchorVert='center', antialias=True, autoDraw=False, autoLog=True, bold=False, color=array([1., 1., 1.]), colorSpace='rgb', contrast=1.0, depth=0.0, draggable=False, flipHoriz=False, flipVert=False, font='Arial', fontFiles=[], height=0.05000000000000001, italic=False, languageStyle='LTR', name='sm_instructions2_text', opacity=1, ori=0.0, pos=array([0., 0.]), rgb=UNKNOWN, text=str(...), units='height', win=Window(...), wrapWidth=1.2)
29.9718 	EXP 	Created ready_set_text = TextStim(__class__=<class 'psychopy.visual.text.TextStim'>, alignHoriz=method-wrapper(...), alignText='center', alignVert=method-wrapper(...), anchorHoriz='center', anchorVert='center', antialias=True, autoDraw=False, autoLog=True, bold=False, color=array([1., 1., 1.]), colorSpace='rgb', contrast=1.0, depth=-1.0, draggable=False, flipHoriz=False, flipVert=False, font='Arial', fontFiles=[], height=0.05000000000000001, italic=False, languageStyle='LTR', name='ready_set_text', opacity=1, ori=0.0, pos=array([0., 0.]), rgb=UNKNOWN, text='Der Scanner wird vorbereitet.', units='height', win=Window(...), wrapWidth=1)
29.9752 	EXP 	Created starting_soon = TextStim(__class__=<class 'psychopy.visual.text.TextStim'>, alignHoriz=method-wrapper(...), alignText='center', alignVert=method-wrapper(...), anchorHoriz='center', anchorVert='center', antialias=True, autoDraw=False, autoLog=True, bold=False, color=array([1., 1., 1.]), colorSpace='rgb', contrast=1.0, depth=0.0, draggable=False, flipHoriz=False, flipVert=False, font='Arial', fontFiles=[], height=0.05000000000000001, italic=False, languageStyle='LTR', name='starting_soon', opacity=1, ori=0.0, pos=array([0., 0.]), rgb=UNKNOWN, text='fMRT startet gleich...', units='height', win=Window(...), wrapWidth=1)
29.9760 	EXP 	Created blank_cross = TextStim(__class__=<class 'psychopy.visual.text.TextStim'>, alignHoriz=method-wrapper(...), alignText='center', alignVert=method-wrapper(...), anchorHoriz='center', anchorVert='center', antialias=True, autoDraw=False, autoLog=True, bold=False, color=array([1., 1., 1.]), colorSpace='rgb', contrast=1.0, depth=0.0, draggable=False, flipHoriz=False, flipVert=False, font='Arial', fontFiles=[], height=0.05, italic=False, languageStyle='LTR', name='blank_cross', opacity=1, ori=0.0, pos=array([0., 0.]), rgb=UNKNOWN, text='', units='height', win=Window(...), wrapWidth=1)
29.9768 	EXP 	Created iti_cross = TextStim(__class__=<class 'psychopy.visual.text.TextStim'>, alignHoriz=method-wrapper(...), alignText='center', alignVert=method-wrapper(...), anchorHoriz='center', anchorVert='center', antialias=True, autoDraw=False, autoLog=True, bold=False, color=array([1., 1., 1.]), colorSpace='rgb', contrast=1.0, depth=0.0, draggable=False, flipHoriz=False, flipVert=False, font='Arial', fontFiles=[], height=0.05, italic=False, languageStyle='LTR', name='iti_cross', opacity=1, ori=0.0, pos=array([0., 0.]), rgb=UNKNOWN, text='', units='height', win=Window(...), wrapWidth=1)
29.9805 	EXP 	Created living_nonliving_text = TextStim(__class__=<class 'psychopy.visual.text.TextStim'>, alignHoriz=method-wrapper(...), alignText='center', alignVert=method-wrapper(...), anchorHoriz='center', anchorVert='center', antialias=True, autoDraw=False, autoLog=True, bold=False, color=array([1., 1., 1.]), colorSpace='rgb', contrast=1.0, depth=-2.0, draggable=False, flipHoriz=False, flipVert=False, font='Arial', fontFiles=[], height=0.05000000000000001, italic=False, languageStyle='LTR', name='living_nonliving_text', opacity=1, ori=0.0, pos=array([ 0. , -0.3]), rgb=UNKNOWN, text='1) Lebendig        2) Nicht lebendig', units='height', win=Window(...), wrapWidth=1)
29.9813 	EXP 	Created semantic_map_item = TextStim(__class__=<class 'psychopy.visual.text.TextStim'>, alignHoriz=method-wrapper(...), alignText='center', alignVert=method-wrapper(...), anchorHoriz='center', anchorVert='center', antialias=True, autoDraw=False, autoLog=True, bold=False, color=array([1., 1., 1.]), colorSpace='rgb', contrast=1.0, depth=-3.0, draggable=False, flipHoriz=False, flipVert=False, font='Arial', fontFiles=[], height=0.05, italic=False, languageStyle='LTR', name='semantic_map_item', opacity=1, ori=0.0, pos=array([0., 0.]), rgb=UNKNOWN, text='', units='height', win=Window(...), wrapWidth=1)
29.9822 	EXP 	Created blank_cross = TextStim(__class__=<class 'psychopy.visual.text.TextStim'>, alignHoriz=method-wrapper(...), alignText='center', alignVert=method-wrapper(...), anchorHoriz='center', anchorVert='center', antialias=True, autoDraw=False, autoLog=True, bold=False, color=array([1., 1., 1.]), colorSpace='rgb', contrast=1.0, depth=0.0, draggable=False, flipHoriz=False, flipVert=False, font='Arial', fontFiles=[], height=0.05, italic=False, languageStyle='LTR', name='blank_cross', opacity=1, ori=0.0, pos=array([0., 0.]), rgb=UNKNOWN, text='', units='height', win=Window(...), wrapWidth=1)
29.9860 	EXP 	Created task_break_text = TextStim(__class__=<class 'psychopy.visual.text.TextStim'>, alignHoriz=method-wrapper(...), alignText='center', alignVert=method-wrapper(...), anchorHoriz='center', anchorVert='center', antialias=True, autoDraw=False, autoLog=True, bold=False, color=array([1., 1., 1.]), colorSpace='rgb', contrast=1.0, depth=0.0, draggable=False, flipHoriz=False, flipVert=False, font='Arial', fontFiles=[], height=0.05000000000000001, italic=False, languageStyle='LTR', name='task_break_text', opacity=1, ori=0.0, pos=array([0., 0.]), rgb=UNKNOWN, text=str(...), units='height', win=Window(...), wrapWidth=1)
29.9893 	EXP 	Created thanks_text = TextStim(__class__=<class 'psychopy.visual.text.TextStim'>, alignHoriz=method-wrapper(...), alignText='center', alignVert=method-wrapper(...), anchorHoriz='center', anchorVert='center', antialias=True, autoDraw=False, autoLog=True, bold=False, color=array([1., 1., 1.]), colorSpace='rgb', contrast=1.0, depth=0.0, draggable=False, flipHoriz=False, flipVert=False, font='Arial', fontFiles=[], height=0.05000000000000001, italic=False, languageStyle='LTR', name='thanks_text', opacity=1, ori=0.0, pos=array([0., 0.]), rgb=UNKNOWN, text=str(...), units='height', win=Window(...), wrapWidth=1)
0.0089 	EXP 	welcome_text: autoDraw = True
3.0228 	INFO 	Keyboard events cleared
3.0220 	EXP 	welcome_text: autoDraw = False
3.0220 	EXP 	sm_instructions1_text: autoDraw = True
227.5078 	DATA 	Keypress: 2
227.5132 	INFO 	Keyboard events cleared
227.5126 	EXP 	sm_instructions1_text: autoDraw = False
227.5126 	EXP 	sm_instructions2_text: autoDraw = True
239.0943 	EXP 	New trial (rep=0, index=0): <Trial 0 (0 in rep 0) data={'thisN': 0, 'thisTrialN': 0, 'thisRepN': 0}>
239.1267 	EXP 	Imported sm_words.xlsx as conditions, 80 conditions, 4 params
239.1276 	EXP 	New trial (rep=0, index=0): <Trial 0 (0 in rep 0) data={'Cue': 'Schule', 'Target': 'Bücher', 'Mediator1': 'Ausbildung', 'Mediator2': 'Lernen', 'thisN': 0, 'thisTrialN': 0, 'thisRepN': 0}>
239.1282 	EXP 	New trial (rep=0, index=1): <Trial 1 (1 in rep 0) data={'Cue': 'Rebe', 'Target': 'Herbst', 'Mediator1': 'Trauben', 'Mediator2': 'Wein', 'thisN': 1, 'thisTrialN': 1, 'thisRepN': 0}>
239.1287 	EXP 	New trial (rep=0, index=2): <Trial 2 (2 in rep 0) data={'Cue': 'Rasen', 'Target': 'Pflege', 'Mediator1': 'Mäher', 'Mediator2': 'Gras', 'thisN': 2, 'thisTrialN': 2, 'thisRepN': 0}>
239.1291 	EXP 	New trial (rep=0, index=3): <Trial 3 (3 in rep 0) data={'Cue': 'Juwel', 'Target': 'Gold', 'Mediator1': 'Krone', 'Mediator2': 'Diamant', 'thisN': 3, 'thisTrialN': 3, 'thisRepN': 0}>
239.1294 	EXP 	New trial (rep=0, index=4): <Trial 4 (4 in rep 0) data={'Cue': 'Eule', 'Target': 'Augen', 'Mediator1': 'Vogel', 'Mediator2': 'Nacht', 'thisN': 4, 'thisTrialN': 4, 'thisRepN': 0}>
239.1298 	EXP 	New trial (rep=0, index=5): <Trial 5 (5 in rep 0) data={'Cue': 'Professor', 'Target': 'Student', 'Mediator1': 'Lehrer', 'Mediator2': 'Universität', 'thisN': 5, 'thisTrialN': 5, 'thisRepN': 0}>
239.1302 	EXP 	New trial (rep=0, index=6): <Trial 6 (6 in rep 0) data={'Cue': 'Klee', 'Target': 'Glück', 'Mediator1': 'Blatt', 'Mediator2': 'Feld', 'thisN': 6, 'thisTrialN': 6, 'thisRepN': 0}>
239.1306 	EXP 	New trial (rep=0, index=7): <Trial 7 (7 in rep 0) data={'Cue': 'Küche', 'Target': 'Tisch', 'Mediator1': 'Koch', 'Mediator2': 'Waschbecken', 'thisN': 7, 'thisTrialN': 7, 'thisRepN': 0}>
239.1310 	EXP 	New trial (rep=0, index=8): <Trial 8 (8 in rep 0) data={'Cue': 'Büro', 'Target': 'Geschäft', 'Mediator1': 'Arbeit', 'Mediator2': 'Schreibtisch', 'thisN': 8, 'thisTrialN': 8, 'thisRepN': 0}>
239.1314 	EXP 	New trial (rep=0, index=9): <Trial 9 (9 in rep 0) data={'Cue': 'Pumpe', 'Target': 'Reifen', 'Mediator1': 'Benzin', 'Mediator2': 'Wasser', 'thisN': 9, 'thisTrialN': 9, 'thisRepN': 0}>
239.1318 	EXP 	New trial (rep=0, index=10): <Trial 10 (10 in rep 0) data={'Cue': 'Kante', 'Target': 'Klinge', 'Mediator1': 'Klippe', 'Mediator2': 'Ecke', 'thisN': 10, 'thisTrialN': 10, 'thisRepN': 0}>
239.1322 	EXP 	New trial (rep=0, index=11): <Trial 11 (11 in rep 0) data={'Cue': 'Bad', 'Target': 'Handtuch', 'Mediator1': 'Wanne', 'Mediator2': 'Sauber', 'thisN': 11, 'thisTrialN': 11, 'thisRepN': 0}>
239.1326 	EXP 	New trial (rep=0, index=12): <Trial 12 (12 in rep 0) data={'Cue': 'Schneke', 'Target': 'Schleim', 'Mediator1': 'Langsam', 'Mediator2': 'Hülse', 'thisN': 12, 'thisTrialN': 12, 'thisRepN': 0}>
239.1329 	EXP 	New trial (rep=0, index=13): <Trial 13 (13 in rep 0) data={'Cue': 'Vampir', 'Target': 'Monster', 'Mediator1': 'Blut', 'Mediator2': 'Fledermaus', 'thisN': 13, 'thisTrialN': 13, 'thisRepN': 0}>
239.1334 	EXP 	New trial (rep=0, index=14): <Trial 14 (14 in rep 0) data={'Cue': 'Ziege', 'Target': 'Bart', 'Mediator1': 'Käse', 'Mediator2': 'Schaf', 'thisN': 14, 'thisTrialN': 14, 'thisRepN': 0}>
239.1337 	EXP 	New trial (rep=0, index=15): <Trial 15 (15 in rep 0) data={'Cue': 'Akrobatin', 'Target': 'Seil', 'Mediator1': 'Turnerin', 'Mediator2': 'Zirkus', 'thisN': 15, 'thisTrialN': 15, 'thisRepN': 0}>
239.1341 	EXP 	New trial (rep=0, index=16): <Trial 16 (16 in rep 0) data={'Cue': 'Tee', 'Target': 'Blätter', 'Mediator1': 'Kaffee', 'Mediator2': 'Trinken', 'thisN': 16, 'thisTrialN': 16, 'thisRepN': 0}>
239.1345 	EXP 	New trial (rep=0, index=17): <Trial 17 (17 in rep 0) data={'Cue': 'Raum', 'Target': 'Wohnung', 'Mediator1': 'Bett', 'Mediator2': 'Platz', 'thisN': 17, 'thisTrialN': 17, 'thisRepN': 0}>
239.1348 	EXP 	New trial (rep=0, index=18): <Trial 18 (18 in rep 0) data={'Cue': 'Vergangenheit', 'Target': 'Zeit', 'Mediator1': 'Gegenwart', 'Mediator2': 'Geschichte', 'thisN': 18, 'thisTrialN': 18, 'thisRepN': 0}>
239.1352 	EXP 	New trial (rep=0, index=19): <Trial 19 (19 in rep 0) data={'Cue': 'Sitzgurt', 'Target': 'Gesetz', 'Mediator1': 'Auto', 'Mediator2': 'Sicherheit', 'thisN': 19, 'thisTrialN': 19, 'thisRepN': 0}>
239.1356 	EXP 	New trial (rep=0, index=20): <Trial 20 (20 in rep 0) data={'Cue': 'Schnorchel', 'Target': 'Blase', 'Mediator1': 'Fisch', 'Mediator2': 'Schwimmen', 'thisN': 20, 'thisTrialN': 20, 'thisRepN': 0}>
239.1359 	EXP 	New trial (rep=0, index=21): <Trial 21 (21 in rep 0) data={'Cue': 'Postkarte', 'Target': 'Nachricht', 'Mediator1': 'Brief', 'Mediator2': 'Urlaub', 'thisN': 21, 'thisTrialN': 21, 'thisRepN': 0}>
239.1364 	EXP 	New trial (rep=0, index=22): <Trial 22 (22 in rep 0) data={'Cue': 'Agent', 'Target': 'Reise', 'Mediator1': 'Geheimnis', 'Mediator2': 'Spion', 'thisN': 22, 'thisTrialN': 22, 'thisRepN': 0}>
239.1367 	EXP 	New trial (rep=0, index=23): <Trial 23 (23 in rep 0) data={'Cue': 'Anführer', 'Target': 'Boss', 'Mediator1': 'Anhänger', 'Mediator2': 'Präsident', 'thisN': 23, 'thisTrialN': 23, 'thisRepN': 0}>
239.1371 	EXP 	New trial (rep=0, index=24): <Trial 24 (24 in rep 0) data={'Cue': 'Zug', 'Target': 'Bus', 'Mediator1': 'Gleis', 'Mediator2': 'Lokomotive', 'thisN': 24, 'thisTrialN': 24, 'thisRepN': 0}>
239.1375 	EXP 	New trial (rep=0, index=25): <Trial 25 (25 in rep 0) data={'Cue': 'Garten', 'Target': 'Zwerg', 'Mediator1': 'Blumen', 'Mediator2': 'Gemüse', 'thisN': 25, 'thisTrialN': 25, 'thisRepN': 0}>
239.1379 	EXP 	New trial (rep=0, index=26): <Trial 26 (26 in rep 0) data={'Cue': 'Service', 'Target': 'Station', 'Mediator1': 'Hilfe', 'Mediator2': 'Kunde', 'thisN': 26, 'thisTrialN': 26, 'thisRepN': 0}>
239.1382 	EXP 	New trial (rep=0, index=27): <Trial 27 (27 in rep 0) data={'Cue': 'Geschwister', 'Target': 'Eltern', 'Mediator1': 'Bruder', 'Mediator2': 'Schwester', 'thisN': 27, 'thisTrialN': 27, 'thisRepN': 0}>
239.1386 	EXP 	New trial (rep=0, index=28): <Trial 28 (28 in rep 0) data={'Cue': 'Tradition', 'Target': 'Erbe', 'Mediator1': 'Weihnachten', 'Mediator2': 'Familie', 'thisN': 28, 'thisTrialN': 28, 'thisRepN': 0}>
239.1390 	EXP 	New trial (rep=0, index=29): <Trial 29 (29 in rep 0) data={'Cue': 'Sumpf', 'Target': 'Alligator', 'Mediator1': 'Schlamm', 'Mediator2': 'Moor', 'thisN': 29, 'thisTrialN': 29, 'thisRepN': 0}>
239.1394 	EXP 	New trial (rep=0, index=30): <Trial 30 (30 in rep 0) data={'Cue': 'Knie', 'Target': 'Knöchel', 'Mediator1': 'Gelenk', 'Mediator2': 'Beugen', 'thisN': 30, 'thisTrialN': 30, 'thisRepN': 0}>
239.1397 	EXP 	New trial (rep=0, index=31): <Trial 31 (31 in rep 0) data={'Cue': 'Nudeln', 'Target': 'Pizza', 'Mediator1': 'Spaghetti', 'Mediator2': 'Soße', 'thisN': 31, 'thisTrialN': 31, 'thisRepN': 0}>
239.1401 	EXP 	New trial (rep=0, index=32): <Trial 32 (32 in rep 0) data={'Cue': 'Publikum', 'Target': 'Konzert', 'Mediator1': 'Applaus', 'Mediator2': 'Leute', 'thisN': 32, 'thisTrialN': 32, 'thisRepN': 0}>
239.1405 	EXP 	New trial (rep=0, index=33): <Trial 33 (33 in rep 0) data={'Cue': 'Brise', 'Target': 'Strand', 'Mediator1': 'Luft', 'Mediator2': 'Wind', 'thisN': 33, 'thisTrialN': 33, 'thisRepN': 0}>
239.1408 	EXP 	New trial (rep=0, index=34): <Trial 34 (34 in rep 0) data={'Cue': 'Winter', 'Target': 'Weiss', 'Mediator1': 'Kälte', 'Mediator2': 'Schnee', 'thisN': 34, 'thisTrialN': 34, 'thisRepN': 0}>
239.1412 	EXP 	New trial (rep=0, index=35): <Trial 35 (35 in rep 0) data={'Cue': 'Zimt', 'Target': 'Rolle', 'Mediator1': 'Gewürz', 'Mediator2': 'Zucker', 'thisN': 35, 'thisTrialN': 35, 'thisRepN': 0}>
239.1416 	EXP 	New trial (rep=0, index=36): <Trial 36 (36 in rep 0) data={'Cue': 'Hai', 'Target': 'Ozean', 'Mediator1': 'Zähne', 'Mediator2': 'Angriff', 'thisN': 36, 'thisTrialN': 36, 'thisRepN': 0}>
239.1419 	EXP 	New trial (rep=0, index=37): <Trial 37 (37 in rep 0) data={'Cue': 'Zahnpasta', 'Target': 'Gel', 'Mediator1': 'Bürste', 'Mediator2': 'Tube', 'thisN': 37, 'thisTrialN': 37, 'thisRepN': 0}>
239.1424 	EXP 	New trial (rep=0, index=38): <Trial 38 (38 in rep 0) data={'Cue': 'Statue', 'Target': 'Monument', 'Mediator1': 'Stein', 'Mediator2': 'Marmor', 'thisN': 38, 'thisTrialN': 38, 'thisRepN': 0}>
239.1427 	EXP 	New trial (rep=0, index=39): <Trial 39 (39 in rep 0) data={'Cue': 'Beutel', 'Target': 'Sack', 'Mediator1': 'Tasche', 'Mediator2': 'Känguru', 'thisN': 39, 'thisTrialN': 39, 'thisRepN': 0}>
239.1431 	EXP 	New trial (rep=0, index=40): <Trial 40 (40 in rep 0) data={'Cue': 'Schlüssel', 'Target': 'Ring', 'Mediator1': 'Tür', 'Mediator2': 'Schloss', 'thisN': 40, 'thisTrialN': 40, 'thisRepN': 0}>
239.1437 	EXP 	New trial (rep=0, index=41): <Trial 41 (41 in rep 0) data={'Cue': 'Zeichnung', 'Target': 'Bleistift', 'Mediator1': 'Bild', 'Mediator2': 'Kunst', 'thisN': 41, 'thisTrialN': 41, 'thisRepN': 0}>
239.1441 	EXP 	New trial (rep=0, index=42): <Trial 42 (42 in rep 0) data={'Cue': 'Wüste', 'Target': 'Sturm', 'Mediator1': 'Sand', 'Mediator2': 'Trocken', 'thisN': 42, 'thisTrialN': 42, 'thisRepN': 0}>
239.1445 	EXP 	New trial (rep=0, index=43): <Trial 43 (43 in rep 0) data={'Cue': 'Fakt', 'Target': 'Wissen', 'Mediator1': 'Wahrheit', 'Mediator2': 'Fiktion', 'thisN': 43, 'thisTrialN': 43, 'thisRepN': 0}>
239.1449 	EXP 	New trial (rep=0, index=44): <Trial 44 (44 in rep 0) data={'Cue': 'Rose', 'Target': 'Geruch', 'Mediator1': 'Dorn', 'Mediator2': 'Rot', 'thisN': 44, 'thisTrialN': 44, 'thisRepN': 0}>
239.1452 	EXP 	New trial (rep=0, index=45): <Trial 45 (45 in rep 0) data={'Cue': 'Kiefer', 'Target': 'Kabine', 'Mediator1': 'Baum', 'Mediator2': 'Zapfen', 'thisN': 45, 'thisTrialN': 45, 'thisRepN': 0}>
239.1456 	EXP 	New trial (rep=0, index=46): <Trial 46 (46 in rep 0) data={'Cue': 'Journalistin', 'Target': 'Brille', 'Mediator1': 'Zeitung', 'Mediator2': 'Autor', 'thisN': 46, 'thisTrialN': 46, 'thisRepN': 0}>
239.1460 	EXP 	New trial (rep=0, index=47): <Trial 47 (47 in rep 0) data={'Cue': 'Finger', 'Target': 'Puppe', 'Mediator1': 'Hand', 'Mediator2': 'Zeigen', 'thisN': 47, 'thisTrialN': 47, 'thisRepN': 0}>
239.1463 	EXP 	New trial (rep=0, index=48): <Trial 48 (48 in rep 0) data={'Cue': 'Frieden', 'Target': 'Harmonie', 'Mediator1': 'Liebe', 'Mediator2': 'Krieg', 'thisN': 48, 'thisTrialN': 48, 'thisRepN': 0}>
239.1467 	EXP 	New trial (rep=0, index=49): <Trial 49 (49 in rep 0) data={'Cue': 'Kino', 'Target': 'Popcorn', 'Mediator1': 'Theater', 'Mediator2': 'Film', 'thisN': 49, 'thisTrialN': 49, 'thisRepN': 0}>
239.1470 	EXP 	New trial (rep=0, index=50): <Trial 50 (50 in rep 0) data={'Cue': 'Vulkan', 'Target': 'Asche', 'Mediator1': 'Lava', 'Mediator2': 'Ausbruch', 'thisN': 50, 'thisTrialN': 50, 'thisRepN': 0}>
239.1473 	EXP 	New trial (rep=0, index=51): <Trial 51 (51 in rep 0) data={'Cue': 'Handy', 'Target': 'Nummer', 'Mediator1': 'Anruf', 'Mediator2': 'Gespräch', 'thisN': 51, 'thisTrialN': 51, 'thisRepN': 0}>
239.1477 	EXP 	New trial (rep=0, index=52): <Trial 52 (52 in rep 0) data={'Cue': 'Milch', 'Target': 'Butter', 'Mediator1': 'Kuh', 'Mediator2': 'Flasche', 'thisN': 52, 'thisTrialN': 52, 'thisRepN': 0}>
239.1480 	EXP 	New trial (rep=0, index=53): <Trial 53 (53 in rep 0) data={'Cue': 'Safari', 'Target': 'Ausflug', 'Mediator1': 'Afrika', 'Mediator2': 'Dschungel', 'thisN': 53, 'thisTrialN': 53, 'thisRepN': 0}>
239.1484 	EXP 	New trial (rep=0, index=54): <Trial 54 (54 in rep 0) data={'Cue': 'Schulter', 'Target': 'Schmerz', 'Mediator1': 'Arm', 'Mediator2': 'Weinen', 'thisN': 54, 'thisTrialN': 54, 'thisRepN': 0}>
239.1487 	EXP 	New trial (rep=0, index=55): <Trial 55 (55 in rep 0) data={'Cue': 'Gast', 'Target': 'Zimmer', 'Mediator1': 'Freund', 'Mediator2': 'Besucher', 'thisN': 55, 'thisTrialN': 55, 'thisRepN': 0}>
239.1491 	EXP 	New trial (rep=0, index=56): <Trial 56 (56 in rep 0) data={'Cue': 'Nase', 'Target': 'Atem', 'Mediator1': 'Gesicht', 'Mediator2': 'Riechen', 'thisN': 56, 'thisTrialN': 56, 'thisRepN': 0}>
239.1495 	EXP 	New trial (rep=0, index=57): <Trial 57 (57 in rep 0) data={'Cue': 'Klub', 'Target': 'Gesellschaft', 'Mediator1': 'Party', 'Mediator2': 'Gruppe', 'thisN': 57, 'thisTrialN': 57, 'thisRepN': 0}>
239.1498 	EXP 	New trial (rep=0, index=58): <Trial 58 (58 in rep 0) data={'Cue': 'Decke', 'Target': 'Kissen', 'Mediator1': 'Wärme', 'Mediator2': 'Abdeckung', 'thisN': 58, 'thisTrialN': 58, 'thisRepN': 0}>
239.1502 	EXP 	New trial (rep=0, index=59): <Trial 59 (59 in rep 0) data={'Cue': 'Keller', 'Target': 'Flut', 'Mediator1': 'Dachboden', 'Mediator2': 'Dunkelheit', 'thisN': 59, 'thisTrialN': 59, 'thisRepN': 0}>
239.1505 	EXP 	New trial (rep=0, index=60): <Trial 60 (60 in rep 0) data={'Cue': 'Teleskop', 'Target': 'Himmel', 'Mediator1': 'Sterne', 'Mediator2': 'Weltraum', 'thisN': 60, 'thisTrialN': 60, 'thisRepN': 0}>
239.1508 	EXP 	New trial (rep=0, index=61): <Trial 61 (61 in rep 0) data={'Cue': 'Foto', 'Target': 'Album', 'Mediator1': 'Erinnerung', 'Mediator2': 'Kamera', 'thisN': 61, 'thisTrialN': 61, 'thisRepN': 0}>
239.1512 	EXP 	New trial (rep=0, index=62): <Trial 62 (62 in rep 0) data={'Cue': 'Vers', 'Target': 'Kapitel', 'Mediator1': 'Poesie', 'Mediator2': 'Lied', 'thisN': 62, 'thisTrialN': 62, 'thisRepN': 0}>
239.1515 	EXP 	New trial (rep=0, index=63): <Trial 63 (63 in rep 0) data={'Cue': 'Scheidung', 'Target': 'Anwalt', 'Mediator1': 'Ehe', 'Mediator2': 'Trennung', 'thisN': 63, 'thisTrialN': 63, 'thisRepN': 0}>
239.1519 	EXP 	New trial (rep=0, index=64): <Trial 64 (64 in rep 0) data={'Cue': 'Helm', 'Target': 'Haar', 'Mediator1': 'Fahrrad', 'Mediator2': 'Kopf', 'thisN': 64, 'thisTrialN': 64, 'thisRepN': 0}>
239.1522 	EXP 	New trial (rep=0, index=65): <Trial 65 (65 in rep 0) data={'Cue': 'Golf', 'Target': 'Loch', 'Mediator1': 'Ball', 'Mediator2': 'Schläger', 'thisN': 65, 'thisTrialN': 65, 'thisRepN': 0}>
239.1526 	EXP 	New trial (rep=0, index=66): <Trial 66 (66 in rep 0) data={'Cue': 'Oster', 'Target': 'Sonntag', 'Mediator1': 'Hase', 'Mediator2': 'Ei', 'thisN': 66, 'thisTrialN': 66, 'thisRepN': 0}>
239.1529 	EXP 	New trial (rep=0, index=67): <Trial 67 (67 in rep 0) data={'Cue': 'Berg', 'Target': 'Tal', 'Mediator1': 'Hügel', 'Mediator2': 'Spitze', 'thisN': 67, 'thisTrialN': 67, 'thisRepN': 0}>
239.1532 	EXP 	New trial (rep=0, index=68): <Trial 68 (68 in rep 0) data={'Cue': 'Schuh', 'Target': 'Stiefel', 'Mediator1': 'Fuß', 'Mediator2': 'Schnürsenkel', 'thisN': 68, 'thisTrialN': 68, 'thisRepN': 0}>
239.1536 	EXP 	New trial (rep=0, index=69): <Trial 69 (69 in rep 0) data={'Cue': 'Humor', 'Target': 'Komödie', 'Mediator1': 'Lachen', 'Mediator2': 'Spaß', 'thisN': 69, 'thisTrialN': 69, 'thisRepN': 0}>
239.1539 	EXP 	New trial (rep=0, index=70): <Trial 70 (70 in rep 0) data={'Cue': 'Kellner', 'Target': 'Tablett', 'Mediator1': 'Restaurant', 'Mediator2': 'Kellnerin', 'thisN': 70, 'thisTrialN': 70, 'thisRepN': 0}>
239.1543 	EXP 	New trial (rep=0, index=71): <Trial 71 (71 in rep 0) data={'Cue': 'Spinne', 'Target': 'Beine', 'Mediator1': 'Netz', 'Mediator2': 'Schwarz', 'thisN': 71, 'thisTrialN': 71, 'thisRepN': 0}>
239.1546 	EXP 	New trial (rep=0, index=72): <Trial 72 (72 in rep 0) data={'Cue': 'Shampoo', 'Target': 'Seife', 'Mediator1': 'Conditioner', 'Mediator2': 'Haare', 'thisN': 72, 'thisTrialN': 72, 'thisRepN': 0}>
239.1550 	EXP 	New trial (rep=0, index=73): <Trial 73 (73 in rep 0) data={'Cue': 'Mappe', 'Target': 'Buch', 'Mediator1': 'Datei', 'Mediator2': 'Papier', 'thisN': 73, 'thisTrialN': 73, 'thisRepN': 0}>
239.1553 	EXP 	New trial (rep=0, index=74): <Trial 74 (74 in rep 0) data={'Cue': 'Chips', 'Target': 'Salz', 'Mediator1': 'Kartoffel', 'Mediator2': 'Dip', 'thisN': 74, 'thisTrialN': 74, 'thisRepN': 0}>
239.1557 	EXP 	New trial (rep=0, index=75): <Trial 75 (75 in rep 0) data={'Cue': 'Zunge', 'Target': 'Sprechen', 'Mediator1': 'Mund', 'Mediator2': 'Schmecken', 'thisN': 75, 'thisTrialN': 75, 'thisRepN': 0}>
239.1561 	EXP 	New trial (rep=0, index=76): <Trial 76 (76 in rep 0) data={'Cue': 'Teller', 'Target': 'Gabel', 'Mediator1': 'Gericht', 'Mediator2': 'Essen', 'thisN': 76, 'thisTrialN': 76, 'thisRepN': 0}>
239.1564 	EXP 	New trial (rep=0, index=77): <Trial 77 (77 in rep 0) data={'Cue': 'Geburtstag', 'Target': 'Kerze', 'Mediator1': 'Kuchen ', 'Mediator2': 'Feier', 'thisN': 77, 'thisTrialN': 77, 'thisRepN': 0}>
239.1567 	EXP 	New trial (rep=0, index=78): <Trial 78 (78 in rep 0) data={'Cue': 'Olympia', 'Target': 'Medaille', 'Mediator1': 'Spiele', 'Mediator2': 'Ringe', 'thisN': 78, 'thisTrialN': 78, 'thisRepN': 0}>
239.1570 	EXP 	New trial (rep=0, index=79): <Trial 79 (79 in rep 0) data={'Cue': 'Rauch', 'Target': 'Nebel', 'Mediator1': 'Zigarette', 'Mediator2': 'Feuer', 'thisN': 79, 'thisTrialN': 79, 'thisRepN': 0}>
239.1621 	EXP 	New trial (rep=0, index=0): <Trial 0 (0 in rep 0) data={'thisN': 0, 'thisTrialN': 0, 'thisRepN': 0}>
239.1670 	EXP 	Imported sm_iti_randomization.csv as conditions, 80 conditions, 1 params
239.1675 	EXP 	New trial (rep=0, index=0): <Trial 0 (0 in rep 0) data={'iti': 4.0852, 'thisN': 0, 'thisTrialN': 0, 'thisRepN': 0}>
239.1679 	EXP 	New trial (rep=0, index=1): <Trial 1 (1 in rep 0) data={'iti': 3.0547, 'thisN': 1, 'thisTrialN': 1, 'thisRepN': 0}>
239.1682 	EXP 	New trial (rep=0, index=2): <Trial 2 (2 in rep 0) data={'iti': 2.6097, 'thisN': 2, 'thisTrialN': 2, 'thisRepN': 0}>
239.1685 	EXP 	New trial (rep=0, index=3): <Trial 3 (3 in rep 0) data={'iti': 2.1413, 'thisN': 3, 'thisTrialN': 3, 'thisRepN': 0}>
239.1688 	EXP 	New trial (rep=0, index=4): <Trial 4 (4 in rep 0) data={'iti': 2.0842, 'thisN': 4, 'thisTrialN': 4, 'thisRepN': 0}>
239.1691 	EXP 	New trial (rep=0, index=5): <Trial 5 (5 in rep 0) data={'iti': 2.3843, 'thisN': 5, 'thisTrialN': 5, 'thisRepN': 0}>
239.1694 	EXP 	New trial (rep=0, index=6): <Trial 6 (6 in rep 0) data={'iti': 2.3916, 'thisN': 6, 'thisTrialN': 6, 'thisRepN': 0}>
239.1697 	EXP 	New trial (rep=0, index=7): <Trial 7 (7 in rep 0) data={'iti': 2.2385, 'thisN': 7, 'thisTrialN': 7, 'thisRepN': 0}>
239.1700 	EXP 	New trial (rep=0, index=8): <Trial 8 (8 in rep 0) data={'iti': 2.4167, 'thisN': 8, 'thisTrialN': 8, 'thisRepN': 0}>
239.1703 	EXP 	New trial (rep=0, index=9): <Trial 9 (9 in rep 0) data={'iti': 2.0589, 'thisN': 9, 'thisTrialN': 9, 'thisRepN': 0}>
239.1706 	EXP 	New trial (rep=0, index=10): <Trial 10 (10 in rep 0) data={'iti': 2.5519, 'thisN': 10, 'thisTrialN': 10, 'thisRepN': 0}>
239.1709 	EXP 	New trial (rep=0, index=11): <Trial 11 (11 in rep 0) data={'iti': 2.1743, 'thisN': 11, 'thisTrialN': 11, 'thisRepN': 0}>
239.1712 	EXP 	New trial (rep=0, index=12): <Trial 12 (12 in rep 0) data={'iti': 2.3419, 'thisN': 12, 'thisTrialN': 12, 'thisRepN': 0}>
239.1715 	EXP 	New trial (rep=0, index=13): <Trial 13 (13 in rep 0) data={'iti': 2.1186, 'thisN': 13, 'thisTrialN': 13, 'thisRepN': 0}>
239.1718 	EXP 	New trial (rep=0, index=14): <Trial 14 (14 in rep 0) data={'iti': 2.7378, 'thisN': 14, 'thisTrialN': 14, 'thisRepN': 0}>
239.1721 	EXP 	New trial (rep=0, index=15): <Trial 15 (15 in rep 0) data={'iti': 2.9832, 'thisN': 15, 'thisTrialN': 15, 'thisRepN': 0}>
239.1724 	EXP 	New trial (rep=0, index=16): <Trial 16 (16 in rep 0) data={'iti': 4.3942, 'thisN': 16, 'thisTrialN': 16, 'thisRepN': 0}>
239.1727 	EXP 	New trial (rep=0, index=17): <Trial 17 (17 in rep 0) data={'iti': 5.1698, 'thisN': 17, 'thisTrialN': 17, 'thisRepN': 0}>
239.1730 	EXP 	New trial (rep=0, index=18): <Trial 18 (18 in rep 0) data={'iti': 4.5959, 'thisN': 18, 'thisTrialN': 18, 'thisRepN': 0}>
239.1734 	EXP 	New trial (rep=0, index=19): <Trial 19 (19 in rep 0) data={'iti': 2.1949, 'thisN': 19, 'thisTrialN': 19, 'thisRepN': 0}>
239.1737 	EXP 	New trial (rep=0, index=20): <Trial 20 (20 in rep 0) data={'iti': 2.3229, 'thisN': 20, 'thisTrialN': 20, 'thisRepN': 0}>
239.1740 	EXP 	New trial (rep=0, index=21): <Trial 21 (21 in rep 0) data={'iti': 4.5524, 'thisN': 21, 'thisTrialN': 21, 'thisRepN': 0}>
239.1743 	EXP 	New trial (rep=0, index=22): <Trial 22 (22 in rep 0) data={'iti': 3.2059, 'thisN': 22, 'thisTrialN': 22, 'thisRepN': 0}>
239.1746 	EXP 	New trial (rep=0, index=23): <Trial 23 (23 in rep 0) data={'iti': 2.3362, 'thisN': 23, 'thisTrialN': 23, 'thisRepN': 0}>
239.1749 	EXP 	New trial (rep=0, index=24): <Trial 24 (24 in rep 0) data={'iti': 4.3756, 'thisN': 24, 'thisTrialN': 24, 'thisRepN': 0}>
239.1752 	EXP 	New trial (rep=0, index=25): <Trial 25 (25 in rep 0) data={'iti': 3.0127, 'thisN': 25, 'thisTrialN': 25, 'thisRepN': 0}>
239.1755 	EXP 	New trial (rep=0, index=26): <Trial 26 (26 in rep 0) data={'iti': 2.1697, 'thisN': 26, 'thisTrialN': 26, 'thisRepN': 0}>
239.1758 	EXP 	New trial (rep=0, index=27): <Trial 27 (27 in rep 0) data={'iti': 2.6446, 'thisN': 27, 'thisTrialN': 27, 'thisRepN': 0}>
239.1761 	EXP 	New trial (rep=0, index=28): <Trial 28 (28 in rep 0) data={'iti': 2.5169, 'thisN': 28, 'thisTrialN': 28, 'thisRepN': 0}>
239.1763 	EXP 	New trial (rep=0, index=29): <Trial 29 (29 in rep 0) data={'iti': 2.0934, 'thisN': 29, 'thisTrialN': 29, 'thisRepN': 0}>
239.1766 	EXP 	New trial (rep=0, index=30): <Trial 30 (30 in rep 0) data={'iti': 5.3655, 'thisN': 30, 'thisTrialN': 30, 'thisRepN': 0}>
239.1769 	EXP 	New trial (rep=0, index=31): <Trial 31 (31 in rep 0) data={'iti': 2.9036, 'thisN': 31, 'thisTrialN': 31, 'thisRepN': 0}>
239.1772 	EXP 	New trial (rep=0, index=32): <Trial 32 (32 in rep 0) data={'iti': 3.2825, 'thisN': 32, 'thisTrialN': 32, 'thisRepN': 0}>
239.1775 	EXP 	New trial (rep=0, index=33): <Trial 33 (33 in rep 0) data={'iti': 4.3424, 'thisN': 33, 'thisTrialN': 33, 'thisRepN': 0}>
239.1778 	EXP 	New trial (rep=0, index=34): <Trial 34 (34 in rep 0) data={'iti': 2.3006, 'thisN': 34, 'thisTrialN': 34, 'thisRepN': 0}>
239.1781 	EXP 	New trial (rep=0, index=35): <Trial 35 (35 in rep 0) data={'iti': 2.5377, 'thisN': 35, 'thisTrialN': 35, 'thisRepN': 0}>
239.1783 	EXP 	New trial (rep=0, index=36): <Trial 36 (36 in rep 0) data={'iti': 2.5982, 'thisN': 36, 'thisTrialN': 36, 'thisRepN': 0}>
239.1786 	EXP 	New trial (rep=0, index=37): <Trial 37 (37 in rep 0) data={'iti': 2.2639, 'thisN': 37, 'thisTrialN': 37, 'thisRepN': 0}>
239.1789 	EXP 	New trial (rep=0, index=38): <Trial 38 (38 in rep 0) data={'iti': 3.189, 'thisN': 38, 'thisTrialN': 38, 'thisRepN': 0}>
239.1792 	EXP 	New trial (rep=0, index=39): <Trial 39 (39 in rep 0) data={'iti': 3.6723, 'thisN': 39, 'thisTrialN': 39, 'thisRepN': 0}>
239.1795 	EXP 	New trial (rep=0, index=40): <Trial 40 (40 in rep 0) data={'iti': 2.4521, 'thisN': 40, 'thisTrialN': 40, 'thisRepN': 0}>
239.1797 	EXP 	New trial (rep=0, index=41): <Trial 41 (41 in rep 0) data={'iti': 2.83, 'thisN': 41, 'thisTrialN': 41, 'thisRepN': 0}>
239.1800 	EXP 	New trial (rep=0, index=42): <Trial 42 (42 in rep 0) data={'iti': 3.6615, 'thisN': 42, 'thisTrialN': 42, 'thisRepN': 0}>
239.1803 	EXP 	New trial (rep=0, index=43): <Trial 43 (43 in rep 0) data={'iti': 2.4137, 'thisN': 43, 'thisTrialN': 43, 'thisRepN': 0}>
239.1806 	EXP 	New trial (rep=0, index=44): <Trial 44 (44 in rep 0) data={'iti': 2.1961, 'thisN': 44, 'thisTrialN': 44, 'thisRepN': 0}>
239.1808 	EXP 	New trial (rep=0, index=45): <Trial 45 (45 in rep 0) data={'iti': 2.4916, 'thisN': 45, 'thisTrialN': 45, 'thisRepN': 0}>
239.1811 	EXP 	New trial (rep=0, index=46): <Trial 46 (46 in rep 0) data={'iti': 4.4767, 'thisN': 46, 'thisTrialN': 46, 'thisRepN': 0}>
239.1814 	EXP 	New trial (rep=0, index=47): <Trial 47 (47 in rep 0) data={'iti': 5.3463, 'thisN': 47, 'thisTrialN': 47, 'thisRepN': 0}>
239.1817 	EXP 	New trial (rep=0, index=48): <Trial 48 (48 in rep 0) data={'iti': 2.7992, 'thisN': 48, 'thisTrialN': 48, 'thisRepN': 0}>
239.1820 	EXP 	New trial (rep=0, index=49): <Trial 49 (49 in rep 0) data={'iti': 2.9109, 'thisN': 49, 'thisTrialN': 49, 'thisRepN': 0}>
239.1824 	EXP 	New trial (rep=0, index=50): <Trial 50 (50 in rep 0) data={'iti': 3.6564, 'thisN': 50, 'thisTrialN': 50, 'thisRepN': 0}>
239.1827 	EXP 	New trial (rep=0, index=51): <Trial 51 (51 in rep 0) data={'iti': 3.4445, 'thisN': 51, 'thisTrialN': 51, 'thisRepN': 0}>
239.1830 	EXP 	New trial (rep=0, index=52): <Trial 52 (52 in rep 0) data={'iti': 2.8863, 'thisN': 52, 'thisTrialN': 52, 'thisRepN': 0}>
239.1833 	EXP 	New trial (rep=0, index=53): <Trial 53 (53 in rep 0) data={'iti': 2.3599, 'thisN': 53, 'thisTrialN': 53, 'thisRepN': 0}>
239.1835 	EXP 	New trial (rep=0, index=54): <Trial 54 (54 in rep 0) data={'iti': 2.0031, 'thisN': 54, 'thisTrialN': 54, 'thisRepN': 0}>
239.1838 	EXP 	New trial (rep=0, index=55): <Trial 55 (55 in rep 0) data={'iti': 3.6005, 'thisN': 55, 'thisTrialN': 55, 'thisRepN': 0}>
239.1841 	EXP 	New trial (rep=0, index=56): <Trial 56 (56 in rep 0) data={'iti': 4.4429, 'thisN': 56, 'thisTrialN': 56, 'thisRepN': 0}>
239.1844 	EXP 	New trial (rep=0, index=57): <Trial 57 (57 in rep 0) data={'iti': 2.0052, 'thisN': 57, 'thisTrialN': 57, 'thisRepN': 0}>
239.1847 	EXP 	New trial (rep=0, index=58): <Trial 58 (58 in rep 0) data={'iti': 3.6297, 'thisN': 58, 'thisTrialN': 58, 'thisRepN': 0}>
239.1850 	EXP 	New trial (rep=0, index=59): <Trial 59 (59 in rep 0) data={'iti': 3.039, 'thisN': 59, 'thisTrialN': 59, 'thisRepN': 0}>
239.1852 	EXP 	New trial (rep=0, index=60): <Trial 60 (60 in rep 0) data={'iti': 2.9645, 'thisN': 60, 'thisTrialN': 60, 'thisRepN': 0}>
239.1855 	EXP 	New trial (rep=0, index=61): <Trial 61 (61 in rep 0) data={'iti': 2.6312, 'thisN': 61, 'thisTrialN': 61, 'thisRepN': 0}>
239.1858 	EXP 	New trial (rep=0, index=62): <Trial 62 (62 in rep 0) data={'iti': 2.021, 'thisN': 62, 'thisTrialN': 62, 'thisRepN': 0}>
239.1861 	EXP 	New trial (rep=0, index=63): <Trial 63 (63 in rep 0) data={'iti': 3.1264, 'thisN': 63, 'thisTrialN': 63, 'thisRepN': 0}>
239.1863 	EXP 	New trial (rep=0, index=64): <Trial 64 (64 in rep 0) data={'iti': 2.9443, 'thisN': 64, 'thisTrialN': 64, 'thisRepN': 0}>
239.1866 	EXP 	New trial (rep=0, index=65): <Trial 65 (65 in rep 0) data={'iti': 2.2074, 'thisN': 65, 'thisTrialN': 65, 'thisRepN': 0}>
239.1868 	EXP 	New trial (rep=0, index=66): <Trial 66 (66 in rep 0) data={'iti': 3.8592, 'thisN': 66, 'thisTrialN': 66, 'thisRepN': 0}>
239.1872 	EXP 	New trial (rep=0, index=67): <Trial 67 (67 in rep 0) data={'iti': 2.9061, 'thisN': 67, 'thisTrialN': 67, 'thisRepN': 0}>
239.1874 	EXP 	New trial (rep=0, index=68): <Trial 68 (68 in rep 0) data={'iti': 2.7357, 'thisN': 68, 'thisTrialN': 68, 'thisRepN': 0}>
239.1877 	EXP 	New trial (rep=0, index=69): <Trial 69 (69 in rep 0) data={'iti': 2.8901, 'thisN': 69, 'thisTrialN': 69, 'thisRepN': 0}>
239.1880 	EXP 	New trial (rep=0, index=70): <Trial 70 (70 in rep 0) data={'iti': 2.7584, 'thisN': 70, 'thisTrialN': 70, 'thisRepN': 0}>
239.1882 	EXP 	New trial (rep=0, index=71): <Trial 71 (71 in rep 0) data={'iti': 2.2129, 'thisN': 71, 'thisTrialN': 71, 'thisRepN': 0}>
239.1885 	EXP 	New trial (rep=0, index=72): <Trial 72 (72 in rep 0) data={'iti': 3.9589, 'thisN': 72, 'thisTrialN': 72, 'thisRepN': 0}>
239.1888 	EXP 	New trial (rep=0, index=73): <Trial 73 (73 in rep 0) data={'iti': 2.8516, 'thisN': 73, 'thisTrialN': 73, 'thisRepN': 0}>
239.1890 	EXP 	New trial (rep=0, index=74): <Trial 74 (74 in rep 0) data={'iti': 2.0168, 'thisN': 74, 'thisTrialN': 74, 'thisRepN': 0}>
239.1893 	EXP 	New trial (rep=0, index=75): <Trial 75 (75 in rep 0) data={'iti': 2.1831, 'thisN': 75, 'thisTrialN': 75, 'thisRepN': 0}>
239.1896 	EXP 	New trial (rep=0, index=76): <Trial 76 (76 in rep 0) data={'iti': 4.7208, 'thisN': 76, 'thisTrialN': 76, 'thisRepN': 0}>
239.1898 	EXP 	New trial (rep=0, index=77): <Trial 77 (77 in rep 0) data={'iti': 2.0946, 'thisN': 77, 'thisTrialN': 77, 'thisRepN': 0}>
239.1904 	EXP 	New trial (rep=0, index=78): <Trial 78 (78 in rep 0) data={'iti': 2.3861, 'thisN': 78, 'thisTrialN': 78, 'thisRepN': 0}>
239.1907 	EXP 	New trial (rep=0, index=79): <Trial 79 (79 in rep 0) data={'iti': 3.6438, 'thisN': 79, 'thisTrialN': 79, 'thisRepN': 0}>
239.1991 	DATA 	Keypress: 2
239.2022 	INFO 	Keyboard events cleared
239.2019 	EXP 	sm_instructions2_text: autoDraw = False
239.2019 	EXP 	ready_set_text: autoDraw = True
531.1645 	DATA 	Keypress: space
531.1748 	INFO 	Keyboard events cleared
531.1742 	EXP 	ready_set_text: autoDraw = False
531.1742 	EXP 	starting_soon: autoDraw = True
537.3746 	EXP 	starting_soon: autoDraw = False
537.3746 	EXP 	blank_cross: height = 0.05000000000000001
537.3746 	EXP 	blank_cross: height = 0.05000000000000001
537.3746 	EXP 	blank_cross: height = 0.05000000000000001
537.3746 	EXP 	blank_cross: text = '+'
537.3746 	EXP 	blank_cross: autoDraw = True
549.3614 	EXP 	New trial (rep=0, index=0): <Trial 0 (0 in rep 0) data={'thisN': 0, 'thisTrialN': 0, 'thisRepN': 0}>
549.3731 	EXP 	blank_cross: autoDraw = False
549.3731 	EXP 	blank_cross: autoDraw = False
549.3731 	EXP 	iti_cross: height = 0.05000000000000001
549.3731 	EXP 	iti_cross: height = 0.05000000000000001
549.3731 	EXP 	iti_cross: height = 0.05000000000000001
549.3731 	EXP 	iti_cross: text = '+'
549.3731 	EXP 	iti_cross: autoDraw = True
553.0228 	INFO 	Keyboard events cleared
553.0232 	INFO 	Keyboard events cleared
553.0223 	EXP 	iti_cross: autoDraw = False
553.0223 	EXP 	iti_cross: autoDraw = False
553.0223 	EXP 	semantic_map_item: height = 0.05000000000000001
553.0223 	EXP 	semantic_map_item: height = 0.05000000000000001
553.0223 	EXP 	semantic_map_item: height = 0.05000000000000001
553.0223 	EXP 	semantic_map_item: text = 'Nebel'
553.0223 	EXP 	living_nonliving_text: autoDraw = True
553.0223 	EXP 	semantic_map_item: autoDraw = True
554.6273 	DATA 	Keypress: 3
555.0076 	EXP 	New trial (rep=1, index=0): <Trial 1 (0 in rep 1) data={'thisN': 1, 'thisTrialN': 0, 'thisRepN': 1}>
555.0228 	EXP 	living_nonliving_text: autoDraw = False
555.0228 	EXP 	semantic_map_item: autoDraw = False
555.0228 	EXP 	living_nonliving_text: autoDraw = False
555.0228 	EXP 	semantic_map_item: autoDraw = False
555.0228 	EXP 	iti_cross: text = '+'
555.0228 	EXP 	iti_cross: autoDraw = True
555.2758 	DATA 	Keypress: escape
555.3742 	EXP 	sm: status = STOPPED
555.3897 	EXP 	iti_cross: autoDraw = False
555.3898 	EXP 	sm: status = STOPPED
555.4018 	INFO 	saved data to 'C:\\Users\\Nemecz\\Documents\\Guess_fMRI\\data/Guess_8294_sm_2025-05-10_11h21.25.502.csv'
555.4055 	INFO 	saved data to C:\Users\Nemecz\Documents\Guess_fMRI\data/Guess_8294_sm_2025-05-10_11h21.25.502.psydat
