18.5803 	INFO 	Loaded monitor calibration from ['2025_03_24 13:01']
18.8356 	EXP 	Created window1 = Window(allowGUI=False, allowStencil=False, autoLog=True, backendConf=UNKNOWN, backgroundFit=<method-wrapper '__getattribute__' of attributeSetter object at 0x00000205304AC6A0>, backgroundImage=<method-wrapper '__getattribute__' of attributeSetter object at 0x00000205304AC640>, bitsMode=UNKNOWN, blendMode='avg', bpc=(8, 8, 8), color=array([0, 0, 0]), colorSpace='rgb', depthBits=8, fullscr=True, gamma=None, gammaErrorPolicy='raise', infoMsg=UNKNOWN, lms=UNKNOWN, monitor=<psychopy.monitors.calibTools.Monitor object at 0x0000020530568A60>, multiSample=False, name='window1', numSamples=2, pos=[0.0, 0.0], screen=0, size=array([1024,  768]), stencilBits=0, stereo=False, title='PsychoPy', units='height', useFBO=True, useRetina=False, viewOri=0.0, viewPos=None, viewScale=None, waitBlanking=True, winType='pyglet')
18.8357 	EXP 	window1: backgroundImage = ''
18.8357 	EXP 	window1: backgroundFit = 'none'
18.9014 	EXP 	window1: Attempting to measure frame rate of screen (0) ...
18.9015 	EXP 	window1: recordFrameIntervals = False
19.0882 	EXP 	window1: recordFrameIntervals = True
19.2719 	EXP 	Screen (0) actual frame rate measured at 59.99Hz
19.2719 	EXP 	window1: recordFrameIntervals = False
22.1322 	INFO 	keyboard.Keyboard is using iohub backend.
22.1322 	INFO 	keyboard.Keyboard is using iohub backend.
22.1323 	INFO 	keyboard.Keyboard is using iohub backend.
22.1323 	INFO 	keyboard.Keyboard is using iohub backend.
22.1323 	INFO 	keyboard.Keyboard is using iohub backend.
22.1323 	INFO 	keyboard.Keyboard is using iohub backend.
22.1324 	INFO 	keyboard.Keyboard is using iohub backend.
22.1324 	EXP 	part0: status = STARTED
22.2287 	EXP 	Created welcome_text = TextStim(__class__=<class 'psychopy.visual.text.TextStim'>, alignHoriz=method-wrapper(...), alignText='center', alignVert=method-wrapper(...), anchorHoriz='center', anchorVert='center', antialias=True, autoDraw=False, autoLog=True, bold=False, color=array([1., 1., 1.]), colorSpace='rgb', contrast=1.0, depth=0.0, draggable=False, flipHoriz=False, flipVert=False, font='Arial', fontFiles=[], height=0.05000000000000001, italic=False, languageStyle='LTR', name='welcome_text', opacity=1, ori=0.0, pos=array([0., 0.]), rgb=UNKNOWN, text=str(...), units='height', win=Window(...), wrapWidth=1)
22.2934 	EXP 	Created hand_image = ImageStim(__class__=<class 'psychopy.visual.image.ImageStim'>, anchor=('center', 'center'), autoLog=True, color=array([1., 1., 1.]), colorSpace='rgb', contrast=1.0, depth=0.0, draggable=False, flipHoriz=False, flipVert=False, image='right_hand_silhouette.png', interpolate=True, mask=None, maskParams=None, name='hand_image', opacity=1, ori=0.0, pos=array([ 0.  , -0.25]), size=array([0.5, 0.5]), texRes=128.0, units='height', win=Window(...))
22.3116 	EXP 	Created hand_intro_text = TextStim(__class__=<class 'psychopy.visual.text.TextStim'>, alignHoriz=method-wrapper(...), alignText='center', alignVert=method-wrapper(...), anchorHoriz='center', anchorVert='center', antialias=True, autoDraw=False, autoLog=True, bold=False, color=array([1., 1., 1.]), colorSpace='rgb', contrast=1.0, depth=-2.0, draggable=False, flipHoriz=False, flipVert=False, font='Arial', fontFiles=[], height=0.04, italic=False, languageStyle='LTR', name='hand_intro_text', opacity=1, ori=0.0, pos=array([0.  , 0.23]), rgb=UNKNOWN, text=str(...), units='height', win=Window(...), wrapWidth=1)
22.3152 	EXP 	Created instruction = TextStim(__class__=<class 'psychopy.visual.text.TextStim'>, alignHoriz=method-wrapper(...), alignText='center', alignVert=method-wrapper(...), anchorHoriz='center', anchorVert='center', antialias=True, autoDraw=False, autoLog=True, bold=False, color=array([1., 1., 1.]), colorSpace='rgb', contrast=1.0, depth=0.0, draggable=False, flipHoriz=False, flipVert=False, font='Arial', fontFiles=[], height=0.05000000000000001, italic=False, languageStyle='LTR', name='instruction', opacity=1, ori=0.0, pos=array([0. , 0.2]), rgb=UNKNOWN, text='Drücken Sie diese Tasten:', units='height', win=Window(...), wrapWidth=1)
22.3160 	EXP 	Created button_text = TextStim(__class__=<class 'psychopy.visual.text.TextStim'>, alignHoriz=method-wrapper(...), alignText='center', alignVert=method-wrapper(...), anchorHoriz='center', anchorVert='center', antialias=True, autoDraw=False, autoLog=True, bold=False, color=array([1., 1., 1.]), colorSpace='rgb', contrast=1.0, depth=-1.0, draggable=False, flipHoriz=False, flipVert=False, font='Arial', fontFiles=[], height=0.05, italic=False, languageStyle='LTR', name='button_text', opacity=1, ori=0.0, pos=array([0., 0.]), rgb=UNKNOWN, text='', units='height', win=Window(...), wrapWidth=1)
22.3276 	EXP 	Created select_video_text = TextStim(__class__=<class 'psychopy.visual.text.TextStim'>, alignHoriz=method-wrapper(...), alignText='center', alignVert=method-wrapper(...), anchorHoriz='center', anchorVert='center', antialias=True, autoDraw=False, autoLog=True, bold=False, color=array([1., 1., 1.]), colorSpace='rgb', contrast=1.0, depth=0.0, draggable=False, flipHoriz=False, flipVert=False, font='Arial', fontFiles=[], height=0.05000000000000001, italic=False, languageStyle='LTR', name='select_video_text', opacity=1, ori=0.0, pos=array([0., 0.]), rgb=UNKNOWN, text=str(...), units='height', win=Window(...), wrapWidth=1)
22.3796 	EXP 	Created video_text = TextStim(__class__=<class 'psychopy.visual.text.TextStim'>, alignHoriz=method-wrapper(...), alignText='center', alignVert=method-wrapper(...), anchorHoriz='center', anchorVert='center', antialias=True, autoDraw=False, autoLog=True, bold=False, color=array([1., 1., 1.]), colorSpace='rgb', contrast=1.0, depth=-1.0, draggable=False, flipHoriz=False, flipVert=False, font='Arial', fontFiles=[], height=0.05000000000000001, italic=False, languageStyle='LTR', name='video_text', opacity=1, ori=0.0, pos=array([0., 0.]), rgb=UNKNOWN, text=str(...), units='height', win=Window(...), wrapWidth=1)
22.3839 	EXP 	Created end_text = TextStim(__class__=<class 'psychopy.visual.text.TextStim'>, alignHoriz=method-wrapper(...), alignText='center', alignVert=method-wrapper(...), anchorHoriz='center', anchorVert='center', antialias=True, autoDraw=False, autoLog=True, bold=False, color=array([1., 1., 1.]), colorSpace='rgb', contrast=1.0, depth=0.0, draggable=False, flipHoriz=False, flipVert=False, font='Arial', fontFiles=[], height=0.05000000000000001, italic=False, languageStyle='LTR', name='end_text', opacity=1, ori=0.0, pos=array([0., 0.]), rgb=UNKNOWN, text=str(...), units='height', win=Window(...), wrapWidth=1)
0.0031 	EXP 	movie: autoLog = True
0.0081 	INFO 	Keyboard events cleared
0.0077 	EXP 	welcome_text: autoDraw = True
57.2763 	DATA 	Keypress: space
57.3035 	INFO 	Keyboard events cleared
57.3029 	EXP 	welcome_text: autoDraw = False
57.3029 	EXP 	hand_image: autoDraw = True
57.3029 	EXP 	hand_intro_text: autoDraw = True
63.0900 	DATA 	Keypress: 2
63.1260 	EXP 	Imported button_practice.xlsx as conditions, 4 conditions, 2 params
63.1266 	EXP 	New trial (rep=0, index=0): <Trial 0 (0 in rep 0) data={'this_button': 1, 'correct_button': 2, 'thisN': 0, 'thisTrialN': 0, 'thisRepN': 0}>
63.1374 	INFO 	Keyboard events cleared
63.1368 	EXP 	hand_image: autoDraw = False
63.1368 	EXP 	hand_intro_text: autoDraw = False
63.1368 	EXP 	button_text: height = 0.05000000000000001
63.1368 	EXP 	button_text: height = 0.05000000000000001
63.1368 	EXP 	button_text: height = 0.05000000000000001
63.1368 	EXP 	button_text: text = 1
63.1368 	EXP 	instruction: autoDraw = True
63.1368 	EXP 	button_text: autoDraw = True
63.7024 	EXP 	New trial (rep=0, index=1): <Trial 1 (1 in rep 0) data={'this_button': 3, 'correct_button': 4, 'thisN': 1, 'thisTrialN': 1, 'thisRepN': 0}>
63.7083 	DATA 	Keypress: 2
63.7194 	INFO 	Keyboard events cleared
63.7188 	EXP 	instruction: autoDraw = False
63.7188 	EXP 	button_text: autoDraw = False
63.7188 	EXP 	button_text: height = 0.05000000000000001
63.7188 	EXP 	button_text: height = 0.05000000000000001
63.7188 	EXP 	button_text: height = 0.05000000000000001
63.7188 	EXP 	button_text: text = 3
63.7188 	EXP 	instruction: autoDraw = True
63.7188 	EXP 	button_text: autoDraw = True
64.2709 	EXP 	New trial (rep=0, index=2): <Trial 2 (2 in rep 0) data={'this_button': 4, 'correct_button': 5, 'thisN': 2, 'thisTrialN': 2, 'thisRepN': 0}>
64.2778 	DATA 	Keypress: 4
64.2859 	INFO 	Keyboard events cleared
64.2853 	EXP 	instruction: autoDraw = False
64.2853 	EXP 	button_text: autoDraw = False
64.2853 	EXP 	button_text: height = 0.05000000000000001
64.2853 	EXP 	button_text: height = 0.05000000000000001
64.2853 	EXP 	button_text: height = 0.05000000000000001
64.2853 	EXP 	button_text: text = 4
64.2853 	EXP 	instruction: autoDraw = True
64.2853 	EXP 	button_text: autoDraw = True
64.8522 	EXP 	New trial (rep=0, index=3): <Trial 3 (3 in rep 0) data={'this_button': 2, 'correct_button': 3, 'thisN': 3, 'thisTrialN': 3, 'thisRepN': 0}>
64.8578 	DATA 	Keypress: 5
64.8691 	INFO 	Keyboard events cleared
64.8684 	EXP 	instruction: autoDraw = False
64.8684 	EXP 	button_text: autoDraw = False
64.8684 	EXP 	button_text: height = 0.05000000000000001
64.8684 	EXP 	button_text: height = 0.05000000000000001
64.8684 	EXP 	button_text: height = 0.05000000000000001
64.8684 	EXP 	button_text: text = 2
64.8684 	EXP 	instruction: autoDraw = True
64.8684 	EXP 	button_text: autoDraw = True
65.1918 	DATA 	Keypress: 3
65.2024 	INFO 	Keyboard events cleared
65.2018 	EXP 	instruction: autoDraw = False
65.2018 	EXP 	button_text: autoDraw = False
65.2018 	EXP 	select_video_text: autoDraw = True
72.0548 	DATA 	Keypress: 5
72.3303 	INFO 	Keyboard events cleared
72.3300 	EXP 	select_video_text: autoDraw = False
72.3300 	EXP 	video_text: autoDraw = True
77.1018 	EXP 	movie: autoDraw = True
77.3345 	EXP 	video_text: autoDraw = False
78.2370 	DATA 	Keypress: 5
197.0502 	DATA 	Mouse: Left button down, pos=(330,256)
197.1630 	DATA 	Mouse:  Left button up, pos=(330,256)
197.9810 	DATA 	Keypress: escape
198.0787 	EXP 	part0: status = STOPPED
198.0940 	EXP 	movie: autoDraw = False
198.0941 	EXP 	part0: status = STOPPED
198.0988 	INFO 	saved data to 'C:\\Users\\Nemecz\\Documents\\Guess_fMRI\\data/Guess_6113_part0_2025-10-17_11h20.19.017.csv'
198.0999 	INFO 	saved data to C:\Users\Nemecz\Documents\Guess_fMRI\data/Guess_6113_part0_2025-10-17_11h20.19.017.psydat
