26.0821 	INFO 	Loaded monitor calibration from ['2025_03_24 13:01']
26.6166 	EXP 	Created window1 = Window(allowGUI=False, allowStencil=False, autoLog=True, backendConf=UNKNOWN, backgroundFit=<method-wrapper '__getattribute__' of attributeSetter object at 0x000001E657E7C6A0>, backgroundImage=<method-wrapper '__getattribute__' of attributeSetter object at 0x000001E657E7C640>, bitsMode=UNKNOWN, blendMode='avg', bpc=(8, 8, 8), color=array([0, 0, 0]), colorSpace='rgb', depthBits=8, fullscr=True, gamma=None, gammaErrorPolicy='raise', infoMsg=UNKNOWN, lms=UNKNOWN, monitor=<psychopy.monitors.calibTools.Monitor object at 0x000001E657F39A60>, multiSample=False, name='window1', numSamples=2, pos=[0.0, 0.0], screen=1, size=array([1024,  768]), stencilBits=0, stereo=False, title='PsychoPy', units='height', useFBO=True, useRetina=False, viewOri=0.0, viewPos=None, viewScale=None, waitBlanking=True, winType='pyglet')
26.6166 	EXP 	window1: backgroundImage = ''
26.6166 	EXP 	window1: backgroundFit = 'none'
26.6845 	EXP 	window1: Attempting to measure frame rate of screen (1) ...
26.6846 	EXP 	window1: recordFrameIntervals = False
26.8604 	EXP 	window1: recordFrameIntervals = True
27.0439 	EXP 	Screen (1) actual frame rate measured at 60.06Hz
27.0440 	EXP 	window1: recordFrameIntervals = False
30.7337 	INFO 	keyboard.Keyboard is using iohub backend.
30.7338 	INFO 	keyboard.Keyboard is using iohub backend.
30.7340 	INFO 	keyboard.Keyboard is using iohub backend.
30.7341 	INFO 	keyboard.Keyboard is using iohub backend.
30.7341 	INFO 	keyboard.Keyboard is using iohub backend.
30.7342 	INFO 	keyboard.Keyboard is using iohub backend.
30.7342 	INFO 	keyboard.Keyboard is using iohub backend.
30.7343 	EXP 	part0: status = STARTED
30.9203 	EXP 	Created welcome_text = TextStim(__class__=<class 'psychopy.visual.text.TextStim'>, alignHoriz=method-wrapper(...), alignText='center', alignVert=method-wrapper(...), anchorHoriz='center', anchorVert='center', antialias=True, autoDraw=False, autoLog=True, bold=False, color=array([1., 1., 1.]), colorSpace='rgb', contrast=1.0, depth=0.0, draggable=False, flipHoriz=False, flipVert=False, font='Arial', fontFiles=[], height=0.05000000000000001, italic=False, languageStyle='LTR', name='welcome_text', opacity=1, ori=0.0, pos=array([0., 0.]), rgb=UNKNOWN, text=str(...), units='height', win=Window(...), wrapWidth=1)
30.9848 	EXP 	Created hand_image = ImageStim(__class__=<class 'psychopy.visual.image.ImageStim'>, anchor=('center', 'center'), autoLog=True, color=array([1., 1., 1.]), colorSpace='rgb', contrast=1.0, depth=0.0, draggable=False, flipHoriz=False, flipVert=False, image='right_hand_silhouette.png', interpolate=True, mask=None, maskParams=None, name='hand_image', opacity=1, ori=0.0, pos=array([ 0.  , -0.25]), size=array([0.5, 0.5]), texRes=128.0, units='height', win=Window(...))
31.0086 	EXP 	Created hand_intro_text = TextStim(__class__=<class 'psychopy.visual.text.TextStim'>, alignHoriz=method-wrapper(...), alignText='center', alignVert=method-wrapper(...), anchorHoriz='center', anchorVert='center', antialias=True, autoDraw=False, autoLog=True, bold=False, color=array([1., 1., 1.]), colorSpace='rgb', contrast=1.0, depth=-2.0, draggable=False, flipHoriz=False, flipVert=False, font='Arial', fontFiles=[], height=0.04, italic=False, languageStyle='LTR', name='hand_intro_text', opacity=1, ori=0.0, pos=array([0.  , 0.23]), rgb=UNKNOWN, text=str(...), units='height', win=Window(...), wrapWidth=1)
31.0129 	EXP 	Created instruction = TextStim(__class__=<class 'psychopy.visual.text.TextStim'>, alignHoriz=method-wrapper(...), alignText='center', alignVert=method-wrapper(...), anchorHoriz='center', anchorVert='center', antialias=True, autoDraw=False, autoLog=True, bold=False, color=array([1., 1., 1.]), colorSpace='rgb', contrast=1.0, depth=0.0, draggable=False, flipHoriz=False, flipVert=False, font='Arial', fontFiles=[], height=0.05000000000000001, italic=False, languageStyle='LTR', name='instruction', opacity=1, ori=0.0, pos=array([0. , 0.2]), rgb=UNKNOWN, text='Drücken Sie diese Tasten:', units='height', win=Window(...), wrapWidth=1)
31.0138 	EXP 	Created button_text = TextStim(__class__=<class 'psychopy.visual.text.TextStim'>, alignHoriz=method-wrapper(...), alignText='center', alignVert=method-wrapper(...), anchorHoriz='center', anchorVert='center', antialias=True, autoDraw=False, autoLog=True, bold=False, color=array([1., 1., 1.]), colorSpace='rgb', contrast=1.0, depth=-1.0, draggable=False, flipHoriz=False, flipVert=False, font='Arial', fontFiles=[], height=0.05, italic=False, languageStyle='LTR', name='button_text', opacity=1, ori=0.0, pos=array([0., 0.]), rgb=UNKNOWN, text='', units='height', win=Window(...), wrapWidth=1)
31.0366 	EXP 	Created select_video_text = TextStim(__class__=<class 'psychopy.visual.text.TextStim'>, alignHoriz=method-wrapper(...), alignText='center', alignVert=method-wrapper(...), anchorHoriz='center', anchorVert='center', antialias=True, autoDraw=False, autoLog=True, bold=False, color=array([1., 1., 1.]), colorSpace='rgb', contrast=1.0, depth=0.0, draggable=False, flipHoriz=False, flipVert=False, font='Arial', fontFiles=[], height=0.05000000000000001, italic=False, languageStyle='LTR', name='select_video_text', opacity=1, ori=0.0, pos=array([0., 0.]), rgb=UNKNOWN, text=str(...), units='height', win=Window(...), wrapWidth=1)
31.8053 	EXP 	Created video_text = TextStim(__class__=<class 'psychopy.visual.text.TextStim'>, alignHoriz=method-wrapper(...), alignText='center', alignVert=method-wrapper(...), anchorHoriz='center', anchorVert='center', antialias=True, autoDraw=False, autoLog=True, bold=False, color=array([1., 1., 1.]), colorSpace='rgb', contrast=1.0, depth=-1.0, draggable=False, flipHoriz=False, flipVert=False, font='Arial', fontFiles=[], height=0.05000000000000001, italic=False, languageStyle='LTR', name='video_text', opacity=1, ori=0.0, pos=array([0., 0.]), rgb=UNKNOWN, text=str(...), units='height', win=Window(...), wrapWidth=1)
31.8098 	EXP 	Created end_text = TextStim(__class__=<class 'psychopy.visual.text.TextStim'>, alignHoriz=method-wrapper(...), alignText='center', alignVert=method-wrapper(...), anchorHoriz='center', anchorVert='center', antialias=True, autoDraw=False, autoLog=True, bold=False, color=array([1., 1., 1.]), colorSpace='rgb', contrast=1.0, depth=0.0, draggable=False, flipHoriz=False, flipVert=False, font='Arial', fontFiles=[], height=0.05000000000000001, italic=False, languageStyle='LTR', name='end_text', opacity=1, ori=0.0, pos=array([0., 0.]), rgb=UNKNOWN, text=str(...), units='height', win=Window(...), wrapWidth=1)
0.0029 	EXP 	movie: autoLog = True
0.0182 	INFO 	Keyboard events cleared
0.0179 	EXP 	welcome_text: autoDraw = True
290.6444 	DATA 	Keypress: 2
290.9719 	DATA 	Keypress: 3
749.5652 	DATA 	Keypress: space
749.5745 	INFO 	Keyboard events cleared
749.5740 	EXP 	welcome_text: autoDraw = False
749.5740 	EXP 	hand_image: autoDraw = True
749.5740 	EXP 	hand_intro_text: autoDraw = True
754.4782 	EXP 	Imported button_practice.xlsx as conditions, 4 conditions, 2 params
754.4790 	EXP 	New trial (rep=0, index=0): <Trial 0 (0 in rep 0) data={'this_button': 1, 'correct_button': 2, 'thisN': 0, 'thisTrialN': 0, 'thisRepN': 0}>
754.4853 	DATA 	Keypress: 2
754.4879 	INFO 	Keyboard events cleared
754.4875 	EXP 	hand_image: autoDraw = False
754.4875 	EXP 	hand_intro_text: autoDraw = False
754.4875 	EXP 	button_text: height = 0.05000000000000001
754.4875 	EXP 	button_text: height = 0.05000000000000001
754.4875 	EXP 	button_text: height = 0.05000000000000001
754.4875 	EXP 	button_text: text = 1
754.4875 	EXP 	instruction: autoDraw = True
754.4875 	EXP 	button_text: autoDraw = True
755.3937 	EXP 	New trial (rep=0, index=1): <Trial 1 (1 in rep 0) data={'this_button': 2, 'correct_button': 3, 'thisN': 1, 'thisTrialN': 1, 'thisRepN': 0}>
755.3988 	DATA 	Keypress: 2
755.4071 	INFO 	Keyboard events cleared
755.4068 	EXP 	instruction: autoDraw = False
755.4068 	EXP 	button_text: autoDraw = False
755.4068 	EXP 	button_text: height = 0.05000000000000001
755.4068 	EXP 	button_text: height = 0.05000000000000001
755.4068 	EXP 	button_text: height = 0.05000000000000001
755.4068 	EXP 	button_text: text = 2
755.4068 	EXP 	instruction: autoDraw = True
755.4068 	EXP 	button_text: autoDraw = True
756.3580 	EXP 	New trial (rep=0, index=2): <Trial 2 (2 in rep 0) data={'this_button': 3, 'correct_button': 4, 'thisN': 2, 'thisTrialN': 2, 'thisRepN': 0}>
756.3624 	DATA 	Keypress: 3
756.3752 	INFO 	Keyboard events cleared
756.3747 	EXP 	instruction: autoDraw = False
756.3747 	EXP 	button_text: autoDraw = False
756.3747 	EXP 	button_text: height = 0.05000000000000001
756.3747 	EXP 	button_text: height = 0.05000000000000001
756.3747 	EXP 	button_text: height = 0.05000000000000001
756.3747 	EXP 	button_text: text = 3
756.3747 	EXP 	instruction: autoDraw = True
756.3747 	EXP 	button_text: autoDraw = True
757.2434 	EXP 	New trial (rep=0, index=3): <Trial 3 (3 in rep 0) data={'this_button': 4, 'correct_button': 5, 'thisN': 3, 'thisTrialN': 3, 'thisRepN': 0}>
757.2502 	DATA 	Keypress: 4
757.2575 	INFO 	Keyboard events cleared
757.2569 	EXP 	instruction: autoDraw = False
757.2569 	EXP 	button_text: autoDraw = False
757.2569 	EXP 	button_text: height = 0.05000000000000001
757.2569 	EXP 	button_text: height = 0.05000000000000001
757.2569 	EXP 	button_text: height = 0.05000000000000001
757.2569 	EXP 	button_text: text = 4
757.2569 	EXP 	instruction: autoDraw = True
757.2569 	EXP 	button_text: autoDraw = True
759.0307 	DATA 	Keypress: 5
759.0417 	INFO 	Keyboard events cleared
759.0413 	EXP 	instruction: autoDraw = False
759.0413 	EXP 	button_text: autoDraw = False
759.0413 	EXP 	select_video_text: autoDraw = True
764.6074 	DATA 	Keypress: 2
764.6094 	INFO 	Keyboard events cleared
764.6091 	EXP 	select_video_text: autoDraw = False
764.6091 	EXP 	video_text: autoDraw = True
769.4571 	EXP 	movie: autoDraw = True
769.6239 	EXP 	video_text: autoDraw = False
1335.7616 	DATA 	Keypress: space
1335.9207 	INFO 	Keyboard events cleared
1335.9199 	EXP 	movie: autoDraw = False
1335.9199 	EXP 	video_text: autoDraw = False
1335.9199 	EXP 	end_text: autoDraw = True
1340.3118 	DATA 	Keypress: escape
1340.5605 	EXP 	part0: status = STOPPED
1340.5750 	EXP 	end_text: autoDraw = False
1340.5751 	EXP 	part0: status = STOPPED
1340.5814 	INFO 	saved data to 'C:\\Users\\Nemecz\\Documents\\Guess_fMRI\\data/Guess_4660_part0_2025-07-28_17h56.51.830.csv'
1340.5828 	INFO 	saved data to C:\Users\Nemecz\Documents\Guess_fMRI\data/Guess_4660_part0_2025-07-28_17h56.51.830.psydat
