13.1597 	INFO 	Loaded monitor calibration from ['2025_03_24 13:01']
13.4192 	EXP 	Created window1 = Window(allowGUI=False, allowStencil=False, autoLog=True, backendConf=UNKNOWN, backgroundFit=<method-wrapper '__getattribute__' of attributeSetter object at 0x000001DA474216D0>, backgroundImage=<method-wrapper '__getattribute__' of attributeSetter object at 0x000001DA47421670>, bitsMode=UNKNOWN, blendMode='avg', bpc=(8, 8, 8), color=array([0, 0, 0]), colorSpace='rgb', depthBits=8, fullscr=True, gamma=None, gammaErrorPolicy='raise', infoMsg=UNKNOWN, lms=UNKNOWN, monitor=<psychopy.monitors.calibTools.Monitor object at 0x000001DA474DCA90>, multiSample=False, name='window1', numSamples=2, pos=[0.0, 0.0], screen=0, size=array([1024,  768]), stencilBits=0, stereo=False, title='PsychoPy', units='height', useFBO=True, useRetina=False, viewOri=0.0, viewPos=None, viewScale=None, waitBlanking=True, winType='pyglet')
13.4193 	EXP 	window1: backgroundImage = ''
13.4193 	EXP 	window1: backgroundFit = 'none'
13.4823 	EXP 	window1: Attempting to measure frame rate of screen (0) ...
13.4823 	EXP 	window1: recordFrameIntervals = False
13.6547 	EXP 	window1: recordFrameIntervals = True
13.8383 	EXP 	Screen (0) actual frame rate measured at 60.00Hz
13.8383 	EXP 	window1: recordFrameIntervals = False
16.4802 	INFO 	keyboard.Keyboard is using iohub backend.
16.4803 	INFO 	keyboard.Keyboard is using iohub backend.
16.4803 	INFO 	keyboard.Keyboard is using iohub backend.
16.4804 	INFO 	keyboard.Keyboard is using iohub backend.
16.4804 	INFO 	keyboard.Keyboard is using iohub backend.
16.4804 	INFO 	keyboard.Keyboard is using iohub backend.
16.4804 	INFO 	keyboard.Keyboard is using iohub backend.
16.4805 	EXP 	part0: status = STARTED
16.5810 	EXP 	Created welcome_text = TextStim(__class__=<class 'psychopy.visual.text.TextStim'>, alignHoriz=method-wrapper(...), alignText='center', alignVert=method-wrapper(...), anchorHoriz='center', anchorVert='center', antialias=True, autoDraw=False, autoLog=True, bold=False, color=array([1., 1., 1.]), colorSpace='rgb', contrast=1.0, depth=0.0, draggable=False, flipHoriz=False, flipVert=False, font='Arial', fontFiles=[], height=0.05000000000000001, italic=False, languageStyle='LTR', name='welcome_text', opacity=1, ori=0.0, pos=array([0., 0.]), rgb=UNKNOWN, text=str(...), units='height', win=Window(...), wrapWidth=1)
16.6507 	EXP 	Created hand_image = ImageStim(__class__=<class 'psychopy.visual.image.ImageStim'>, anchor=('center', 'center'), autoLog=True, color=array([1., 1., 1.]), colorSpace='rgb', contrast=1.0, depth=0.0, draggable=False, flipHoriz=False, flipVert=False, image='right_hand_silhouette.png', interpolate=True, mask=None, maskParams=None, name='hand_image', opacity=1, ori=0.0, pos=array([ 0.  , -0.25]), size=array([0.5, 0.5]), texRes=128.0, units='height', win=Window(...))
16.6669 	EXP 	Created hand_intro_text = TextStim(__class__=<class 'psychopy.visual.text.TextStim'>, alignHoriz=method-wrapper(...), alignText='center', alignVert=method-wrapper(...), anchorHoriz='center', anchorVert='center', antialias=True, autoDraw=False, autoLog=True, bold=False, color=array([1., 1., 1.]), colorSpace='rgb', contrast=1.0, depth=-2.0, draggable=False, flipHoriz=False, flipVert=False, font='Arial', fontFiles=[], height=0.04, italic=False, languageStyle='LTR', name='hand_intro_text', opacity=1, ori=0.0, pos=array([0.  , 0.23]), rgb=UNKNOWN, text=str(...), units='height', win=Window(...), wrapWidth=1)
16.6704 	EXP 	Created instruction = TextStim(__class__=<class 'psychopy.visual.text.TextStim'>, alignHoriz=method-wrapper(...), alignText='center', alignVert=method-wrapper(...), anchorHoriz='center', anchorVert='center', antialias=True, autoDraw=False, autoLog=True, bold=False, color=array([1., 1., 1.]), colorSpace='rgb', contrast=1.0, depth=0.0, draggable=False, flipHoriz=False, flipVert=False, font='Arial', fontFiles=[], height=0.05000000000000001, italic=False, languageStyle='LTR', name='instruction', opacity=1, ori=0.0, pos=array([0. , 0.2]), rgb=UNKNOWN, text='Drücken Sie diese Tasten:', units='height', win=Window(...), wrapWidth=1)
16.6713 	EXP 	Created button_text = TextStim(__class__=<class 'psychopy.visual.text.TextStim'>, alignHoriz=method-wrapper(...), alignText='center', alignVert=method-wrapper(...), anchorHoriz='center', anchorVert='center', antialias=True, autoDraw=False, autoLog=True, bold=False, color=array([1., 1., 1.]), colorSpace='rgb', contrast=1.0, depth=-1.0, draggable=False, flipHoriz=False, flipVert=False, font='Arial', fontFiles=[], height=0.05, italic=False, languageStyle='LTR', name='button_text', opacity=1, ori=0.0, pos=array([0., 0.]), rgb=UNKNOWN, text='', units='height', win=Window(...), wrapWidth=1)
16.6824 	EXP 	Created select_video_text = TextStim(__class__=<class 'psychopy.visual.text.TextStim'>, alignHoriz=method-wrapper(...), alignText='center', alignVert=method-wrapper(...), anchorHoriz='center', anchorVert='center', antialias=True, autoDraw=False, autoLog=True, bold=False, color=array([1., 1., 1.]), colorSpace='rgb', contrast=1.0, depth=0.0, draggable=False, flipHoriz=False, flipVert=False, font='Arial', fontFiles=[], height=0.05000000000000001, italic=False, languageStyle='LTR', name='select_video_text', opacity=1, ori=0.0, pos=array([0., 0.]), rgb=UNKNOWN, text=str(...), units='height', win=Window(...), wrapWidth=1)
16.7347 	EXP 	Created video_text = TextStim(__class__=<class 'psychopy.visual.text.TextStim'>, alignHoriz=method-wrapper(...), alignText='center', alignVert=method-wrapper(...), anchorHoriz='center', anchorVert='center', antialias=True, autoDraw=False, autoLog=True, bold=False, color=array([1., 1., 1.]), colorSpace='rgb', contrast=1.0, depth=-1.0, draggable=False, flipHoriz=False, flipVert=False, font='Arial', fontFiles=[], height=0.05000000000000001, italic=False, languageStyle='LTR', name='video_text', opacity=1, ori=0.0, pos=array([0., 0.]), rgb=UNKNOWN, text=str(...), units='height', win=Window(...), wrapWidth=1)
16.7405 	EXP 	Created end_text = TextStim(__class__=<class 'psychopy.visual.text.TextStim'>, alignHoriz=method-wrapper(...), alignText='center', alignVert=method-wrapper(...), anchorHoriz='center', anchorVert='center', antialias=True, autoDraw=False, autoLog=True, bold=False, color=array([1., 1., 1.]), colorSpace='rgb', contrast=1.0, depth=0.0, draggable=False, flipHoriz=False, flipVert=False, font='Arial', fontFiles=[], height=0.05000000000000001, italic=False, languageStyle='LTR', name='end_text', opacity=1, ori=0.0, pos=array([0., 0.]), rgb=UNKNOWN, text=str(...), units='height', win=Window(...), wrapWidth=1)
0.0032 	EXP 	movie: autoLog = True
0.0158 	INFO 	Keyboard events cleared
0.0152 	EXP 	welcome_text: autoDraw = True
727.5738 	DATA 	Keypress: space
727.5791 	INFO 	Keyboard events cleared
727.5782 	EXP 	welcome_text: autoDraw = False
727.5782 	EXP 	hand_image: autoDraw = True
727.5782 	EXP 	hand_intro_text: autoDraw = True
737.2462 	EXP 	Imported button_practice.xlsx as conditions, 4 conditions, 2 params
737.2477 	EXP 	New trial (rep=0, index=0): <Trial 0 (0 in rep 0) data={'this_button': 1, 'correct_button': 2, 'thisN': 0, 'thisTrialN': 0, 'thisRepN': 0}>
737.2547 	DATA 	Keypress: 2
737.2585 	INFO 	Keyboard events cleared
737.2579 	EXP 	hand_image: autoDraw = False
737.2579 	EXP 	hand_intro_text: autoDraw = False
737.2579 	EXP 	button_text: height = 0.05000000000000001
737.2579 	EXP 	button_text: height = 0.05000000000000001
737.2579 	EXP 	button_text: height = 0.05000000000000001
737.2579 	EXP 	button_text: text = 1
737.2579 	EXP 	instruction: autoDraw = True
737.2579 	EXP 	button_text: autoDraw = True
738.7083 	EXP 	New trial (rep=0, index=1): <Trial 1 (1 in rep 0) data={'this_button': 4, 'correct_button': 5, 'thisN': 1, 'thisTrialN': 1, 'thisRepN': 0}>
738.7147 	DATA 	Keypress: 2
738.7218 	INFO 	Keyboard events cleared
738.7213 	EXP 	instruction: autoDraw = False
738.7213 	EXP 	button_text: autoDraw = False
738.7213 	EXP 	button_text: height = 0.05000000000000001
738.7213 	EXP 	button_text: height = 0.05000000000000001
738.7213 	EXP 	button_text: height = 0.05000000000000001
738.7213 	EXP 	button_text: text = 4
738.7213 	EXP 	instruction: autoDraw = True
738.7213 	EXP 	button_text: autoDraw = True
739.6730 	EXP 	New trial (rep=0, index=2): <Trial 2 (2 in rep 0) data={'this_button': 2, 'correct_button': 3, 'thisN': 2, 'thisTrialN': 2, 'thisRepN': 0}>
739.6783 	DATA 	Keypress: 5
739.6904 	INFO 	Keyboard events cleared
739.6898 	EXP 	instruction: autoDraw = False
739.6898 	EXP 	button_text: autoDraw = False
739.6898 	EXP 	button_text: height = 0.05000000000000001
739.6898 	EXP 	button_text: height = 0.05000000000000001
739.6898 	EXP 	button_text: height = 0.05000000000000001
739.6898 	EXP 	button_text: text = 2
739.6898 	EXP 	instruction: autoDraw = True
739.6898 	EXP 	button_text: autoDraw = True
741.5415 	EXP 	New trial (rep=0, index=3): <Trial 3 (3 in rep 0) data={'this_button': 3, 'correct_button': 4, 'thisN': 3, 'thisTrialN': 3, 'thisRepN': 0}>
741.5490 	DATA 	Keypress: 3
741.5569 	INFO 	Keyboard events cleared
741.5563 	EXP 	instruction: autoDraw = False
741.5563 	EXP 	button_text: autoDraw = False
741.5563 	EXP 	button_text: height = 0.05000000000000001
741.5563 	EXP 	button_text: height = 0.05000000000000001
741.5563 	EXP 	button_text: height = 0.05000000000000001
741.5563 	EXP 	button_text: text = 3
741.5563 	EXP 	instruction: autoDraw = True
741.5563 	EXP 	button_text: autoDraw = True
742.4265 	DATA 	Keypress: 4
742.4405 	INFO 	Keyboard events cleared
742.4399 	EXP 	instruction: autoDraw = False
742.4399 	EXP 	button_text: autoDraw = False
742.4399 	EXP 	select_video_text: autoDraw = True
748.1808 	DATA 	Keypress: 4
748.1836 	INFO 	Keyboard events cleared
748.1832 	EXP 	select_video_text: autoDraw = False
748.1832 	EXP 	video_text: autoDraw = True
752.9458 	EXP 	movie: autoDraw = True
753.1886 	EXP 	video_text: autoDraw = False
1140.3721 	DATA 	Keypress: space
1140.3784 	INFO 	Keyboard events cleared
1140.3776 	EXP 	movie: autoDraw = False
1140.3776 	EXP 	video_text: autoDraw = False
1140.3776 	EXP 	end_text: autoDraw = True
1147.6034 	DATA 	Keypress: escape
1147.8014 	EXP 	part0: status = STOPPED
1147.8165 	EXP 	end_text: autoDraw = False
1147.8167 	EXP 	part0: status = STOPPED
1147.8246 	INFO 	saved data to 'C:\\Users\\Nemecz\\Documents\\Guess_fMRI\\data/Guess_8752_part0_2025-06-25_17h59.31.078.csv'
1147.8267 	INFO 	saved data to C:\Users\Nemecz\Documents\Guess_fMRI\data/Guess_8752_part0_2025-06-25_17h59.31.078.psydat
