12.3939 	INFO 	Loaded monitor calibration from ['2025_03_24 13:01']
12.6506 	EXP 	Created window1 = Window(allowGUI=False, allowStencil=False, autoLog=True, backendConf=UNKNOWN, backgroundFit=<method-wrapper '__getattribute__' of attributeSetter object at 0x00000282DA89C700>, backgroundImage=<method-wrapper '__getattribute__' of attributeSetter object at 0x00000282DA89C6A0>, bitsMode=UNKNOWN, blendMode='avg', bpc=(8, 8, 8), color=array([0, 0, 0]), colorSpace='rgb', depthBits=8, fullscr=True, gamma=None, gammaErrorPolicy='raise', infoMsg=UNKNOWN, lms=UNKNOWN, monitor=<psychopy.monitors.calibTools.Monitor object at 0x00000282DA9E8AC0>, multiSample=False, name='window1', numSamples=2, pos=[0.0, 0.0], screen=1, size=array([1024,  768]), stencilBits=0, stereo=False, title='PsychoPy', units='height', useFBO=True, useRetina=False, viewOri=0.0, viewPos=None, viewScale=None, waitBlanking=True, winType='pyglet')
12.6506 	EXP 	window1: backgroundImage = ''
12.6506 	EXP 	window1: backgroundFit = 'none'
12.7145 	EXP 	window1: Attempting to measure frame rate of screen (1) ...
12.7145 	EXP 	window1: recordFrameIntervals = False
12.8918 	EXP 	window1: recordFrameIntervals = True
13.0757 	EXP 	Screen (1) actual frame rate measured at 59.91Hz
13.0758 	EXP 	window1: recordFrameIntervals = False
15.8414 	INFO 	keyboard.Keyboard is using iohub backend.
15.8414 	INFO 	keyboard.Keyboard is using iohub backend.
15.8415 	INFO 	keyboard.Keyboard is using iohub backend.
15.8415 	INFO 	keyboard.Keyboard is using iohub backend.
15.8415 	INFO 	keyboard.Keyboard is using iohub backend.
15.8416 	INFO 	keyboard.Keyboard is using iohub backend.
15.8416 	INFO 	keyboard.Keyboard is using iohub backend.
15.8416 	EXP 	part0: status = STARTED
15.9438 	EXP 	Created welcome_text = TextStim(__class__=<class 'psychopy.visual.text.TextStim'>, alignHoriz=method-wrapper(...), alignText='center', alignVert=method-wrapper(...), anchorHoriz='center', anchorVert='center', antialias=True, autoDraw=False, autoLog=True, bold=False, color=array([1., 1., 1.]), colorSpace='rgb', contrast=1.0, depth=0.0, draggable=False, flipHoriz=False, flipVert=False, font='Arial', fontFiles=[], height=0.05000000000000001, italic=False, languageStyle='LTR', name='welcome_text', opacity=1, ori=0.0, pos=array([0., 0.]), rgb=UNKNOWN, text=str(...), units='height', win=Window(...), wrapWidth=1)
16.0284 	EXP 	Created hand_image = ImageStim(__class__=<class 'psychopy.visual.image.ImageStim'>, anchor=('center', 'center'), autoLog=True, color=array([1., 1., 1.]), colorSpace='rgb', contrast=1.0, depth=0.0, draggable=False, flipHoriz=False, flipVert=False, image='right_hand_silhouette.png', interpolate=True, mask=None, maskParams=None, name='hand_image', opacity=1, ori=0.0, pos=array([ 0.  , -0.25]), size=array([0.5, 0.5]), texRes=128.0, units='height', win=Window(...))
16.0618 	EXP 	Created hand_intro_text = TextStim(__class__=<class 'psychopy.visual.text.TextStim'>, alignHoriz=method-wrapper(...), alignText='center', alignVert=method-wrapper(...), anchorHoriz='center', anchorVert='center', antialias=True, autoDraw=False, autoLog=True, bold=False, color=array([1., 1., 1.]), colorSpace='rgb', contrast=1.0, depth=-2.0, draggable=False, flipHoriz=False, flipVert=False, font='Arial', fontFiles=[], height=0.04, italic=False, languageStyle='LTR', name='hand_intro_text', opacity=1, ori=0.0, pos=array([0.  , 0.23]), rgb=UNKNOWN, text=str(...), units='height', win=Window(...), wrapWidth=1)
16.0672 	EXP 	Created instruction = TextStim(__class__=<class 'psychopy.visual.text.TextStim'>, alignHoriz=method-wrapper(...), alignText='center', alignVert=method-wrapper(...), anchorHoriz='center', anchorVert='center', antialias=True, autoDraw=False, autoLog=True, bold=False, color=array([1., 1., 1.]), colorSpace='rgb', contrast=1.0, depth=0.0, draggable=False, flipHoriz=False, flipVert=False, font='Arial', fontFiles=[], height=0.05000000000000001, italic=False, languageStyle='LTR', name='instruction', opacity=1, ori=0.0, pos=array([0. , 0.2]), rgb=UNKNOWN, text='Drücken Sie diese Tasten:', units='height', win=Window(...), wrapWidth=1)
16.0684 	EXP 	Created button_text = TextStim(__class__=<class 'psychopy.visual.text.TextStim'>, alignHoriz=method-wrapper(...), alignText='center', alignVert=method-wrapper(...), anchorHoriz='center', anchorVert='center', antialias=True, autoDraw=False, autoLog=True, bold=False, color=array([1., 1., 1.]), colorSpace='rgb', contrast=1.0, depth=-1.0, draggable=False, flipHoriz=False, flipVert=False, font='Arial', fontFiles=[], height=0.05, italic=False, languageStyle='LTR', name='button_text', opacity=1, ori=0.0, pos=array([0., 0.]), rgb=UNKNOWN, text='', units='height', win=Window(...), wrapWidth=1)
16.0823 	EXP 	Created select_video_text = TextStim(__class__=<class 'psychopy.visual.text.TextStim'>, alignHoriz=method-wrapper(...), alignText='center', alignVert=method-wrapper(...), anchorHoriz='center', anchorVert='center', antialias=True, autoDraw=False, autoLog=True, bold=False, color=array([1., 1., 1.]), colorSpace='rgb', contrast=1.0, depth=0.0, draggable=False, flipHoriz=False, flipVert=False, font='Arial', fontFiles=[], height=0.05000000000000001, italic=False, languageStyle='LTR', name='select_video_text', opacity=1, ori=0.0, pos=array([0., 0.]), rgb=UNKNOWN, text=str(...), units='height', win=Window(...), wrapWidth=1)
16.1154 	EXP 	Created video_text = TextStim(__class__=<class 'psychopy.visual.text.TextStim'>, alignHoriz=method-wrapper(...), alignText='center', alignVert=method-wrapper(...), anchorHoriz='center', anchorVert='center', antialias=True, autoDraw=False, autoLog=True, bold=False, color=array([1., 1., 1.]), colorSpace='rgb', contrast=1.0, depth=-1.0, draggable=False, flipHoriz=False, flipVert=False, font='Arial', fontFiles=[], height=0.05000000000000001, italic=False, languageStyle='LTR', name='video_text', opacity=1, ori=0.0, pos=array([0., 0.]), rgb=UNKNOWN, text=str(...), units='height', win=Window(...), wrapWidth=1)
16.1198 	EXP 	Created end_text = TextStim(__class__=<class 'psychopy.visual.text.TextStim'>, alignHoriz=method-wrapper(...), alignText='center', alignVert=method-wrapper(...), anchorHoriz='center', anchorVert='center', antialias=True, autoDraw=False, autoLog=True, bold=False, color=array([1., 1., 1.]), colorSpace='rgb', contrast=1.0, depth=0.0, draggable=False, flipHoriz=False, flipVert=False, font='Arial', fontFiles=[], height=0.05000000000000001, italic=False, languageStyle='LTR', name='end_text', opacity=1, ori=0.0, pos=array([0., 0.]), rgb=UNKNOWN, text=str(...), units='height', win=Window(...), wrapWidth=1)
0.0031 	EXP 	movie: autoLog = True
0.0082 	INFO 	Keyboard events cleared
0.0079 	EXP 	welcome_text: autoDraw = True
2.1735 	DATA 	Keypress: space
2.1782 	INFO 	Keyboard events cleared
2.1777 	EXP 	welcome_text: autoDraw = False
2.1777 	EXP 	hand_image: autoDraw = True
2.1777 	EXP 	hand_intro_text: autoDraw = True
3.5772 	DATA 	Keypress: 2
3.6092 	EXP 	Imported button_practice.xlsx as conditions, 4 conditions, 2 params
3.6100 	EXP 	New trial (rep=0, index=0): <Trial 0 (0 in rep 0) data={'this_button': 2, 'correct_button': 3, 'thisN': 0, 'thisTrialN': 0, 'thisRepN': 0}>
3.6242 	INFO 	Keyboard events cleared
3.6236 	EXP 	hand_image: autoDraw = False
3.6236 	EXP 	hand_intro_text: autoDraw = False
3.6236 	EXP 	button_text: height = 0.05000000000000001
3.6236 	EXP 	button_text: height = 0.05000000000000001
3.6236 	EXP 	button_text: height = 0.05000000000000001
3.6236 	EXP 	button_text: text = 2
3.6236 	EXP 	instruction: autoDraw = True
3.6236 	EXP 	button_text: autoDraw = True
6.4751 	EXP 	New trial (rep=0, index=1): <Trial 1 (1 in rep 0) data={'this_button': 4, 'correct_button': 5, 'thisN': 1, 'thisTrialN': 1, 'thisRepN': 0}>
6.4812 	DATA 	Keypress: 3
6.4903 	INFO 	Keyboard events cleared
6.4896 	EXP 	instruction: autoDraw = False
6.4896 	EXP 	button_text: autoDraw = False
6.4896 	EXP 	button_text: height = 0.05000000000000001
6.4896 	EXP 	button_text: height = 0.05000000000000001
6.4896 	EXP 	button_text: height = 0.05000000000000001
6.4896 	EXP 	button_text: text = 4
6.4896 	EXP 	instruction: autoDraw = True
6.4896 	EXP 	button_text: autoDraw = True
8.2064 	EXP 	New trial (rep=0, index=2): <Trial 2 (2 in rep 0) data={'this_button': 3, 'correct_button': 4, 'thisN': 2, 'thisTrialN': 2, 'thisRepN': 0}>
8.2119 	DATA 	Keypress: 5
8.2235 	INFO 	Keyboard events cleared
8.2229 	EXP 	instruction: autoDraw = False
8.2229 	EXP 	button_text: autoDraw = False
8.2229 	EXP 	button_text: height = 0.05000000000000001
8.2229 	EXP 	button_text: height = 0.05000000000000001
8.2229 	EXP 	button_text: height = 0.05000000000000001
8.2229 	EXP 	button_text: text = 3
8.2229 	EXP 	instruction: autoDraw = True
8.2229 	EXP 	button_text: autoDraw = True
9.2063 	EXP 	New trial (rep=0, index=3): <Trial 3 (3 in rep 0) data={'this_button': 1, 'correct_button': 2, 'thisN': 3, 'thisTrialN': 3, 'thisRepN': 0}>
9.2116 	DATA 	Keypress: 4
9.2237 	INFO 	Keyboard events cleared
9.2230 	EXP 	instruction: autoDraw = False
9.2230 	EXP 	button_text: autoDraw = False
9.2230 	EXP 	button_text: height = 0.05000000000000001
9.2230 	EXP 	button_text: height = 0.05000000000000001
9.2230 	EXP 	button_text: height = 0.05000000000000001
9.2230 	EXP 	button_text: text = 1
9.2230 	EXP 	instruction: autoDraw = True
9.2230 	EXP 	button_text: autoDraw = True
10.0768 	DATA 	Keypress: 2
10.1069 	INFO 	Keyboard events cleared
10.1062 	EXP 	instruction: autoDraw = False
10.1062 	EXP 	button_text: autoDraw = False
10.1062 	EXP 	select_video_text: autoDraw = True
12.3363 	DATA 	Keypress: 3
12.3398 	INFO 	Keyboard events cleared
12.3394 	EXP 	select_video_text: autoDraw = False
12.3394 	EXP 	video_text: autoDraw = True
17.1481 	EXP 	movie: autoDraw = True
17.3559 	EXP 	video_text: autoDraw = False
583.2391 	DATA 	Keypress: space
583.2457 	INFO 	Keyboard events cleared
583.2449 	EXP 	movie: autoDraw = False
583.2449 	EXP 	video_text: autoDraw = False
583.2449 	EXP 	end_text: autoDraw = True
590.5069 	DATA 	Keypress: escape
590.7056 	EXP 	part0: status = STOPPED
590.7228 	EXP 	end_text: autoDraw = False
590.7229 	EXP 	part0: status = STOPPED
590.7312 	INFO 	saved data to 'C:\\Users\\Nemecz\\Documents\\Guess_fMRI\\data/Guess_2389_part0_2025-10-28_15h34.41.506.csv'
590.7331 	INFO 	saved data to C:\Users\Nemecz\Documents\Guess_fMRI\data/Guess_2389_part0_2025-10-28_15h34.41.506.psydat
