14.7540 	INFO 	Loaded monitor calibration from ['2025_03_24 13:01']
15.0001 	EXP 	Created window1 = Window(allowGUI=False, allowStencil=False, autoLog=True, backendConf=UNKNOWN, backgroundFit=<method-wrapper '__getattribute__' of attributeSetter object at 0x00000190D316E670>, backgroundImage=<method-wrapper '__getattribute__' of attributeSetter object at 0x00000190D316E610>, bitsMode=UNKNOWN, blendMode='avg', bpc=(8, 8, 8), color=array([0, 0, 0]), colorSpace='rgb', depthBits=8, fullscr=True, gamma=None, gammaErrorPolicy='raise', infoMsg=UNKNOWN, lms=UNKNOWN, monitor=<psychopy.monitors.calibTools.Monitor object at 0x00000190D3268A30>, multiSample=False, name='window1', numSamples=2, pos=[0.0, 0.0], screen=0, size=array([1024,  768]), stencilBits=0, stereo=False, title='PsychoPy', units='height', useFBO=True, useRetina=False, viewOri=0.0, viewPos=None, viewScale=None, waitBlanking=True, winType='pyglet')
15.0002 	EXP 	window1: backgroundImage = ''
15.0002 	EXP 	window1: backgroundFit = 'none'
15.0650 	EXP 	window1: Attempting to measure frame rate of screen (0) ...
15.0650 	EXP 	window1: recordFrameIntervals = False
15.2474 	EXP 	window1: recordFrameIntervals = True
15.4313 	EXP 	Screen (0) actual frame rate measured at 59.90Hz
15.4314 	EXP 	window1: recordFrameIntervals = False
18.1740 	INFO 	keyboard.Keyboard is using iohub backend.
18.1741 	INFO 	keyboard.Keyboard is using iohub backend.
18.1741 	INFO 	keyboard.Keyboard is using iohub backend.
18.1741 	INFO 	keyboard.Keyboard is using iohub backend.
18.1742 	INFO 	keyboard.Keyboard is using iohub backend.
18.1742 	INFO 	keyboard.Keyboard is using iohub backend.
18.1742 	INFO 	keyboard.Keyboard is using iohub backend.
18.1742 	EXP 	part0: status = STARTED
18.2647 	EXP 	Created welcome_text = TextStim(__class__=<class 'psychopy.visual.text.TextStim'>, alignHoriz=method-wrapper(...), alignText='center', alignVert=method-wrapper(...), anchorHoriz='center', anchorVert='center', antialias=True, autoDraw=False, autoLog=True, bold=False, color=array([1., 1., 1.]), colorSpace='rgb', contrast=1.0, depth=0.0, draggable=False, flipHoriz=False, flipVert=False, font='Arial', fontFiles=[], height=0.05000000000000001, italic=False, languageStyle='LTR', name='welcome_text', opacity=1, ori=0.0, pos=array([0., 0.]), rgb=UNKNOWN, text=str(...), units='height', win=Window(...), wrapWidth=1)
18.3284 	EXP 	Created hand_image = ImageStim(__class__=<class 'psychopy.visual.image.ImageStim'>, anchor=('center', 'center'), autoLog=True, color=array([1., 1., 1.]), colorSpace='rgb', contrast=1.0, depth=0.0, draggable=False, flipHoriz=False, flipVert=False, image='right_hand_silhouette.png', interpolate=True, mask=None, maskParams=None, name='hand_image', opacity=1, ori=0.0, pos=array([ 0.  , -0.25]), size=array([0.5, 0.5]), texRes=128.0, units='height', win=Window(...))
18.3442 	EXP 	Created hand_intro_text = TextStim(__class__=<class 'psychopy.visual.text.TextStim'>, alignHoriz=method-wrapper(...), alignText='center', alignVert=method-wrapper(...), anchorHoriz='center', anchorVert='center', antialias=True, autoDraw=False, autoLog=True, bold=False, color=array([1., 1., 1.]), colorSpace='rgb', contrast=1.0, depth=-2.0, draggable=False, flipHoriz=False, flipVert=False, font='Arial', fontFiles=[], height=0.04, italic=False, languageStyle='LTR', name='hand_intro_text', opacity=1, ori=0.0, pos=array([0.  , 0.23]), rgb=UNKNOWN, text=str(...), units='height', win=Window(...), wrapWidth=1)
18.3477 	EXP 	Created instruction = TextStim(__class__=<class 'psychopy.visual.text.TextStim'>, alignHoriz=method-wrapper(...), alignText='center', alignVert=method-wrapper(...), anchorHoriz='center', anchorVert='center', antialias=True, autoDraw=False, autoLog=True, bold=False, color=array([1., 1., 1.]), colorSpace='rgb', contrast=1.0, depth=0.0, draggable=False, flipHoriz=False, flipVert=False, font='Arial', fontFiles=[], height=0.05000000000000001, italic=False, languageStyle='LTR', name='instruction', opacity=1, ori=0.0, pos=array([0. , 0.2]), rgb=UNKNOWN, text='Drücken Sie diese Tasten:', units='height', win=Window(...), wrapWidth=1)
18.3486 	EXP 	Created button_text = TextStim(__class__=<class 'psychopy.visual.text.TextStim'>, alignHoriz=method-wrapper(...), alignText='center', alignVert=method-wrapper(...), anchorHoriz='center', anchorVert='center', antialias=True, autoDraw=False, autoLog=True, bold=False, color=array([1., 1., 1.]), colorSpace='rgb', contrast=1.0, depth=-1.0, draggable=False, flipHoriz=False, flipVert=False, font='Arial', fontFiles=[], height=0.05, italic=False, languageStyle='LTR', name='button_text', opacity=1, ori=0.0, pos=array([0., 0.]), rgb=UNKNOWN, text='', units='height', win=Window(...), wrapWidth=1)
18.3595 	EXP 	Created select_video_text = TextStim(__class__=<class 'psychopy.visual.text.TextStim'>, alignHoriz=method-wrapper(...), alignText='center', alignVert=method-wrapper(...), anchorHoriz='center', anchorVert='center', antialias=True, autoDraw=False, autoLog=True, bold=False, color=array([1., 1., 1.]), colorSpace='rgb', contrast=1.0, depth=0.0, draggable=False, flipHoriz=False, flipVert=False, font='Arial', fontFiles=[], height=0.05000000000000001, italic=False, languageStyle='LTR', name='select_video_text', opacity=1, ori=0.0, pos=array([0., 0.]), rgb=UNKNOWN, text=str(...), units='height', win=Window(...), wrapWidth=1)
18.4040 	EXP 	Created video_text = TextStim(__class__=<class 'psychopy.visual.text.TextStim'>, alignHoriz=method-wrapper(...), alignText='center', alignVert=method-wrapper(...), anchorHoriz='center', anchorVert='center', antialias=True, autoDraw=False, autoLog=True, bold=False, color=array([1., 1., 1.]), colorSpace='rgb', contrast=1.0, depth=-1.0, draggable=False, flipHoriz=False, flipVert=False, font='Arial', fontFiles=[], height=0.05000000000000001, italic=False, languageStyle='LTR', name='video_text', opacity=1, ori=0.0, pos=array([0., 0.]), rgb=UNKNOWN, text=str(...), units='height', win=Window(...), wrapWidth=1)
18.4083 	EXP 	Created end_text = TextStim(__class__=<class 'psychopy.visual.text.TextStim'>, alignHoriz=method-wrapper(...), alignText='center', alignVert=method-wrapper(...), anchorHoriz='center', anchorVert='center', antialias=True, autoDraw=False, autoLog=True, bold=False, color=array([1., 1., 1.]), colorSpace='rgb', contrast=1.0, depth=0.0, draggable=False, flipHoriz=False, flipVert=False, font='Arial', fontFiles=[], height=0.05000000000000001, italic=False, languageStyle='LTR', name='end_text', opacity=1, ori=0.0, pos=array([0., 0.]), rgb=UNKNOWN, text=str(...), units='height', win=Window(...), wrapWidth=1)
0.0032 	EXP 	movie: autoLog = True
0.0093 	INFO 	Keyboard events cleared
0.0088 	EXP 	welcome_text: autoDraw = True
83.5122 	DATA 	Keypress: 5
97.2602 	DATA 	Keypress: space
97.2688 	INFO 	Keyboard events cleared
97.2681 	EXP 	welcome_text: autoDraw = False
97.2681 	EXP 	hand_image: autoDraw = True
97.2681 	EXP 	hand_intro_text: autoDraw = True
103.4458 	EXP 	Imported button_practice.xlsx as conditions, 4 conditions, 2 params
103.4463 	EXP 	New trial (rep=0, index=0): <Trial 0 (0 in rep 0) data={'this_button': 2, 'correct_button': 3, 'thisN': 0, 'thisTrialN': 0, 'thisRepN': 0}>
103.4537 	DATA 	Keypress: 2
103.4580 	INFO 	Keyboard events cleared
103.4573 	EXP 	hand_image: autoDraw = False
103.4573 	EXP 	hand_intro_text: autoDraw = False
103.4573 	EXP 	button_text: height = 0.05000000000000001
103.4573 	EXP 	button_text: height = 0.05000000000000001
103.4573 	EXP 	button_text: height = 0.05000000000000001
103.4573 	EXP 	button_text: text = 2
103.4573 	EXP 	instruction: autoDraw = True
103.4573 	EXP 	button_text: autoDraw = True
104.5030 	EXP 	New trial (rep=0, index=1): <Trial 1 (1 in rep 0) data={'this_button': 4, 'correct_button': 5, 'thisN': 1, 'thisTrialN': 1, 'thisRepN': 0}>
104.5097 	DATA 	Keypress: 3
104.5166 	INFO 	Keyboard events cleared
104.5160 	EXP 	instruction: autoDraw = False
104.5160 	EXP 	button_text: autoDraw = False
104.5160 	EXP 	button_text: height = 0.05000000000000001
104.5160 	EXP 	button_text: height = 0.05000000000000001
104.5160 	EXP 	button_text: height = 0.05000000000000001
104.5160 	EXP 	button_text: text = 4
104.5160 	EXP 	instruction: autoDraw = True
104.5160 	EXP 	button_text: autoDraw = True
105.5687 	EXP 	New trial (rep=0, index=2): <Trial 2 (2 in rep 0) data={'this_button': 3, 'correct_button': 4, 'thisN': 2, 'thisTrialN': 2, 'thisRepN': 0}>
105.5741 	DATA 	Keypress: 5
105.5851 	INFO 	Keyboard events cleared
105.5845 	EXP 	instruction: autoDraw = False
105.5845 	EXP 	button_text: autoDraw = False
105.5845 	EXP 	button_text: height = 0.05000000000000001
105.5845 	EXP 	button_text: height = 0.05000000000000001
105.5845 	EXP 	button_text: height = 0.05000000000000001
105.5845 	EXP 	button_text: text = 3
105.5845 	EXP 	instruction: autoDraw = True
105.5845 	EXP 	button_text: autoDraw = True
106.4865 	EXP 	New trial (rep=0, index=3): <Trial 3 (3 in rep 0) data={'this_button': 1, 'correct_button': 2, 'thisN': 3, 'thisTrialN': 3, 'thisRepN': 0}>
106.4939 	DATA 	Keypress: 4
106.5016 	INFO 	Keyboard events cleared
106.5010 	EXP 	instruction: autoDraw = False
106.5010 	EXP 	button_text: autoDraw = False
106.5010 	EXP 	button_text: height = 0.05000000000000001
106.5010 	EXP 	button_text: height = 0.05000000000000001
106.5010 	EXP 	button_text: height = 0.05000000000000001
106.5010 	EXP 	button_text: text = 1
106.5010 	EXP 	instruction: autoDraw = True
106.5010 	EXP 	button_text: autoDraw = True
107.1554 	DATA 	Keypress: 2
107.1850 	INFO 	Keyboard events cleared
107.1844 	EXP 	instruction: autoDraw = False
107.1844 	EXP 	button_text: autoDraw = False
107.1844 	EXP 	select_video_text: autoDraw = True
113.1792 	DATA 	Keypress: 2
113.1819 	INFO 	Keyboard events cleared
113.1815 	EXP 	select_video_text: autoDraw = False
113.1815 	EXP 	video_text: autoDraw = True
117.9799 	EXP 	movie: autoDraw = True
118.1837 	EXP 	video_text: autoDraw = False
670.0812 	DATA 	Keypress: space
670.0875 	INFO 	Keyboard events cleared
670.0869 	EXP 	movie: autoDraw = False
670.0869 	EXP 	video_text: autoDraw = False
670.0869 	EXP 	end_text: autoDraw = True
675.6219 	DATA 	Keypress: escape
675.7704 	EXP 	part0: status = STOPPED
675.7849 	EXP 	end_text: autoDraw = False
675.7851 	EXP 	part0: status = STOPPED
675.7931 	INFO 	saved data to 'C:\\Users\\Nemecz\\Documents\\Guess_fMRI\\data/Guess_7228_part0_2025-10-31_11h17.45.922.csv'
675.7950 	INFO 	saved data to C:\Users\Nemecz\Documents\Guess_fMRI\data/Guess_7228_part0_2025-10-31_11h17.45.922.psydat
