22.9388 	INFO 	Loaded monitor calibration from ['2025_03_24 15:28']
24.7089 	EXP 	Created window1 = Window(allowGUI=False, allowStencil=False, autoLog=True, backendConf=UNKNOWN, backgroundFit=<method-wrapper '__getattribute__' of attributeSetter object at 0x000001D2BD31A440>, backgroundImage=<method-wrapper '__getattribute__' of attributeSetter object at 0x000001D2BD31A4A0>, bitsMode=UNKNOWN, blendMode='avg', bpc=(8, 8, 8), color=array([0, 0, 0]), colorSpace='rgb', depthBits=8, fullscr=True, gamma=None, gammaErrorPolicy='raise', infoMsg=UNKNOWN, lms=UNKNOWN, monitor=<psychopy.monitors.calibTools.Monitor object at 0x000001D2BD3C6E00>, multiSample=False, name='window1', numSamples=2, pos=[0.0, 0.0], screen=1, size=array([1920, 1080]), stencilBits=0, stereo=False, title='PsychoPy', units='height', useFBO=True, useRetina=False, viewOri=0.0, viewPos=None, viewScale=None, waitBlanking=True, winType='pyglet')
24.7089 	EXP 	window1: backgroundImage = ''
24.7089 	EXP 	window1: backgroundFit = 'none'
24.7631 	EXP 	window1: Attempting to measure frame rate of screen (1) ...
24.7631 	EXP 	window1: recordFrameIntervals = False
24.9174 	EXP 	window1: recordFrameIntervals = True
25.1012 	EXP 	Screen (1) actual frame rate measured at 59.96Hz
25.1012 	EXP 	window1: recordFrameIntervals = False
27.6594 	INFO 	keyboard.Keyboard is using iohub backend.
27.6594 	INFO 	keyboard.Keyboard is using iohub backend.
27.6594 	INFO 	keyboard.Keyboard is using iohub backend.
27.6594 	INFO 	keyboard.Keyboard is using iohub backend.
27.6594 	INFO 	keyboard.Keyboard is using iohub backend.
27.6594 	INFO 	keyboard.Keyboard is using iohub backend.
27.6595 	INFO 	keyboard.Keyboard is using iohub backend.
27.6595 	INFO 	keyboard.Keyboard is using iohub backend.
27.6595 	INFO 	keyboard.Keyboard is using iohub backend.
27.6595 	INFO 	keyboard.Keyboard is using iohub backend.
27.6595 	INFO 	keyboard.Keyboard is using iohub backend.
27.6595 	INFO 	keyboard.Keyboard is using iohub backend.
27.6595 	INFO 	keyboard.Keyboard is using iohub backend.
27.6596 	INFO 	keyboard.Keyboard is using iohub backend.
27.6596 	INFO 	keyboard.Keyboard is using iohub backend.
27.6596 	INFO 	keyboard.Keyboard is using iohub backend.
27.6596 	INFO 	keyboard.Keyboard is using iohub backend.
27.6596 	INFO 	keyboard.Keyboard is using iohub backend.
27.6596 	INFO 	keyboard.Keyboard is using iohub backend.
27.6596 	INFO 	keyboard.Keyboard is using iohub backend.
27.6597 	INFO 	keyboard.Keyboard is using iohub backend.
27.6597 	EXP 	guess: status = STARTED
28.0075 	EXP 	Created welcome_text = TextStim(__class__=<class 'psychopy.visual.text.TextStim'>, alignHoriz=method-wrapper(...), alignText='center', alignVert=method-wrapper(...), anchorHoriz='center', anchorVert='center', antialias=True, autoDraw=False, autoLog=True, bold=False, color=array([1., 1., 1.]), colorSpace='rgb', contrast=1.0, depth=0.0, draggable=False, flipHoriz=False, flipVert=False, font='Arial', fontFiles=[], height=0.05, italic=False, languageStyle='LTR', name='welcome_text', opacity=1, ori=0.0, pos=array([0., 0.]), rgb=UNKNOWN, text='Willkommen zum Ratespiel Experiment!', units='height', win=Window(...), wrapWidth=1)
28.0243 	WARNING 	psychopy.parallel has been imported but no parallel port driver found. Install either inpout32, inpoutx64 or dlportio
28.1958 	INFO 	saved data to C:\Users\LocalAdmin\Documents\GUESS\Guess_fMRI\data/pilot_guess_2025-04-02_11h08.33.161.psydat
28.1960 	INFO 	saved data to 'C:\\Users\\LocalAdmin\\Documents\\GUESS\\Guess_fMRI\\data/pilot_guess_2025-04-02_11h08.33.161.csv'
