17.8683 	INFO 	Loaded monitor calibration from ['2025_03_24 13:01']
17.9177 	WARNING 	User requested fullscreen with size [1920 1080], but screen is actually [1024, 768]. Using actual size
18.1353 	EXP 	Created window1 = Window(allowGUI=False, allowStencil=False, autoLog=True, backendConf=UNKNOWN, backgroundFit=<method-wrapper '__getattribute__' of attributeSetter object at 0x0000025E7BF8F5E0>, backgroundImage=<method-wrapper '__getattribute__' of attributeSetter object at 0x0000025E7BF8F580>, bitsMode=UNKNOWN, blendMode='avg', bpc=(8, 8, 8), color=array([0, 0, 0]), colorSpace='rgb', depthBits=8, fullscr=True, gamma=None, gammaErrorPolicy='raise', infoMsg=UNKNOWN, lms=UNKNOWN, monitor=<psychopy.monitors.calibTools.Monitor object at 0x0000025E7C04FB80>, multiSample=False, name='window1', numSamples=2, pos=[0.0, 0.0], screen=1, size=array([1024,  768]), stencilBits=0, stereo=False, title='PsychoPy', units='height', useFBO=True, useRetina=False, viewOri=0.0, viewPos=None, viewScale=None, waitBlanking=True, winType='pyglet')
18.1354 	EXP 	window1: backgroundImage = ''
18.1354 	EXP 	window1: backgroundFit = 'none'
18.2015 	EXP 	window1: Attempting to measure frame rate of screen (1) ...
18.2015 	EXP 	window1: recordFrameIntervals = False
18.3852 	EXP 	window1: recordFrameIntervals = True
18.5689 	EXP 	Screen (1) actual frame rate measured at 59.99Hz
18.5690 	EXP 	window1: recordFrameIntervals = False
21.6102 	INFO 	keyboard.Keyboard is using iohub backend.
21.6102 	INFO 	keyboard.Keyboard is using iohub backend.
21.6102 	INFO 	keyboard.Keyboard is using iohub backend.
21.6103 	INFO 	keyboard.Keyboard is using iohub backend.
21.6103 	INFO 	keyboard.Keyboard is using iohub backend.
21.6104 	INFO 	keyboard.Keyboard is using iohub backend.
21.6104 	INFO 	keyboard.Keyboard is using iohub backend.
21.6104 	INFO 	keyboard.Keyboard is using iohub backend.
21.6104 	EXP 	guess: status = STARTED
21.6787 	EXP 	Created welcome_text = TextStim(__class__=<class 'psychopy.visual.text.TextStim'>, alignHoriz=method-wrapper(...), alignText='center', alignVert=method-wrapper(...), anchorHoriz='center', anchorVert='center', antialias=True, autoDraw=False, autoLog=True, bold=False, color=array([1., 1., 1.]), colorSpace='rgb', contrast=1.0, depth=0.0, draggable=False, flipHoriz=False, flipVert=False, font='Arial', fontFiles=[], height=0.05000000000000001, italic=False, languageStyle='LTR', name='welcome_text', opacity=1, ori=0.0, pos=array([0., 0.]), rgb=UNKNOWN, text='Willkommen zum Ratespiel Experiment!', units='height', win=Window(...), wrapWidth=1)
21.6991 	EXP 	Created sm_instructions1_text = TextStim(__class__=<class 'psychopy.visual.text.TextStim'>, alignHoriz=method-wrapper(...), alignText='center', alignVert=method-wrapper(...), anchorHoriz='center', anchorVert='center', antialias=True, autoDraw=False, autoLog=True, bold=False, color=array([1., 1., 1.]), colorSpace='rgb', contrast=1.0, depth=0.0, draggable=False, flipHoriz=False, flipVert=False, font='Arial', fontFiles=[], height=0.05000000000000001, italic=False, languageStyle='LTR', name='sm_instructions1_text', opacity=1, ori=0.0, pos=array([0., 0.]), rgb=UNKNOWN, text=str(...), units='height', win=Window(...), wrapWidth=1.2)
21.7109 	EXP 	Created sm_instructions2_text = TextStim(__class__=<class 'psychopy.visual.text.TextStim'>, alignHoriz=method-wrapper(...), alignText='center', alignVert=method-wrapper(...), anchorHoriz='center', anchorVert='center', antialias=True, autoDraw=False, autoLog=True, bold=False, color=array([1., 1., 1.]), colorSpace='rgb', contrast=1.0, depth=0.0, draggable=False, flipHoriz=False, flipVert=False, font='Arial', fontFiles=[], height=0.05000000000000001, italic=False, languageStyle='LTR', name='sm_instructions2_text', opacity=1, ori=0.0, pos=array([0., 0.]), rgb=UNKNOWN, text=str(...), units='height', win=Window(...), wrapWidth=1.2)
21.7138 	EXP 	Created ready_set_text = TextStim(__class__=<class 'psychopy.visual.text.TextStim'>, alignHoriz=method-wrapper(...), alignText='center', alignVert=method-wrapper(...), anchorHoriz='center', anchorVert='center', antialias=True, autoDraw=False, autoLog=True, bold=False, color=array([1., 1., 1.]), colorSpace='rgb', contrast=1.0, depth=-1.0, draggable=False, flipHoriz=False, flipVert=False, font='Arial', fontFiles=[], height=0.05000000000000001, italic=False, languageStyle='LTR', name='ready_set_text', opacity=1, ori=0.0, pos=array([0., 0.]), rgb=UNKNOWN, text='Der Scanner wird vorbereitet.', units='height', win=Window(...), wrapWidth=1)
21.7174 	EXP 	Created starting_soon = TextStim(__class__=<class 'psychopy.visual.text.TextStim'>, alignHoriz=method-wrapper(...), alignText='center', alignVert=method-wrapper(...), anchorHoriz='center', anchorVert='center', antialias=True, autoDraw=False, autoLog=True, bold=False, color=array([1., 1., 1.]), colorSpace='rgb', contrast=1.0, depth=0.0, draggable=False, flipHoriz=False, flipVert=False, font='Arial', fontFiles=[], height=0.05000000000000001, italic=False, languageStyle='LTR', name='starting_soon', opacity=1, ori=0.0, pos=array([0., 0.]), rgb=UNKNOWN, text='fMRT startet gleich...', units='height', win=Window(...), wrapWidth=1)
21.7182 	EXP 	Created blank_cross = TextStim(__class__=<class 'psychopy.visual.text.TextStim'>, alignHoriz=method-wrapper(...), alignText='center', alignVert=method-wrapper(...), anchorHoriz='center', anchorVert='center', antialias=True, autoDraw=False, autoLog=True, bold=False, color=array([1., 1., 1.]), colorSpace='rgb', contrast=1.0, depth=0.0, draggable=False, flipHoriz=False, flipVert=False, font='Arial', fontFiles=[], height=0.05, italic=False, languageStyle='LTR', name='blank_cross', opacity=1, ori=0.0, pos=array([0., 0.]), rgb=UNKNOWN, text='', units='height', win=Window(...), wrapWidth=1)
21.7190 	EXP 	Created iti_cross = TextStim(__class__=<class 'psychopy.visual.text.TextStim'>, alignHoriz=method-wrapper(...), alignText='center', alignVert=method-wrapper(...), anchorHoriz='center', anchorVert='center', antialias=True, autoDraw=False, autoLog=True, bold=False, color=array([1., 1., 1.]), colorSpace='rgb', contrast=1.0, depth=0.0, draggable=False, flipHoriz=False, flipVert=False, font='Arial', fontFiles=[], height=0.05, italic=False, languageStyle='LTR', name='iti_cross', opacity=1, ori=0.0, pos=array([0., 0.]), rgb=UNKNOWN, text='', units='height', win=Window(...), wrapWidth=1)
21.7227 	EXP 	Created living_nonliving_text = TextStim(__class__=<class 'psychopy.visual.text.TextStim'>, alignHoriz=method-wrapper(...), alignText='center', alignVert=method-wrapper(...), anchorHoriz='center', anchorVert='center', antialias=True, autoDraw=False, autoLog=True, bold=False, color=array([1., 1., 1.]), colorSpace='rgb', contrast=1.0, depth=-2.0, draggable=False, flipHoriz=False, flipVert=False, font='Arial', fontFiles=[], height=0.05000000000000001, italic=False, languageStyle='LTR', name='living_nonliving_text', opacity=1, ori=0.0, pos=array([ 0. , -0.3]), rgb=UNKNOWN, text='1) Lebendig        2) Nicht lebendig', units='height', win=Window(...), wrapWidth=1)
21.7235 	EXP 	Created semantic_map_item = TextStim(__class__=<class 'psychopy.visual.text.TextStim'>, alignHoriz=method-wrapper(...), alignText='center', alignVert=method-wrapper(...), anchorHoriz='center', anchorVert='center', antialias=True, autoDraw=False, autoLog=True, bold=False, color=array([1., 1., 1.]), colorSpace='rgb', contrast=1.0, depth=-3.0, draggable=False, flipHoriz=False, flipVert=False, font='Arial', fontFiles=[], height=0.05, italic=False, languageStyle='LTR', name='semantic_map_item', opacity=1, ori=0.0, pos=array([0., 0.]), rgb=UNKNOWN, text='', units='height', win=Window(...), wrapWidth=1)
21.7244 	EXP 	Created blank_cross = TextStim(__class__=<class 'psychopy.visual.text.TextStim'>, alignHoriz=method-wrapper(...), alignText='center', alignVert=method-wrapper(...), anchorHoriz='center', anchorVert='center', antialias=True, autoDraw=False, autoLog=True, bold=False, color=array([1., 1., 1.]), colorSpace='rgb', contrast=1.0, depth=0.0, draggable=False, flipHoriz=False, flipVert=False, font='Arial', fontFiles=[], height=0.05, italic=False, languageStyle='LTR', name='blank_cross', opacity=1, ori=0.0, pos=array([0., 0.]), rgb=UNKNOWN, text='', units='height', win=Window(...), wrapWidth=1)
21.7283 	EXP 	Created task_break_text = TextStim(__class__=<class 'psychopy.visual.text.TextStim'>, alignHoriz=method-wrapper(...), alignText='center', alignVert=method-wrapper(...), anchorHoriz='center', anchorVert='center', antialias=True, autoDraw=False, autoLog=True, bold=False, color=array([1., 1., 1.]), colorSpace='rgb', contrast=1.0, depth=0.0, draggable=False, flipHoriz=False, flipVert=False, font='Arial', fontFiles=[], height=0.05000000000000001, italic=False, languageStyle='LTR', name='task_break_text', opacity=1, ori=0.0, pos=array([0., 0.]), rgb=UNKNOWN, text=str(...), units='height', win=Window(...), wrapWidth=1)
21.7317 	EXP 	Created thanks_text = TextStim(__class__=<class 'psychopy.visual.text.TextStim'>, alignHoriz=method-wrapper(...), alignText='center', alignVert=method-wrapper(...), anchorHoriz='center', anchorVert='center', antialias=True, autoDraw=False, autoLog=True, bold=False, color=array([1., 1., 1.]), colorSpace='rgb', contrast=1.0, depth=0.0, draggable=False, flipHoriz=False, flipVert=False, font='Arial', fontFiles=[], height=0.05000000000000001, italic=False, languageStyle='LTR', name='thanks_text', opacity=1, ori=0.0, pos=array([0., 0.]), rgb=UNKNOWN, text=str(...), units='height', win=Window(...), wrapWidth=1)
0.0081 	EXP 	welcome_text: autoDraw = True
3.0223 	INFO 	Keyboard events cleared
3.0216 	EXP 	welcome_text: autoDraw = False
3.0216 	EXP 	sm_instructions1_text: autoDraw = True
10.7333 	DATA 	Keypress: 2
10.7383 	INFO 	Keyboard events cleared
10.7377 	EXP 	sm_instructions1_text: autoDraw = False
10.7377 	EXP 	sm_instructions2_text: autoDraw = True
20.3546 	EXP 	New trial (rep=0, index=0): <Trial 0 (0 in rep 0) data={'thisN': 0, 'thisTrialN': 0, 'thisRepN': 0}>
20.3784 	EXP 	Imported sm_iti_randomization.xlsx as conditions, 60 conditions, 1 params
20.3797 	EXP 	New trial (rep=0, index=0): <Trial 0 (0 in rep 0) data={'iti': 2, 'thisN': 0, 'thisTrialN': 0, 'thisRepN': 0}>
20.3805 	EXP 	New trial (rep=0, index=1): <Trial 1 (1 in rep 0) data={'iti': 2, 'thisN': 1, 'thisTrialN': 1, 'thisRepN': 0}>
20.3811 	EXP 	New trial (rep=0, index=2): <Trial 2 (2 in rep 0) data={'iti': 2, 'thisN': 2, 'thisTrialN': 2, 'thisRepN': 0}>
20.3816 	EXP 	New trial (rep=0, index=3): <Trial 3 (3 in rep 0) data={'iti': 2, 'thisN': 3, 'thisTrialN': 3, 'thisRepN': 0}>
20.3820 	EXP 	New trial (rep=0, index=4): <Trial 4 (4 in rep 0) data={'iti': 4, 'thisN': 4, 'thisTrialN': 4, 'thisRepN': 0}>
20.3825 	EXP 	New trial (rep=0, index=5): <Trial 5 (5 in rep 0) data={'iti': 2, 'thisN': 5, 'thisTrialN': 5, 'thisRepN': 0}>
20.3829 	EXP 	New trial (rep=0, index=6): <Trial 6 (6 in rep 0) data={'iti': 2, 'thisN': 6, 'thisTrialN': 6, 'thisRepN': 0}>
20.3835 	EXP 	New trial (rep=0, index=7): <Trial 7 (7 in rep 0) data={'iti': 4, 'thisN': 7, 'thisTrialN': 7, 'thisRepN': 0}>
20.3839 	EXP 	New trial (rep=0, index=8): <Trial 8 (8 in rep 0) data={'iti': 4, 'thisN': 8, 'thisTrialN': 8, 'thisRepN': 0}>
20.3845 	EXP 	New trial (rep=0, index=9): <Trial 9 (9 in rep 0) data={'iti': 4, 'thisN': 9, 'thisTrialN': 9, 'thisRepN': 0}>
20.3849 	EXP 	New trial (rep=0, index=10): <Trial 10 (10 in rep 0) data={'iti': 2, 'thisN': 10, 'thisTrialN': 10, 'thisRepN': 0}>
20.3855 	EXP 	New trial (rep=0, index=11): <Trial 11 (11 in rep 0) data={'iti': 4, 'thisN': 11, 'thisTrialN': 11, 'thisRepN': 0}>
20.3859 	EXP 	New trial (rep=0, index=12): <Trial 12 (12 in rep 0) data={'iti': 4, 'thisN': 12, 'thisTrialN': 12, 'thisRepN': 0}>
20.3864 	EXP 	New trial (rep=0, index=13): <Trial 13 (13 in rep 0) data={'iti': 4, 'thisN': 13, 'thisTrialN': 13, 'thisRepN': 0}>
20.3869 	EXP 	New trial (rep=0, index=14): <Trial 14 (14 in rep 0) data={'iti': 4, 'thisN': 14, 'thisTrialN': 14, 'thisRepN': 0}>
20.3873 	EXP 	New trial (rep=0, index=15): <Trial 15 (15 in rep 0) data={'iti': 4, 'thisN': 15, 'thisTrialN': 15, 'thisRepN': 0}>
20.3878 	EXP 	New trial (rep=0, index=16): <Trial 16 (16 in rep 0) data={'iti': 2, 'thisN': 16, 'thisTrialN': 16, 'thisRepN': 0}>
20.3882 	EXP 	New trial (rep=0, index=17): <Trial 17 (17 in rep 0) data={'iti': 2, 'thisN': 17, 'thisTrialN': 17, 'thisRepN': 0}>
20.3887 	EXP 	New trial (rep=0, index=18): <Trial 18 (18 in rep 0) data={'iti': 2, 'thisN': 18, 'thisTrialN': 18, 'thisRepN': 0}>
20.3892 	EXP 	New trial (rep=0, index=19): <Trial 19 (19 in rep 0) data={'iti': 4, 'thisN': 19, 'thisTrialN': 19, 'thisRepN': 0}>
20.3896 	EXP 	New trial (rep=0, index=20): <Trial 20 (20 in rep 0) data={'iti': 2, 'thisN': 20, 'thisTrialN': 20, 'thisRepN': 0}>
20.3900 	EXP 	New trial (rep=0, index=21): <Trial 21 (21 in rep 0) data={'iti': 4, 'thisN': 21, 'thisTrialN': 21, 'thisRepN': 0}>
20.3904 	EXP 	New trial (rep=0, index=22): <Trial 22 (22 in rep 0) data={'iti': 4, 'thisN': 22, 'thisTrialN': 22, 'thisRepN': 0}>
20.3908 	EXP 	New trial (rep=0, index=23): <Trial 23 (23 in rep 0) data={'iti': 2, 'thisN': 23, 'thisTrialN': 23, 'thisRepN': 0}>
20.3912 	EXP 	New trial (rep=0, index=24): <Trial 24 (24 in rep 0) data={'iti': 4, 'thisN': 24, 'thisTrialN': 24, 'thisRepN': 0}>
20.3915 	EXP 	New trial (rep=0, index=25): <Trial 25 (25 in rep 0) data={'iti': 4, 'thisN': 25, 'thisTrialN': 25, 'thisRepN': 0}>
20.3919 	EXP 	New trial (rep=0, index=26): <Trial 26 (26 in rep 0) data={'iti': 4, 'thisN': 26, 'thisTrialN': 26, 'thisRepN': 0}>
20.3924 	EXP 	New trial (rep=0, index=27): <Trial 27 (27 in rep 0) data={'iti': 4, 'thisN': 27, 'thisTrialN': 27, 'thisRepN': 0}>
20.3927 	EXP 	New trial (rep=0, index=28): <Trial 28 (28 in rep 0) data={'iti': 4, 'thisN': 28, 'thisTrialN': 28, 'thisRepN': 0}>
20.3931 	EXP 	New trial (rep=0, index=29): <Trial 29 (29 in rep 0) data={'iti': 2, 'thisN': 29, 'thisTrialN': 29, 'thisRepN': 0}>
20.3935 	EXP 	New trial (rep=0, index=30): <Trial 30 (30 in rep 0) data={'iti': 4, 'thisN': 30, 'thisTrialN': 30, 'thisRepN': 0}>
20.3938 	EXP 	New trial (rep=0, index=31): <Trial 31 (31 in rep 0) data={'iti': 4, 'thisN': 31, 'thisTrialN': 31, 'thisRepN': 0}>
20.3942 	EXP 	New trial (rep=0, index=32): <Trial 32 (32 in rep 0) data={'iti': 2, 'thisN': 32, 'thisTrialN': 32, 'thisRepN': 0}>
20.3946 	EXP 	New trial (rep=0, index=33): <Trial 33 (33 in rep 0) data={'iti': 4, 'thisN': 33, 'thisTrialN': 33, 'thisRepN': 0}>
20.3949 	EXP 	New trial (rep=0, index=34): <Trial 34 (34 in rep 0) data={'iti': 2, 'thisN': 34, 'thisTrialN': 34, 'thisRepN': 0}>
20.3954 	EXP 	New trial (rep=0, index=35): <Trial 35 (35 in rep 0) data={'iti': 2, 'thisN': 35, 'thisTrialN': 35, 'thisRepN': 0}>
20.3958 	EXP 	New trial (rep=0, index=36): <Trial 36 (36 in rep 0) data={'iti': 4, 'thisN': 36, 'thisTrialN': 36, 'thisRepN': 0}>
20.3962 	EXP 	New trial (rep=0, index=37): <Trial 37 (37 in rep 0) data={'iti': 2, 'thisN': 37, 'thisTrialN': 37, 'thisRepN': 0}>
20.3966 	EXP 	New trial (rep=0, index=38): <Trial 38 (38 in rep 0) data={'iti': 2, 'thisN': 38, 'thisTrialN': 38, 'thisRepN': 0}>
20.3969 	EXP 	New trial (rep=0, index=39): <Trial 39 (39 in rep 0) data={'iti': 2, 'thisN': 39, 'thisTrialN': 39, 'thisRepN': 0}>
20.3974 	EXP 	New trial (rep=0, index=40): <Trial 40 (40 in rep 0) data={'iti': 4, 'thisN': 40, 'thisTrialN': 40, 'thisRepN': 0}>
20.3978 	EXP 	New trial (rep=0, index=41): <Trial 41 (41 in rep 0) data={'iti': 4, 'thisN': 41, 'thisTrialN': 41, 'thisRepN': 0}>
20.3982 	EXP 	New trial (rep=0, index=42): <Trial 42 (42 in rep 0) data={'iti': 4, 'thisN': 42, 'thisTrialN': 42, 'thisRepN': 0}>
20.3985 	EXP 	New trial (rep=0, index=43): <Trial 43 (43 in rep 0) data={'iti': 4, 'thisN': 43, 'thisTrialN': 43, 'thisRepN': 0}>
20.3989 	EXP 	New trial (rep=0, index=44): <Trial 44 (44 in rep 0) data={'iti': 2, 'thisN': 44, 'thisTrialN': 44, 'thisRepN': 0}>
20.3994 	EXP 	New trial (rep=0, index=45): <Trial 45 (45 in rep 0) data={'iti': 2, 'thisN': 45, 'thisTrialN': 45, 'thisRepN': 0}>
20.3998 	EXP 	New trial (rep=0, index=46): <Trial 46 (46 in rep 0) data={'iti': 2, 'thisN': 46, 'thisTrialN': 46, 'thisRepN': 0}>
20.4001 	EXP 	New trial (rep=0, index=47): <Trial 47 (47 in rep 0) data={'iti': 4, 'thisN': 47, 'thisTrialN': 47, 'thisRepN': 0}>
20.4005 	EXP 	New trial (rep=0, index=48): <Trial 48 (48 in rep 0) data={'iti': 4, 'thisN': 48, 'thisTrialN': 48, 'thisRepN': 0}>
20.4008 	EXP 	New trial (rep=0, index=49): <Trial 49 (49 in rep 0) data={'iti': 4, 'thisN': 49, 'thisTrialN': 49, 'thisRepN': 0}>
20.4011 	EXP 	New trial (rep=0, index=50): <Trial 50 (50 in rep 0) data={'iti': 2, 'thisN': 50, 'thisTrialN': 50, 'thisRepN': 0}>
20.4015 	EXP 	New trial (rep=0, index=51): <Trial 51 (51 in rep 0) data={'iti': 2, 'thisN': 51, 'thisTrialN': 51, 'thisRepN': 0}>
20.4018 	EXP 	New trial (rep=0, index=52): <Trial 52 (52 in rep 0) data={'iti': 2, 'thisN': 52, 'thisTrialN': 52, 'thisRepN': 0}>
20.4022 	EXP 	New trial (rep=0, index=53): <Trial 53 (53 in rep 0) data={'iti': 2, 'thisN': 53, 'thisTrialN': 53, 'thisRepN': 0}>
20.4026 	EXP 	New trial (rep=0, index=54): <Trial 54 (54 in rep 0) data={'iti': 2, 'thisN': 54, 'thisTrialN': 54, 'thisRepN': 0}>
20.4029 	EXP 	New trial (rep=0, index=55): <Trial 55 (55 in rep 0) data={'iti': 2, 'thisN': 55, 'thisTrialN': 55, 'thisRepN': 0}>
20.4033 	EXP 	New trial (rep=0, index=56): <Trial 56 (56 in rep 0) data={'iti': 4, 'thisN': 56, 'thisTrialN': 56, 'thisRepN': 0}>
20.4037 	EXP 	New trial (rep=0, index=57): <Trial 57 (57 in rep 0) data={'iti': 2, 'thisN': 57, 'thisTrialN': 57, 'thisRepN': 0}>
20.4040 	EXP 	New trial (rep=0, index=58): <Trial 58 (58 in rep 0) data={'iti': 4, 'thisN': 58, 'thisTrialN': 58, 'thisRepN': 0}>
20.4044 	EXP 	New trial (rep=0, index=59): <Trial 59 (59 in rep 0) data={'iti': 2, 'thisN': 59, 'thisTrialN': 59, 'thisRepN': 0}>
20.4197 	EXP 	Imported sm_words.xlsx as conditions, 60 conditions, 4 params
20.4203 	EXP 	New trial (rep=0, index=0): <Trial 0 (0 in rep 0) data={'Cue': 'Kastanien', 'Target': 'Rösten', 'Mediator1': 'Baum', 'Mediator2': 'Nuss', 'thisN': 0, 'thisTrialN': 0, 'thisRepN': 0}>
20.4207 	EXP 	New trial (rep=0, index=1): <Trial 1 (1 in rep 0) data={'Cue': 'Raum', 'Target': 'Platz', 'Mediator1': 'Wein', 'Mediator2': 'Abendessen', 'thisN': 1, 'thisTrialN': 1, 'thisRepN': 0}>
20.4211 	EXP 	New trial (rep=0, index=2): <Trial 2 (2 in rep 0) data={'Cue': 'Mappe', 'Target': 'Buch', 'Mediator1': 'Tee', 'Mediator2': 'Blätter', 'thisN': 2, 'thisTrialN': 2, 'thisRepN': 0}>
20.4215 	EXP 	New trial (rep=0, index=3): <Trial 3 (3 in rep 0) data={'Cue': 'Teller', 'Target': 'Gabel', 'Mediator1': 'Frühstück', 'Mediator2': 'Brot', 'thisN': 3, 'thisTrialN': 3, 'thisRepN': 0}>
20.4218 	EXP 	New trial (rep=0, index=4): <Trial 4 (4 in rep 0) data={'Cue': 'Shampoo', 'Target': 'Seife', 'Mediator1': 'Conditioner', 'Mediator2': 'Haare', 'thisN': 4, 'thisTrialN': 4, 'thisRepN': 0}>
20.4223 	EXP 	New trial (rep=0, index=5): <Trial 5 (5 in rep 0) data={'Cue': 'Zug', 'Target': 'Flugzeug', 'Mediator1': 'Gleis', 'Mediator2': 'Bahnhof', 'thisN': 5, 'thisTrialN': 5, 'thisRepN': 0}>
20.4226 	EXP 	New trial (rep=0, index=6): <Trial 6 (6 in rep 0) data={'Cue': 'Zeichnung', 'Target': 'Bleistift', 'Mediator1': 'Bild', 'Mediator2': 'Kunst', 'thisN': 6, 'thisTrialN': 6, 'thisRepN': 0}>
20.4230 	EXP 	New trial (rep=0, index=7): <Trial 7 (7 in rep 0) data={'Cue': 'Eingeweide', 'Target': 'Organ', 'Mediator1': 'Königreich', 'Mediator2': 'Schloss', 'thisN': 7, 'thisTrialN': 7, 'thisRepN': 0}>
20.4233 	EXP 	New trial (rep=0, index=8): <Trial 8 (8 in rep 0) data={'Cue': 'Decke', 'Target': 'Kissen', 'Mediator1': 'Kino', 'Mediator2': 'Theater', 'thisN': 8, 'thisTrialN': 8, 'thisRepN': 0}>
20.4237 	EXP 	New trial (rep=0, index=9): <Trial 9 (9 in rep 0) data={'Cue': 'Definition', 'Target': 'Begriff', 'Mediator1': 'Erklärung', 'Mediator2': 'Bedeutung', 'thisN': 9, 'thisTrialN': 9, 'thisRepN': 0}>
20.4241 	EXP 	New trial (rep=0, index=10): <Trial 10 (10 in rep 0) data={'Cue': 'Insel', 'Target': 'Meer', 'Mediator1': 'Schwan', 'Mediator2': 'Taube', 'thisN': 10, 'thisTrialN': 10, 'thisRepN': 0}>
20.4244 	EXP 	New trial (rep=0, index=11): <Trial 11 (11 in rep 0) data={'Cue': 'Akrobatin', 'Target': 'Seil', 'Mediator1': 'Turnerin', 'Mediator2': 'Zirkus', 'thisN': 11, 'thisTrialN': 11, 'thisRepN': 0}>
20.4248 	EXP 	New trial (rep=0, index=12): <Trial 12 (12 in rep 0) data={'Cue': 'Floh', 'Target': 'Käfer', 'Mediator1': 'Mauer', 'Mediator2': 'Straße', 'thisN': 12, 'thisTrialN': 12, 'thisRepN': 0}>
20.4251 	EXP 	New trial (rep=0, index=13): <Trial 13 (13 in rep 0) data={'Cue': 'Tänzer', 'Target': 'Musik', 'Mediator1': 'Zimt', 'Mediator2': 'Rolle', 'thisN': 13, 'thisTrialN': 13, 'thisRepN': 0}>
20.4255 	EXP 	New trial (rep=0, index=14): <Trial 14 (14 in rep 0) data={'Cue': 'Vogel', 'Target': 'Feder', 'Mediator1': 'Fliegen', 'Mediator2': 'Flügel', 'thisN': 14, 'thisTrialN': 14, 'thisRepN': 0}>
20.4259 	EXP 	New trial (rep=0, index=15): <Trial 15 (15 in rep 0) data={'Cue': 'Scheidung', 'Target': 'Anwalt', 'Mediator1': 'Ehe', 'Mediator2': 'Trennung', 'thisN': 15, 'thisTrialN': 15, 'thisRepN': 0}>
20.4265 	EXP 	New trial (rep=0, index=16): <Trial 16 (16 in rep 0) data={'Cue': 'Karneval', 'Target': 'Festival', 'Mediator1': 'Streifen', 'Mediator2': 'Shirt', 'thisN': 16, 'thisTrialN': 16, 'thisRepN': 0}>
20.4268 	EXP 	New trial (rep=0, index=17): <Trial 17 (17 in rep 0) data={'Cue': 'Tradition', 'Target': 'Weihnachten', 'Mediator1': 'Nudeln', 'Mediator2': 'Pizza', 'thisN': 17, 'thisTrialN': 17, 'thisRepN': 0}>
20.4273 	EXP 	New trial (rep=0, index=18): <Trial 18 (18 in rep 0) data={'Cue': 'Juwel', 'Target': 'Gold', 'Mediator1': 'Diamant', 'Mediator2': 'Krone', 'thisN': 18, 'thisTrialN': 18, 'thisRepN': 0}>
20.4276 	EXP 	New trial (rep=0, index=19): <Trial 19 (19 in rep 0) data={'Cue': 'Beutel', 'Target': 'Sack', 'Mediator1': 'Tasche', 'Mediator2': 'Känguru', 'thisN': 19, 'thisTrialN': 19, 'thisRepN': 0}>
20.4280 	EXP 	New trial (rep=0, index=20): <Trial 20 (20 in rep 0) data={'Cue': 'Beutel', 'Target': 'Sack', 'Mediator1': 'Tasche', 'Mediator2': 'Känguru', 'thisN': 20, 'thisTrialN': 20, 'thisRepN': 0}>
20.4284 	EXP 	New trial (rep=0, index=21): <Trial 21 (21 in rep 0) data={'Cue': 'Rasen', 'Target': 'Pflege', 'Mediator1': 'Mäher', 'Mediator2': 'Gras', 'thisN': 21, 'thisTrialN': 21, 'thisRepN': 0}>
20.4287 	EXP 	New trial (rep=0, index=22): <Trial 22 (22 in rep 0) data={'Cue': 'Vers', 'Target': 'Poesie', 'Mediator1': 'Park', 'Mediator2': 'Spielplatz', 'thisN': 22, 'thisTrialN': 22, 'thisRepN': 0}>
20.4291 	EXP 	New trial (rep=0, index=23): <Trial 23 (23 in rep 0) data={'Cue': 'Statue', 'Target': 'Monument', 'Mediator1': 'Zahnpasta', 'Mediator2': 'Minze', 'thisN': 23, 'thisTrialN': 23, 'thisRepN': 0}>
20.4294 	EXP 	New trial (rep=0, index=24): <Trial 24 (24 in rep 0) data={'Cue': 'Garage', 'Target': 'Haus', 'Mediator1': 'Schauspielerin', 'Mediator2': 'Frau', 'thisN': 24, 'thisTrialN': 24, 'thisRepN': 0}>
20.4298 	EXP 	New trial (rep=0, index=25): <Trial 25 (25 in rep 0) data={'Cue': 'Rauch', 'Target': 'Nebel', 'Mediator1': 'Zigarette', 'Mediator2': 'Feuer', 'thisN': 25, 'thisTrialN': 25, 'thisRepN': 0}>
20.4301 	EXP 	New trial (rep=0, index=26): <Trial 26 (26 in rep 0) data={'Cue': 'Diskussion', 'Target': 'Vorlesung', 'Mediator1': 'Klebstoff', 'Mediator2': 'Papier', 'thisN': 26, 'thisTrialN': 26, 'thisRepN': 0}>
20.4305 	EXP 	New trial (rep=0, index=27): <Trial 27 (27 in rep 0) data={'Cue': 'Service', 'Target': 'Kunde', 'Mediator1': 'Hilfe', 'Mediator2': 'Station', 'thisN': 27, 'thisTrialN': 27, 'thisRepN': 0}>
20.4308 	EXP 	New trial (rep=0, index=28): <Trial 28 (28 in rep 0) data={'Cue': 'Gegenstand', 'Target': 'Artikel', 'Mediator1': 'Schnorchel', 'Mediator2': 'Flossen', 'thisN': 28, 'thisTrialN': 28, 'thisRepN': 0}>
20.4311 	EXP 	New trial (rep=0, index=29): <Trial 29 (29 in rep 0) data={'Cue': 'Vampir', 'Target': 'Geist', 'Mediator1': 'Blut', 'Mediator2': 'Fledermaus', 'thisN': 29, 'thisTrialN': 29, 'thisRepN': 0}>
20.4315 	EXP 	New trial (rep=0, index=30): <Trial 30 (30 in rep 0) data={'Cue': 'Brise', 'Target': 'Luft', 'Mediator1': 'Kind', 'Mediator2': 'Junge', 'thisN': 30, 'thisTrialN': 30, 'thisRepN': 0}>
20.4318 	EXP 	New trial (rep=0, index=31): <Trial 31 (31 in rep 0) data={'Cue': 'Flotte', 'Target': 'Boot', 'Mediator1': 'Shiffe', 'Mediator2': 'Marine', 'thisN': 31, 'thisTrialN': 31, 'thisRepN': 0}>
20.4321 	EXP 	New trial (rep=0, index=32): <Trial 32 (32 in rep 0) data={'Cue': 'Humor', 'Target': 'Komödie', 'Mediator1': 'Schuh', 'Mediator2': 'Stiefel', 'thisN': 32, 'thisTrialN': 32, 'thisRepN': 0}>
20.4325 	EXP 	New trial (rep=0, index=33): <Trial 33 (33 in rep 0) data={'Cue': 'Soldat', 'Target': 'Kämpfer', 'Mediator1': 'Krieg', 'Mediator2': 'Armee', 'thisN': 33, 'thisTrialN': 33, 'thisRepN': 0}>
20.4328 	EXP 	New trial (rep=0, index=34): <Trial 34 (34 in rep 0) data={'Cue': 'Häftling', 'Target': 'Verurteilter', 'Mediator1': 'Gefängnis', 'Mediator2': 'Barren', 'thisN': 34, 'thisTrialN': 34, 'thisRepN': 0}>
20.4332 	EXP 	New trial (rep=0, index=35): <Trial 35 (35 in rep 0) data={'Cue': 'Schlüssel', 'Target': 'Ring', 'Mediator1': 'Winkel', 'Mediator2': 'Kurve', 'thisN': 35, 'thisTrialN': 35, 'thisRepN': 0}>
20.4336 	EXP 	New trial (rep=0, index=36): <Trial 36 (36 in rep 0) data={'Cue': 'Leistung', 'Target': 'Ehre', 'Mediator1': 'Ziel', 'Mediator2': 'Erfolg', 'thisN': 36, 'thisTrialN': 36, 'thisRepN': 0}>
20.4339 	EXP 	New trial (rep=0, index=37): <Trial 37 (37 in rep 0) data={'Cue': 'Agent', 'Target': 'Reise', 'Mediator1': 'Kante', 'Mediator2': 'Messer', 'thisN': 37, 'thisTrialN': 37, 'thisRepN': 0}>
20.4342 	EXP 	New trial (rep=0, index=38): <Trial 38 (38 in rep 0) data={'Cue': 'Golf', 'Target': 'Loch', 'Mediator1': 'Ball', 'Mediator2': 'Schläger', 'thisN': 38, 'thisTrialN': 38, 'thisRepN': 0}>
20.4346 	EXP 	New trial (rep=0, index=39): <Trial 39 (39 in rep 0) data={'Cue': 'Geschwister', 'Target': 'Eltern', 'Mediator1': 'Bruder', 'Mediator2': 'Schwester', 'thisN': 39, 'thisTrialN': 39, 'thisRepN': 0}>
20.4349 	EXP 	New trial (rep=0, index=40): <Trial 40 (40 in rep 0) data={'Cue': 'Safari', 'Target': 'Ausflug', 'Mediator1': 'Afrika', 'Mediator2': 'Dschungel', 'thisN': 40, 'thisTrialN': 40, 'thisRepN': 0}>
20.4353 	EXP 	New trial (rep=0, index=41): <Trial 41 (41 in rep 0) data={'Cue': 'Bar', 'Target': 'Alkohol', 'Mediator1': 'Trinken', 'Mediator2': 'Bier', 'thisN': 41, 'thisTrialN': 41, 'thisRepN': 0}>
20.4356 	EXP 	New trial (rep=0, index=42): <Trial 42 (42 in rep 0) data={'Cue': 'Zunge', 'Target': 'Backe', 'Mediator1': 'Mund', 'Mediator2': 'Schmecken', 'thisN': 42, 'thisTrialN': 42, 'thisRepN': 0}>
20.4360 	EXP 	New trial (rep=0, index=43): <Trial 43 (43 in rep 0) data={'Cue': 'Frieden', 'Target': 'Harmonie', 'Mediator1': 'Surfen', 'Mediator2': 'Strand', 'thisN': 43, 'thisTrialN': 43, 'thisRepN': 0}>
20.4364 	EXP 	New trial (rep=0, index=44): <Trial 44 (44 in rep 0) data={'Cue': 'Fakt', 'Target': 'Wissen', 'Mediator1': 'Wahrheit', 'Mediator2': 'Fiktion', 'thisN': 44, 'thisTrialN': 44, 'thisRepN': 0}>
20.4367 	EXP 	New trial (rep=0, index=45): <Trial 45 (45 in rep 0) data={'Cue': 'Pumpe', 'Target': 'Reifen', 'Mediator1': 'Wasserfall', 'Mediator2': 'Felsen', 'thisN': 45, 'thisTrialN': 45, 'thisRepN': 0}>
20.4370 	EXP 	New trial (rep=0, index=46): <Trial 46 (46 in rep 0) data={'Cue': 'Geburtstag', 'Target': 'Kerze', 'Mediator1': 'Kuchen ', 'Mediator2': 'Feier', 'thisN': 46, 'thisTrialN': 46, 'thisRepN': 0}>
20.4374 	EXP 	New trial (rep=0, index=47): <Trial 47 (47 in rep 0) data={'Cue': 'Helm', 'Target': 'Kopf', 'Mediator1': 'Fahrrad', 'Mediator2': 'Hut', 'thisN': 47, 'thisTrialN': 47, 'thisRepN': 0}>
20.4377 	EXP 	New trial (rep=0, index=48): <Trial 48 (48 in rep 0) data={'Cue': 'Gast', 'Target': 'Zimmer', 'Mediator1': 'Freund', 'Mediator2': 'Besucher', 'thisN': 48, 'thisTrialN': 48, 'thisRepN': 0}>
20.4381 	EXP 	New trial (rep=0, index=49): <Trial 49 (49 in rep 0) data={'Cue': 'Sitzgurt', 'Target': 'Gesetz', 'Mediator1': 'Auto', 'Mediator2': 'Sicherheit', 'thisN': 49, 'thisTrialN': 49, 'thisRepN': 0}>
20.4384 	EXP 	New trial (rep=0, index=50): <Trial 50 (50 in rep 0) data={'Cue': 'Publikum', 'Target': 'Applaus', 'Mediator1': 'Traube', 'Mediator2': 'Rosine', 'thisN': 50, 'thisTrialN': 50, 'thisRepN': 0}>
20.4387 	EXP 	New trial (rep=0, index=51): <Trial 51 (51 in rep 0) data={'Cue': 'Bad', 'Target': 'Handtuch', 'Mediator1': 'Wanne', 'Mediator2': 'Wasser', 'thisN': 51, 'thisTrialN': 51, 'thisRepN': 0}>
20.4391 	EXP 	New trial (rep=0, index=52): <Trial 52 (52 in rep 0) data={'Cue': 'Teleskop', 'Target': 'Mikroskop', 'Mediator1': 'Wand', 'Mediator2': 'Fenster', 'thisN': 52, 'thisTrialN': 52, 'thisRepN': 0}>
20.4394 	EXP 	New trial (rep=0, index=53): <Trial 53 (53 in rep 0) data={'Cue': 'Anführer', 'Target': 'Boss', 'Mediator1': 'Anhänger', 'Mediator2': 'Präsident', 'thisN': 53, 'thisTrialN': 53, 'thisRepN': 0}>
20.4398 	EXP 	New trial (rep=0, index=54): <Trial 54 (54 in rep 0) data={'Cue': 'Vergangenheit', 'Target': 'Erinnerungen', 'Mediator1': 'Zukunft', 'Mediator2': 'Gegenwart', 'thisN': 54, 'thisTrialN': 54, 'thisRepN': 0}>
20.4401 	EXP 	New trial (rep=0, index=55): <Trial 55 (55 in rep 0) data={'Cue': 'Küche', 'Target': 'Tisch', 'Mediator1': 'Koch', 'Mediator2': 'Waschbecken', 'thisN': 55, 'thisTrialN': 55, 'thisRepN': 0}>
20.4404 	EXP 	New trial (rep=0, index=56): <Trial 56 (56 in rep 0) data={'Cue': 'Beweis', 'Target': 'Gericht', 'Mediator1': 'Verbrechen', 'Mediator2': 'Nachweisen', 'thisN': 56, 'thisTrialN': 56, 'thisRepN': 0}>
20.4407 	EXP 	New trial (rep=0, index=57): <Trial 57 (57 in rep 0) data={'Cue': 'Blumen', 'Target': 'Bouquet', 'Mediator1': 'Rose', 'Mediator2': 'Geruch', 'thisN': 57, 'thisTrialN': 57, 'thisRepN': 0}>
20.4410 	EXP 	New trial (rep=0, index=58): <Trial 58 (58 in rep 0) data={'Cue': 'Experiment', 'Target': 'Versuch', 'Mediator1': 'Test', 'Mediator2': 'Labor', 'thisN': 58, 'thisTrialN': 58, 'thisRepN': 0}>
20.4413 	EXP 	New trial (rep=0, index=59): <Trial 59 (59 in rep 0) data={'Cue': 'Chips', 'Target': 'Salz', 'Mediator1': 'Kartoffel', 'Mediator2': 'Dip', 'thisN': 59, 'thisTrialN': 59, 'thisRepN': 0}>
20.4490 	EXP 	Imported run_sheets.xlsx as conditions, 4 conditions, 1 params
20.4492 	EXP 	New trial (rep=0, index=0): <Trial 0 (0 in rep 0) data={'thisList': 0, 'thisN': 0, 'thisTrialN': 0, 'thisRepN': 0}>
20.4509 	DATA 	Keypress: 2
20.4545 	INFO 	Keyboard events cleared
20.4541 	EXP 	sm_instructions2_text: autoDraw = False
20.4541 	EXP 	ready_set_text: autoDraw = True
191.1316 	DATA 	Keypress: space
191.1450 	INFO 	Keyboard events cleared
191.1444 	EXP 	ready_set_text: autoDraw = False
191.1444 	EXP 	starting_soon: autoDraw = True
206.6272 	EXP 	starting_soon: autoDraw = False
206.6272 	EXP 	blank_cross: height = 0.05000000000000001
206.6272 	EXP 	blank_cross: height = 0.05000000000000001
206.6272 	EXP 	blank_cross: height = 0.05000000000000001
206.6272 	EXP 	blank_cross: text = '+'
206.6272 	EXP 	blank_cross: autoDraw = True
216.6112 	EXP 	New trial (rep=0, index=0): <Trial 0 (0 in rep 0) data={'thisN': 0, 'thisTrialN': 0, 'thisRepN': 0}>
216.6259 	EXP 	blank_cross: autoDraw = False
216.6259 	EXP 	blank_cross: autoDraw = False
216.6259 	EXP 	iti_cross: height = 0.05000000000000001
216.6259 	EXP 	iti_cross: height = 0.05000000000000001
216.6259 	EXP 	iti_cross: height = 0.05000000000000001
216.6259 	EXP 	iti_cross: text = '+'
216.6259 	EXP 	iti_cross: autoDraw = True
218.6267 	INFO 	Keyboard events cleared
218.6271 	INFO 	Keyboard events cleared
218.6261 	EXP 	iti_cross: autoDraw = False
218.6261 	EXP 	iti_cross: autoDraw = False
218.6261 	EXP 	semantic_map_item: height = 0.05000000000000001
218.6261 	EXP 	semantic_map_item: height = 0.05000000000000001
218.6261 	EXP 	semantic_map_item: height = 0.05000000000000001
218.6261 	EXP 	semantic_map_item: text = 'Gefängnis'
218.6261 	EXP 	living_nonliving_text: autoDraw = True
218.6261 	EXP 	semantic_map_item: autoDraw = True
220.3140 	DATA 	Keypress: 3
220.6110 	EXP 	New trial (rep=1, index=0): <Trial 1 (0 in rep 1) data={'thisN': 1, 'thisTrialN': 0, 'thisRepN': 1}>
220.6261 	EXP 	living_nonliving_text: autoDraw = False
220.6261 	EXP 	semantic_map_item: autoDraw = False
220.6261 	EXP 	living_nonliving_text: autoDraw = False
220.6261 	EXP 	semantic_map_item: autoDraw = False
220.6261 	EXP 	iti_cross: text = '+'
220.6261 	EXP 	iti_cross: autoDraw = True
224.6265 	INFO 	Keyboard events cleared
224.6271 	INFO 	Keyboard events cleared
224.6257 	EXP 	iti_cross: autoDraw = False
224.6257 	EXP 	iti_cross: autoDraw = False
224.6257 	EXP 	semantic_map_item: height = 0.05000000000000001
224.6257 	EXP 	semantic_map_item: height = 0.05000000000000001
224.6257 	EXP 	semantic_map_item: height = 0.05000000000000001
224.6257 	EXP 	semantic_map_item: text = 'Conditioner'
224.6257 	EXP 	living_nonliving_text: autoDraw = True
224.6257 	EXP 	semantic_map_item: autoDraw = True
225.8446 	DATA 	Keypress: 3
226.6105 	EXP 	New trial (rep=2, index=0): <Trial 2 (0 in rep 2) data={'thisN': 2, 'thisTrialN': 0, 'thisRepN': 2}>
226.6258 	EXP 	living_nonliving_text: autoDraw = False
226.6258 	EXP 	semantic_map_item: autoDraw = False
226.6258 	EXP 	living_nonliving_text: autoDraw = False
226.6258 	EXP 	semantic_map_item: autoDraw = False
226.6258 	EXP 	iti_cross: text = '+'
226.6258 	EXP 	iti_cross: autoDraw = True
228.6263 	INFO 	Keyboard events cleared
228.6267 	INFO 	Keyboard events cleared
228.6257 	EXP 	iti_cross: autoDraw = False
228.6257 	EXP 	iti_cross: autoDraw = False
228.6257 	EXP 	semantic_map_item: height = 0.05000000000000001
228.6257 	EXP 	semantic_map_item: height = 0.05000000000000001
228.6257 	EXP 	semantic_map_item: height = 0.05000000000000001
228.6257 	EXP 	semantic_map_item: text = 'Erfolg'
228.6257 	EXP 	living_nonliving_text: autoDraw = True
228.6257 	EXP 	semantic_map_item: autoDraw = True
230.6102 	EXP 	New trial (rep=3, index=0): <Trial 3 (0 in rep 3) data={'thisN': 3, 'thisTrialN': 0, 'thisRepN': 3}>
230.6254 	EXP 	living_nonliving_text: autoDraw = False
230.6254 	EXP 	semantic_map_item: autoDraw = False
230.6254 	EXP 	living_nonliving_text: autoDraw = False
230.6254 	EXP 	semantic_map_item: autoDraw = False
230.6254 	EXP 	iti_cross: text = '+'
230.6254 	EXP 	iti_cross: autoDraw = True
230.7122 	DATA 	Keypress: 3
234.6258 	INFO 	Keyboard events cleared
234.6262 	INFO 	Keyboard events cleared
234.6252 	EXP 	iti_cross: autoDraw = False
234.6252 	EXP 	iti_cross: autoDraw = False
234.6252 	EXP 	semantic_map_item: height = 0.05000000000000001
234.6252 	EXP 	semantic_map_item: height = 0.05000000000000001
234.6252 	EXP 	semantic_map_item: height = 0.05000000000000001
234.6252 	EXP 	semantic_map_item: text = 'Ball'
234.6252 	EXP 	living_nonliving_text: autoDraw = True
234.6252 	EXP 	semantic_map_item: autoDraw = True
235.4941 	DATA 	Keypress: 3
236.6099 	EXP 	New trial (rep=4, index=0): <Trial 4 (0 in rep 4) data={'thisN': 4, 'thisTrialN': 0, 'thisRepN': 4}>
236.6250 	EXP 	living_nonliving_text: autoDraw = False
236.6250 	EXP 	semantic_map_item: autoDraw = False
236.6250 	EXP 	living_nonliving_text: autoDraw = False
236.6250 	EXP 	semantic_map_item: autoDraw = False
236.6250 	EXP 	iti_cross: text = '+'
236.6250 	EXP 	iti_cross: autoDraw = True
238.6252 	INFO 	Keyboard events cleared
238.6256 	INFO 	Keyboard events cleared
238.6246 	EXP 	iti_cross: autoDraw = False
238.6246 	EXP 	iti_cross: autoDraw = False
238.6246 	EXP 	semantic_map_item: height = 0.05000000000000001
238.6246 	EXP 	semantic_map_item: height = 0.05000000000000001
238.6246 	EXP 	semantic_map_item: height = 0.05000000000000001
238.6246 	EXP 	semantic_map_item: text = 'Mauer'
238.6246 	EXP 	living_nonliving_text: autoDraw = True
238.6246 	EXP 	semantic_map_item: autoDraw = True
239.4436 	DATA 	Keypress: 3
240.6097 	EXP 	New trial (rep=5, index=0): <Trial 5 (0 in rep 5) data={'thisN': 5, 'thisTrialN': 0, 'thisRepN': 5}>
240.6249 	EXP 	living_nonliving_text: autoDraw = False
240.6249 	EXP 	semantic_map_item: autoDraw = False
240.6249 	EXP 	living_nonliving_text: autoDraw = False
240.6249 	EXP 	semantic_map_item: autoDraw = False
240.6249 	EXP 	iti_cross: text = '+'
240.6249 	EXP 	iti_cross: autoDraw = True
242.6251 	INFO 	Keyboard events cleared
242.6255 	INFO 	Keyboard events cleared
242.6245 	EXP 	iti_cross: autoDraw = False
242.6245 	EXP 	iti_cross: autoDraw = False
242.6245 	EXP 	semantic_map_item: height = 0.05000000000000001
242.6245 	EXP 	semantic_map_item: height = 0.05000000000000001
242.6245 	EXP 	semantic_map_item: height = 0.05000000000000001
242.6245 	EXP 	semantic_map_item: text = 'Fakt'
242.6245 	EXP 	living_nonliving_text: autoDraw = True
242.6245 	EXP 	semantic_map_item: autoDraw = True
244.1124 	DATA 	Keypress: 2
244.6092 	EXP 	New trial (rep=6, index=0): <Trial 6 (0 in rep 6) data={'thisN': 6, 'thisTrialN': 0, 'thisRepN': 6}>
244.6247 	EXP 	living_nonliving_text: autoDraw = False
244.6247 	EXP 	semantic_map_item: autoDraw = False
244.6247 	EXP 	living_nonliving_text: autoDraw = False
244.6247 	EXP 	semantic_map_item: autoDraw = False
244.6247 	EXP 	iti_cross: text = '+'
244.6247 	EXP 	iti_cross: autoDraw = True
246.6254 	INFO 	Keyboard events cleared
246.6258 	INFO 	Keyboard events cleared
246.6248 	EXP 	iti_cross: autoDraw = False
246.6248 	EXP 	iti_cross: autoDraw = False
246.6248 	EXP 	semantic_map_item: height = 0.05000000000000001
246.6248 	EXP 	semantic_map_item: height = 0.05000000000000001
246.6248 	EXP 	semantic_map_item: height = 0.05000000000000001
246.6248 	EXP 	semantic_map_item: text = 'Bruder'
246.6248 	EXP 	living_nonliving_text: autoDraw = True
246.6248 	EXP 	semantic_map_item: autoDraw = True
247.5119 	DATA 	Keypress: 2
248.6095 	EXP 	New trial (rep=7, index=0): <Trial 7 (0 in rep 7) data={'thisN': 7, 'thisTrialN': 0, 'thisRepN': 7}>
248.6245 	EXP 	living_nonliving_text: autoDraw = False
248.6245 	EXP 	semantic_map_item: autoDraw = False
248.6245 	EXP 	living_nonliving_text: autoDraw = False
248.6245 	EXP 	semantic_map_item: autoDraw = False
248.6245 	EXP 	iti_cross: text = '+'
248.6245 	EXP 	iti_cross: autoDraw = True
250.6249 	INFO 	Keyboard events cleared
250.6253 	INFO 	Keyboard events cleared
250.6243 	EXP 	iti_cross: autoDraw = False
250.6243 	EXP 	iti_cross: autoDraw = False
250.6243 	EXP 	semantic_map_item: height = 0.05000000000000001
250.6243 	EXP 	semantic_map_item: height = 0.05000000000000001
250.6243 	EXP 	semantic_map_item: height = 0.05000000000000001
250.6243 	EXP 	semantic_map_item: text = 'Bleistift'
250.6243 	EXP 	living_nonliving_text: autoDraw = True
250.6243 	EXP 	semantic_map_item: autoDraw = True
251.5782 	DATA 	Keypress: 3
252.6090 	EXP 	New trial (rep=8, index=0): <Trial 8 (0 in rep 8) data={'thisN': 8, 'thisTrialN': 0, 'thisRepN': 8}>
252.6244 	EXP 	living_nonliving_text: autoDraw = False
252.6244 	EXP 	semantic_map_item: autoDraw = False
252.6244 	EXP 	living_nonliving_text: autoDraw = False
252.6244 	EXP 	semantic_map_item: autoDraw = False
252.6244 	EXP 	iti_cross: text = '+'
252.6244 	EXP 	iti_cross: autoDraw = True
254.6247 	INFO 	Keyboard events cleared
254.6252 	INFO 	Keyboard events cleared
254.6240 	EXP 	iti_cross: autoDraw = False
254.6240 	EXP 	iti_cross: autoDraw = False
254.6240 	EXP 	semantic_map_item: height = 0.05000000000000001
254.6240 	EXP 	semantic_map_item: height = 0.05000000000000001
254.6240 	EXP 	semantic_map_item: height = 0.05000000000000001
254.6240 	EXP 	semantic_map_item: text = 'Wanne'
254.6240 	EXP 	living_nonliving_text: autoDraw = True
254.6240 	EXP 	semantic_map_item: autoDraw = True
255.3787 	DATA 	Keypress: 3
256.6090 	EXP 	New trial (rep=9, index=0): <Trial 9 (0 in rep 9) data={'thisN': 9, 'thisTrialN': 0, 'thisRepN': 9}>
256.6240 	EXP 	living_nonliving_text: autoDraw = False
256.6240 	EXP 	semantic_map_item: autoDraw = False
256.6240 	EXP 	living_nonliving_text: autoDraw = False
256.6240 	EXP 	semantic_map_item: autoDraw = False
256.6240 	EXP 	iti_cross: text = '+'
256.6240 	EXP 	iti_cross: autoDraw = True
258.6244 	INFO 	Keyboard events cleared
258.6247 	INFO 	Keyboard events cleared
258.6238 	EXP 	iti_cross: autoDraw = False
258.6238 	EXP 	iti_cross: autoDraw = False
258.6238 	EXP 	semantic_map_item: height = 0.05000000000000001
258.6238 	EXP 	semantic_map_item: height = 0.05000000000000001
258.6238 	EXP 	semantic_map_item: height = 0.05000000000000001
258.6238 	EXP 	semantic_map_item: text = 'Agent'
258.6238 	EXP 	living_nonliving_text: autoDraw = True
258.6238 	EXP 	semantic_map_item: autoDraw = True
259.4785 	DATA 	Keypress: 2
260.6090 	EXP 	New trial (rep=10, index=0): <Trial 10 (0 in rep 10) data={'thisN': 10, 'thisTrialN': 0, 'thisRepN': 10}>
260.6240 	EXP 	living_nonliving_text: autoDraw = False
260.6240 	EXP 	semantic_map_item: autoDraw = False
260.6240 	EXP 	living_nonliving_text: autoDraw = False
260.6240 	EXP 	semantic_map_item: autoDraw = False
260.6240 	EXP 	iti_cross: text = '+'
260.6240 	EXP 	iti_cross: autoDraw = True
264.6241 	INFO 	Keyboard events cleared
264.6245 	INFO 	Keyboard events cleared
264.6235 	EXP 	iti_cross: autoDraw = False
264.6235 	EXP 	iti_cross: autoDraw = False
264.6235 	EXP 	semantic_map_item: height = 0.05000000000000001
264.6235 	EXP 	semantic_map_item: height = 0.05000000000000001
264.6235 	EXP 	semantic_map_item: height = 0.05000000000000001
264.6235 	EXP 	semantic_map_item: text = 'Haus'
264.6235 	EXP 	living_nonliving_text: autoDraw = True
264.6235 	EXP 	semantic_map_item: autoDraw = True
265.4781 	DATA 	Keypress: 3
266.6083 	EXP 	New trial (rep=11, index=0): <Trial 11 (0 in rep 11) data={'thisN': 11, 'thisTrialN': 0, 'thisRepN': 11}>
266.6234 	EXP 	living_nonliving_text: autoDraw = False
266.6234 	EXP 	semantic_map_item: autoDraw = False
266.6234 	EXP 	living_nonliving_text: autoDraw = False
266.6234 	EXP 	semantic_map_item: autoDraw = False
266.6234 	EXP 	iti_cross: text = '+'
266.6234 	EXP 	iti_cross: autoDraw = True
270.6235 	INFO 	Keyboard events cleared
270.6238 	INFO 	Keyboard events cleared
270.6229 	EXP 	iti_cross: autoDraw = False
270.6229 	EXP 	iti_cross: autoDraw = False
270.6229 	EXP 	semantic_map_item: height = 0.05000000000000001
270.6229 	EXP 	semantic_map_item: height = 0.05000000000000001
270.6229 	EXP 	semantic_map_item: height = 0.05000000000000001
270.6229 	EXP 	semantic_map_item: text = 'Chips'
270.6229 	EXP 	living_nonliving_text: autoDraw = True
270.6229 	EXP 	semantic_map_item: autoDraw = True
271.4779 	DATA 	Keypress: 3
272.6080 	EXP 	New trial (rep=12, index=0): <Trial 12 (0 in rep 12) data={'thisN': 12, 'thisTrialN': 0, 'thisRepN': 12}>
272.6232 	EXP 	living_nonliving_text: autoDraw = False
272.6232 	EXP 	semantic_map_item: autoDraw = False
272.6232 	EXP 	living_nonliving_text: autoDraw = False
272.6232 	EXP 	semantic_map_item: autoDraw = False
272.6232 	EXP 	iti_cross: text = '+'
272.6232 	EXP 	iti_cross: autoDraw = True
276.6233 	INFO 	Keyboard events cleared
276.6237 	INFO 	Keyboard events cleared
276.6228 	EXP 	iti_cross: autoDraw = False
276.6228 	EXP 	iti_cross: autoDraw = False
276.6228 	EXP 	semantic_map_item: height = 0.05000000000000001
276.6228 	EXP 	semantic_map_item: height = 0.05000000000000001
276.6228 	EXP 	semantic_map_item: height = 0.05000000000000001
276.6228 	EXP 	semantic_map_item: text = 'Strand'
276.6228 	EXP 	living_nonliving_text: autoDraw = True
276.6228 	EXP 	semantic_map_item: autoDraw = True
277.3413 	DATA 	Keypress: 3
278.6074 	EXP 	New trial (rep=13, index=0): <Trial 13 (0 in rep 13) data={'thisN': 13, 'thisTrialN': 0, 'thisRepN': 13}>
278.6227 	EXP 	living_nonliving_text: autoDraw = False
278.6227 	EXP 	semantic_map_item: autoDraw = False
278.6227 	EXP 	living_nonliving_text: autoDraw = False
278.6227 	EXP 	semantic_map_item: autoDraw = False
278.6227 	EXP 	iti_cross: text = '+'
278.6227 	EXP 	iti_cross: autoDraw = True
280.6233 	INFO 	Keyboard events cleared
280.6238 	INFO 	Keyboard events cleared
280.6227 	EXP 	iti_cross: autoDraw = False
280.6227 	EXP 	iti_cross: autoDraw = False
280.6227 	EXP 	semantic_map_item: height = 0.05000000000000001
280.6227 	EXP 	semantic_map_item: height = 0.05000000000000001
280.6227 	EXP 	semantic_map_item: height = 0.05000000000000001
280.6227 	EXP 	semantic_map_item: text = 'Bar'
280.6227 	EXP 	living_nonliving_text: autoDraw = True
280.6227 	EXP 	semantic_map_item: autoDraw = True
281.8120 	DATA 	Keypress: 3
282.6077 	EXP 	New trial (rep=14, index=0): <Trial 14 (0 in rep 14) data={'thisN': 14, 'thisTrialN': 0, 'thisRepN': 14}>
282.6226 	EXP 	living_nonliving_text: autoDraw = False
282.6226 	EXP 	semantic_map_item: autoDraw = False
282.6226 	EXP 	living_nonliving_text: autoDraw = False
282.6226 	EXP 	semantic_map_item: autoDraw = False
282.6226 	EXP 	iti_cross: text = '+'
282.6226 	EXP 	iti_cross: autoDraw = True
284.6231 	INFO 	Keyboard events cleared
284.6236 	INFO 	Keyboard events cleared
284.6225 	EXP 	iti_cross: autoDraw = False
284.6225 	EXP 	iti_cross: autoDraw = False
284.6225 	EXP 	semantic_map_item: height = 0.05000000000000001
284.6225 	EXP 	semantic_map_item: height = 0.05000000000000001
284.6225 	EXP 	semantic_map_item: height = 0.05000000000000001
284.6225 	EXP 	semantic_map_item: text = 'Taube'
284.6225 	EXP 	living_nonliving_text: autoDraw = True
284.6225 	EXP 	semantic_map_item: autoDraw = True
286.0910 	DATA 	Keypress: 2
286.6072 	EXP 	New trial (rep=15, index=0): <Trial 15 (0 in rep 15) data={'thisN': 15, 'thisTrialN': 0, 'thisRepN': 15}>
286.6225 	EXP 	living_nonliving_text: autoDraw = False
286.6225 	EXP 	semantic_map_item: autoDraw = False
286.6225 	EXP 	living_nonliving_text: autoDraw = False
286.6225 	EXP 	semantic_map_item: autoDraw = False
286.6225 	EXP 	iti_cross: text = '+'
286.6225 	EXP 	iti_cross: autoDraw = True
288.6226 	INFO 	Keyboard events cleared
288.6230 	INFO 	Keyboard events cleared
288.6219 	EXP 	iti_cross: autoDraw = False
288.6219 	EXP 	iti_cross: autoDraw = False
288.6219 	EXP 	semantic_map_item: height = 0.05000000000000001
288.6219 	EXP 	semantic_map_item: height = 0.05000000000000001
288.6219 	EXP 	semantic_map_item: height = 0.05000000000000001
288.6219 	EXP 	semantic_map_item: text = 'Fledermaus'
288.6219 	EXP 	living_nonliving_text: autoDraw = True
288.6219 	EXP 	semantic_map_item: autoDraw = True
289.4606 	DATA 	Keypress: 2
290.6069 	EXP 	New trial (rep=16, index=0): <Trial 16 (0 in rep 16) data={'thisN': 16, 'thisTrialN': 0, 'thisRepN': 16}>
290.6222 	EXP 	living_nonliving_text: autoDraw = False
290.6222 	EXP 	semantic_map_item: autoDraw = False
290.6222 	EXP 	living_nonliving_text: autoDraw = False
290.6222 	EXP 	semantic_map_item: autoDraw = False
290.6222 	EXP 	iti_cross: text = '+'
290.6222 	EXP 	iti_cross: autoDraw = True
294.6225 	INFO 	Keyboard events cleared
294.6230 	INFO 	Keyboard events cleared
294.6218 	EXP 	iti_cross: autoDraw = False
294.6218 	EXP 	iti_cross: autoDraw = False
294.6218 	EXP 	semantic_map_item: height = 0.05000000000000001
294.6218 	EXP 	semantic_map_item: height = 0.05000000000000001
294.6218 	EXP 	semantic_map_item: height = 0.05000000000000001
294.6218 	EXP 	semantic_map_item: text = 'Tasche'
294.6218 	EXP 	living_nonliving_text: autoDraw = True
294.6218 	EXP 	semantic_map_item: autoDraw = True
295.4759 	DATA 	Keypress: 3
296.6065 	EXP 	New trial (rep=17, index=0): <Trial 17 (0 in rep 17) data={'thisN': 17, 'thisTrialN': 0, 'thisRepN': 17}>
296.6223 	EXP 	living_nonliving_text: autoDraw = False
296.6223 	EXP 	semantic_map_item: autoDraw = False
296.6223 	EXP 	living_nonliving_text: autoDraw = False
296.6223 	EXP 	semantic_map_item: autoDraw = False
296.6223 	EXP 	iti_cross: text = '+'
296.6223 	EXP 	iti_cross: autoDraw = True
300.6224 	INFO 	Keyboard events cleared
300.6229 	INFO 	Keyboard events cleared
300.6218 	EXP 	iti_cross: autoDraw = False
300.6218 	EXP 	iti_cross: autoDraw = False
300.6218 	EXP 	semantic_map_item: height = 0.05000000000000001
300.6218 	EXP 	semantic_map_item: height = 0.05000000000000001
300.6218 	EXP 	semantic_map_item: height = 0.05000000000000001
300.6218 	EXP 	semantic_map_item: text = 'Musik'
300.6218 	EXP 	living_nonliving_text: autoDraw = True
300.6218 	EXP 	semantic_map_item: autoDraw = True
301.7600 	DATA 	Keypress: 2
302.6066 	EXP 	New trial (rep=18, index=0): <Trial 18 (0 in rep 18) data={'thisN': 18, 'thisTrialN': 0, 'thisRepN': 18}>
302.6221 	EXP 	living_nonliving_text: autoDraw = False
302.6221 	EXP 	semantic_map_item: autoDraw = False
302.6221 	EXP 	living_nonliving_text: autoDraw = False
302.6221 	EXP 	semantic_map_item: autoDraw = False
302.6221 	EXP 	iti_cross: text = '+'
302.6221 	EXP 	iti_cross: autoDraw = True
306.6213 	INFO 	Keyboard events cleared
306.6218 	INFO 	Keyboard events cleared
306.6208 	EXP 	iti_cross: autoDraw = False
306.6208 	EXP 	iti_cross: autoDraw = False
306.6208 	EXP 	semantic_map_item: height = 0.05000000000000001
306.6208 	EXP 	semantic_map_item: height = 0.05000000000000001
306.6208 	EXP 	semantic_map_item: height = 0.05000000000000001
306.6208 	EXP 	semantic_map_item: text = 'Erklärung'
306.6208 	EXP 	living_nonliving_text: autoDraw = True
306.6208 	EXP 	semantic_map_item: autoDraw = True
308.2091 	DATA 	Keypress: 2
308.6059 	EXP 	New trial (rep=19, index=0): <Trial 19 (0 in rep 19) data={'thisN': 19, 'thisTrialN': 0, 'thisRepN': 19}>
308.6212 	EXP 	living_nonliving_text: autoDraw = False
308.6212 	EXP 	semantic_map_item: autoDraw = False
308.6212 	EXP 	living_nonliving_text: autoDraw = False
308.6212 	EXP 	semantic_map_item: autoDraw = False
308.6212 	EXP 	iti_cross: text = '+'
308.6212 	EXP 	iti_cross: autoDraw = True
312.6217 	INFO 	Keyboard events cleared
312.6222 	INFO 	Keyboard events cleared
312.6210 	EXP 	iti_cross: autoDraw = False
312.6210 	EXP 	iti_cross: autoDraw = False
312.6210 	EXP 	semantic_map_item: height = 0.05000000000000001
312.6210 	EXP 	semantic_map_item: height = 0.05000000000000001
312.6210 	EXP 	semantic_map_item: height = 0.05000000000000001
312.6210 	EXP 	semantic_map_item: text = 'Teller'
312.6210 	EXP 	living_nonliving_text: autoDraw = True
312.6210 	EXP 	semantic_map_item: autoDraw = True
313.4895 	DATA 	Keypress: 3
314.6055 	EXP 	New trial (rep=20, index=0): <Trial 20 (0 in rep 20) data={'thisN': 20, 'thisTrialN': 0, 'thisRepN': 20}>
314.6209 	EXP 	living_nonliving_text: autoDraw = False
314.6209 	EXP 	semantic_map_item: autoDraw = False
314.6209 	EXP 	living_nonliving_text: autoDraw = False
314.6209 	EXP 	semantic_map_item: autoDraw = False
314.6209 	EXP 	iti_cross: text = '+'
314.6209 	EXP 	iti_cross: autoDraw = True
316.6213 	INFO 	Keyboard events cleared
316.6217 	INFO 	Keyboard events cleared
316.6207 	EXP 	iti_cross: autoDraw = False
316.6207 	EXP 	iti_cross: autoDraw = False
316.6207 	EXP 	semantic_map_item: height = 0.05000000000000001
316.6207 	EXP 	semantic_map_item: height = 0.05000000000000001
316.6207 	EXP 	semantic_map_item: height = 0.05000000000000001
316.6207 	EXP 	semantic_map_item: text = 'Armee'
316.6207 	EXP 	living_nonliving_text: autoDraw = True
316.6207 	EXP 	semantic_map_item: autoDraw = True
317.4585 	DATA 	Keypress: 2
318.6055 	EXP 	New trial (rep=21, index=0): <Trial 21 (0 in rep 21) data={'thisN': 21, 'thisTrialN': 0, 'thisRepN': 21}>
318.6208 	EXP 	living_nonliving_text: autoDraw = False
318.6208 	EXP 	semantic_map_item: autoDraw = False
318.6208 	EXP 	living_nonliving_text: autoDraw = False
318.6208 	EXP 	semantic_map_item: autoDraw = False
318.6208 	EXP 	iti_cross: text = '+'
318.6208 	EXP 	iti_cross: autoDraw = True
320.6210 	INFO 	Keyboard events cleared
320.6214 	INFO 	Keyboard events cleared
320.6204 	EXP 	iti_cross: autoDraw = False
320.6204 	EXP 	iti_cross: autoDraw = False
320.6204 	EXP 	semantic_map_item: height = 0.05000000000000001
320.6204 	EXP 	semantic_map_item: height = 0.05000000000000001
320.6204 	EXP 	semantic_map_item: height = 0.05000000000000001
320.6204 	EXP 	semantic_map_item: text = 'Station'
320.6204 	EXP 	living_nonliving_text: autoDraw = True
320.6204 	EXP 	semantic_map_item: autoDraw = True
321.8589 	DATA 	Keypress: 3
322.6055 	EXP 	New trial (rep=22, index=0): <Trial 22 (0 in rep 22) data={'thisN': 22, 'thisTrialN': 0, 'thisRepN': 22}>
322.6208 	EXP 	living_nonliving_text: autoDraw = False
322.6208 	EXP 	semantic_map_item: autoDraw = False
322.6208 	EXP 	living_nonliving_text: autoDraw = False
322.6208 	EXP 	semantic_map_item: autoDraw = False
322.6208 	EXP 	iti_cross: text = '+'
322.6208 	EXP 	iti_cross: autoDraw = True
324.6206 	INFO 	Keyboard events cleared
324.6209 	INFO 	Keyboard events cleared
324.6200 	EXP 	iti_cross: autoDraw = False
324.6200 	EXP 	iti_cross: autoDraw = False
324.6200 	EXP 	semantic_map_item: height = 0.05000000000000001
324.6200 	EXP 	semantic_map_item: height = 0.05000000000000001
324.6200 	EXP 	semantic_map_item: height = 0.05000000000000001
324.6200 	EXP 	semantic_map_item: text = 'Bouquet'
324.6200 	EXP 	living_nonliving_text: autoDraw = True
324.6200 	EXP 	semantic_map_item: autoDraw = True
325.6890 	DATA 	Keypress: 3
326.6049 	EXP 	New trial (rep=23, index=0): <Trial 23 (0 in rep 23) data={'thisN': 23, 'thisTrialN': 0, 'thisRepN': 23}>
326.6203 	EXP 	living_nonliving_text: autoDraw = False
326.6203 	EXP 	semantic_map_item: autoDraw = False
326.6203 	EXP 	living_nonliving_text: autoDraw = False
326.6203 	EXP 	semantic_map_item: autoDraw = False
326.6203 	EXP 	iti_cross: text = '+'
326.6203 	EXP 	iti_cross: autoDraw = True
330.6205 	INFO 	Keyboard events cleared
330.6209 	INFO 	Keyboard events cleared
330.6199 	EXP 	iti_cross: autoDraw = False
330.6199 	EXP 	iti_cross: autoDraw = False
330.6199 	EXP 	semantic_map_item: height = 0.05000000000000001
330.6199 	EXP 	semantic_map_item: height = 0.05000000000000001
330.6199 	EXP 	semantic_map_item: height = 0.05000000000000001
330.6199 	EXP 	semantic_map_item: text = 'Känguru'
330.6199 	EXP 	living_nonliving_text: autoDraw = True
330.6199 	EXP 	semantic_map_item: autoDraw = True
331.8575 	DATA 	Keypress: 2
332.6045 	EXP 	New trial (rep=24, index=0): <Trial 24 (0 in rep 24) data={'thisN': 24, 'thisTrialN': 0, 'thisRepN': 24}>
332.6198 	EXP 	living_nonliving_text: autoDraw = False
332.6198 	EXP 	semantic_map_item: autoDraw = False
332.6198 	EXP 	living_nonliving_text: autoDraw = False
332.6198 	EXP 	semantic_map_item: autoDraw = False
332.6198 	EXP 	iti_cross: text = '+'
332.6198 	EXP 	iti_cross: autoDraw = True
334.6200 	INFO 	Keyboard events cleared
334.6204 	INFO 	Keyboard events cleared
334.6195 	EXP 	iti_cross: autoDraw = False
334.6195 	EXP 	iti_cross: autoDraw = False
334.6195 	EXP 	semantic_map_item: height = 0.05000000000000001
334.6195 	EXP 	semantic_map_item: height = 0.05000000000000001
334.6195 	EXP 	semantic_map_item: height = 0.05000000000000001
334.6195 	EXP 	semantic_map_item: text = 'Scheidung'
334.6195 	EXP 	living_nonliving_text: autoDraw = True
334.6195 	EXP 	semantic_map_item: autoDraw = True
335.8744 	DATA 	Keypress: 2
336.6044 	EXP 	New trial (rep=25, index=0): <Trial 25 (0 in rep 25) data={'thisN': 25, 'thisTrialN': 0, 'thisRepN': 25}>
336.6194 	EXP 	living_nonliving_text: autoDraw = False
336.6194 	EXP 	semantic_map_item: autoDraw = False
336.6194 	EXP 	living_nonliving_text: autoDraw = False
336.6194 	EXP 	semantic_map_item: autoDraw = False
336.6194 	EXP 	iti_cross: text = '+'
336.6194 	EXP 	iti_cross: autoDraw = True
338.6199 	INFO 	Keyboard events cleared
338.6203 	INFO 	Keyboard events cleared
338.6194 	EXP 	iti_cross: autoDraw = False
338.6194 	EXP 	iti_cross: autoDraw = False
338.6194 	EXP 	semantic_map_item: height = 0.05000000000000001
338.6194 	EXP 	semantic_map_item: height = 0.05000000000000001
338.6194 	EXP 	semantic_map_item: height = 0.05000000000000001
338.6194 	EXP 	semantic_map_item: text = 'Komödie'
338.6194 	EXP 	living_nonliving_text: autoDraw = True
338.6194 	EXP 	semantic_map_item: autoDraw = True
339.9880 	DATA 	Keypress: 3
340.6041 	EXP 	New trial (rep=26, index=0): <Trial 26 (0 in rep 26) data={'thisN': 26, 'thisTrialN': 0, 'thisRepN': 26}>
340.6194 	EXP 	living_nonliving_text: autoDraw = False
340.6194 	EXP 	semantic_map_item: autoDraw = False
340.6194 	EXP 	living_nonliving_text: autoDraw = False
340.6194 	EXP 	semantic_map_item: autoDraw = False
340.6194 	EXP 	iti_cross: text = '+'
340.6194 	EXP 	iti_cross: autoDraw = True
344.6196 	INFO 	Keyboard events cleared
344.6201 	INFO 	Keyboard events cleared
344.6190 	EXP 	iti_cross: autoDraw = False
344.6190 	EXP 	iti_cross: autoDraw = False
344.6190 	EXP 	semantic_map_item: height = 0.05000000000000001
344.6190 	EXP 	semantic_map_item: height = 0.05000000000000001
344.6190 	EXP 	semantic_map_item: height = 0.05000000000000001
344.6190 	EXP 	semantic_map_item: text = 'Marine'
344.6190 	EXP 	living_nonliving_text: autoDraw = True
344.6190 	EXP 	semantic_map_item: autoDraw = True
345.7877 	DATA 	Keypress: 2
346.6036 	EXP 	New trial (rep=27, index=0): <Trial 27 (0 in rep 27) data={'thisN': 27, 'thisTrialN': 0, 'thisRepN': 27}>
346.6190 	EXP 	living_nonliving_text: autoDraw = False
346.6190 	EXP 	semantic_map_item: autoDraw = False
346.6190 	EXP 	living_nonliving_text: autoDraw = False
346.6190 	EXP 	semantic_map_item: autoDraw = False
346.6190 	EXP 	iti_cross: text = '+'
346.6190 	EXP 	iti_cross: autoDraw = True
348.6196 	INFO 	Keyboard events cleared
348.6199 	INFO 	Keyboard events cleared
348.6190 	EXP 	iti_cross: autoDraw = False
348.6190 	EXP 	iti_cross: autoDraw = False
348.6190 	EXP 	semantic_map_item: height = 0.05000000000000001
348.6190 	EXP 	semantic_map_item: height = 0.05000000000000001
348.6190 	EXP 	semantic_map_item: height = 0.05000000000000001
348.6190 	EXP 	semantic_map_item: text = 'Karneval'
348.6190 	EXP 	living_nonliving_text: autoDraw = True
348.6190 	EXP 	semantic_map_item: autoDraw = True
349.7732 	DATA 	Keypress: 2
350.6038 	EXP 	New trial (rep=28, index=0): <Trial 28 (0 in rep 28) data={'thisN': 28, 'thisTrialN': 0, 'thisRepN': 28}>
350.6192 	EXP 	living_nonliving_text: autoDraw = False
350.6192 	EXP 	semantic_map_item: autoDraw = False
350.6192 	EXP 	living_nonliving_text: autoDraw = False
350.6192 	EXP 	semantic_map_item: autoDraw = False
350.6192 	EXP 	iti_cross: text = '+'
350.6192 	EXP 	iti_cross: autoDraw = True
354.6199 	INFO 	Keyboard events cleared
354.6202 	INFO 	Keyboard events cleared
354.6192 	EXP 	iti_cross: autoDraw = False
354.6192 	EXP 	iti_cross: autoDraw = False
354.6192 	EXP 	semantic_map_item: height = 0.05000000000000001
354.6192 	EXP 	semantic_map_item: height = 0.05000000000000001
354.6192 	EXP 	semantic_map_item: height = 0.05000000000000001
354.6192 	EXP 	semantic_map_item: text = 'Experiment'
354.6192 	EXP 	living_nonliving_text: autoDraw = True
354.6192 	EXP 	semantic_map_item: autoDraw = True
355.7566 	DATA 	Keypress: 2
356.6031 	EXP 	New trial (rep=29, index=0): <Trial 29 (0 in rep 29) data={'thisN': 29, 'thisTrialN': 0, 'thisRepN': 29}>
356.6186 	EXP 	living_nonliving_text: autoDraw = False
356.6186 	EXP 	semantic_map_item: autoDraw = False
356.6186 	EXP 	living_nonliving_text: autoDraw = False
356.6186 	EXP 	semantic_map_item: autoDraw = False
356.6186 	EXP 	iti_cross: text = '+'
356.6186 	EXP 	iti_cross: autoDraw = True
360.6185 	INFO 	Keyboard events cleared
360.6189 	INFO 	Keyboard events cleared
360.6179 	EXP 	iti_cross: autoDraw = False
360.6179 	EXP 	iti_cross: autoDraw = False
360.6179 	EXP 	semantic_map_item: height = 0.05000000000000001
360.6179 	EXP 	semantic_map_item: height = 0.05000000000000001
360.6179 	EXP 	semantic_map_item: height = 0.05000000000000001
360.6179 	EXP 	semantic_map_item: text = 'Theater'
360.6179 	EXP 	living_nonliving_text: autoDraw = True
360.6179 	EXP 	semantic_map_item: autoDraw = True
361.4729 	DATA 	Keypress: 2
362.6188 	EXP 	living_nonliving_text: autoDraw = False
362.6188 	EXP 	semantic_map_item: autoDraw = False
362.6188 	EXP 	living_nonliving_text: autoDraw = False
362.6188 	EXP 	semantic_map_item: autoDraw = False
362.6188 	EXP 	blank_cross: text = '+'
362.6188 	EXP 	blank_cross: autoDraw = True
372.6355 	INFO 	Keyboard events cleared
372.6349 	EXP 	blank_cross: autoDraw = False
372.6349 	EXP 	task_break_text: autoDraw = True
375.5709 	DATA 	Keypress: 2
375.5860 	EXP 	New trial (rep=0, index=1): <Trial 1 (1 in rep 0) data={'thisList': 3, 'thisN': 1, 'thisTrialN': 1, 'thisRepN': 0}>
375.6015 	INFO 	Keyboard events cleared
375.6009 	EXP 	task_break_text: autoDraw = False
375.6009 	EXP 	ready_set_text: autoDraw = True
415.0368 	DATA 	Keypress: space
415.0493 	INFO 	Keyboard events cleared
415.0487 	EXP 	ready_set_text: autoDraw = False
415.0487 	EXP 	starting_soon: autoDraw = True
432.3810 	EXP 	starting_soon: autoDraw = False
432.3810 	EXP 	blank_cross: text = '+'
432.3810 	EXP 	blank_cross: autoDraw = True
442.3654 	EXP 	New trial (rep=0, index=0): <Trial 0 (0 in rep 0) data={'thisN': 0, 'thisTrialN': 0, 'thisRepN': 0}>
442.3805 	EXP 	blank_cross: autoDraw = False
442.3805 	EXP 	blank_cross: autoDraw = False
442.3805 	EXP 	iti_cross: text = '+'
442.3805 	EXP 	iti_cross: autoDraw = True
444.3805 	INFO 	Keyboard events cleared
444.3812 	INFO 	Keyboard events cleared
444.3799 	EXP 	iti_cross: autoDraw = False
444.3799 	EXP 	iti_cross: autoDraw = False
444.3799 	EXP 	semantic_map_item: height = 0.05000000000000001
444.3799 	EXP 	semantic_map_item: height = 0.05000000000000001
444.3799 	EXP 	semantic_map_item: height = 0.05000000000000001
444.3799 	EXP 	semantic_map_item: text = 'Monument'
444.3799 	EXP 	living_nonliving_text: autoDraw = True
444.3799 	EXP 	semantic_map_item: autoDraw = True
446.1850 	DATA 	Keypress: 3
446.3647 	EXP 	New trial (rep=1, index=0): <Trial 1 (0 in rep 1) data={'thisN': 1, 'thisTrialN': 0, 'thisRepN': 1}>
446.3800 	EXP 	living_nonliving_text: autoDraw = False
446.3800 	EXP 	semantic_map_item: autoDraw = False
446.3800 	EXP 	living_nonliving_text: autoDraw = False
446.3800 	EXP 	semantic_map_item: autoDraw = False
446.3800 	EXP 	iti_cross: text = '+'
446.3800 	EXP 	iti_cross: autoDraw = True
450.3806 	INFO 	Keyboard events cleared
450.3810 	INFO 	Keyboard events cleared
450.3800 	EXP 	iti_cross: autoDraw = False
450.3800 	EXP 	iti_cross: autoDraw = False
450.3800 	EXP 	semantic_map_item: height = 0.05000000000000001
450.3800 	EXP 	semantic_map_item: height = 0.05000000000000001
450.3800 	EXP 	semantic_map_item: height = 0.05000000000000001
450.3800 	EXP 	semantic_map_item: text = 'Shampoo'
450.3800 	EXP 	living_nonliving_text: autoDraw = True
450.3800 	EXP 	semantic_map_item: autoDraw = True
451.4841 	DATA 	Keypress: 3
452.3645 	EXP 	New trial (rep=2, index=0): <Trial 2 (0 in rep 2) data={'thisN': 2, 'thisTrialN': 0, 'thisRepN': 2}>
452.3800 	EXP 	living_nonliving_text: autoDraw = False
452.3800 	EXP 	semantic_map_item: autoDraw = False
452.3800 	EXP 	living_nonliving_text: autoDraw = False
452.3800 	EXP 	semantic_map_item: autoDraw = False
452.3800 	EXP 	iti_cross: text = '+'
452.3800 	EXP 	iti_cross: autoDraw = True
456.3800 	INFO 	Keyboard events cleared
456.3803 	INFO 	Keyboard events cleared
456.3794 	EXP 	iti_cross: autoDraw = False
456.3794 	EXP 	iti_cross: autoDraw = False
456.3794 	EXP 	semantic_map_item: height = 0.05000000000000001
456.3794 	EXP 	semantic_map_item: height = 0.05000000000000001
456.3794 	EXP 	semantic_map_item: height = 0.05000000000000001
456.3794 	EXP 	semantic_map_item: text = 'Fiktion'
456.3794 	EXP 	living_nonliving_text: autoDraw = True
456.3794 	EXP 	semantic_map_item: autoDraw = True
457.5979 	DATA 	Keypress: 3
458.3643 	EXP 	New trial (rep=3, index=0): <Trial 3 (0 in rep 3) data={'thisN': 3, 'thisTrialN': 0, 'thisRepN': 3}>
458.3794 	EXP 	living_nonliving_text: autoDraw = False
458.3794 	EXP 	semantic_map_item: autoDraw = False
458.3794 	EXP 	living_nonliving_text: autoDraw = False
458.3794 	EXP 	semantic_map_item: autoDraw = False
458.3794 	EXP 	iti_cross: text = '+'
458.3794 	EXP 	iti_cross: autoDraw = True
462.3797 	INFO 	Keyboard events cleared
462.3800 	INFO 	Keyboard events cleared
462.3791 	EXP 	iti_cross: autoDraw = False
462.3791 	EXP 	iti_cross: autoDraw = False
462.3791 	EXP 	semantic_map_item: height = 0.05000000000000001
462.3791 	EXP 	semantic_map_item: height = 0.05000000000000001
462.3791 	EXP 	semantic_map_item: height = 0.05000000000000001
462.3791 	EXP 	semantic_map_item: text = 'Brise'
462.3791 	EXP 	living_nonliving_text: autoDraw = True
462.3791 	EXP 	semantic_map_item: autoDraw = True
463.6976 	DATA 	Keypress: 3
464.3638 	EXP 	New trial (rep=4, index=0): <Trial 4 (0 in rep 4) data={'thisN': 4, 'thisTrialN': 0, 'thisRepN': 4}>
464.3790 	EXP 	living_nonliving_text: autoDraw = False
464.3790 	EXP 	semantic_map_item: autoDraw = False
464.3790 	EXP 	living_nonliving_text: autoDraw = False
464.3790 	EXP 	semantic_map_item: autoDraw = False
464.3790 	EXP 	iti_cross: text = '+'
464.3790 	EXP 	iti_cross: autoDraw = True
468.3801 	INFO 	Keyboard events cleared
468.3804 	INFO 	Keyboard events cleared
468.3795 	EXP 	iti_cross: autoDraw = False
468.3795 	EXP 	iti_cross: autoDraw = False
468.3795 	EXP 	semantic_map_item: height = 0.05000000000000001
468.3795 	EXP 	semantic_map_item: height = 0.05000000000000001
468.3795 	EXP 	semantic_map_item: height = 0.05000000000000001
468.3795 	EXP 	semantic_map_item: text = 'Gras'
468.3795 	EXP 	living_nonliving_text: autoDraw = True
468.3795 	EXP 	semantic_map_item: autoDraw = True
469.9168 	DATA 	Keypress: 2
470.3635 	EXP 	New trial (rep=5, index=0): <Trial 5 (0 in rep 5) data={'thisN': 5, 'thisTrialN': 0, 'thisRepN': 5}>
470.3786 	EXP 	living_nonliving_text: autoDraw = False
470.3786 	EXP 	semantic_map_item: autoDraw = False
470.3786 	EXP 	living_nonliving_text: autoDraw = False
470.3786 	EXP 	semantic_map_item: autoDraw = False
470.3786 	EXP 	iti_cross: text = '+'
470.3786 	EXP 	iti_cross: autoDraw = True
474.3791 	INFO 	Keyboard events cleared
474.3794 	INFO 	Keyboard events cleared
474.3785 	EXP 	iti_cross: autoDraw = False
474.3785 	EXP 	iti_cross: autoDraw = False
474.3785 	EXP 	semantic_map_item: height = 0.05000000000000001
474.3785 	EXP 	semantic_map_item: height = 0.05000000000000001
474.3785 	EXP 	semantic_map_item: height = 0.05000000000000001
474.3785 	EXP 	semantic_map_item: text = 'Kartoffel'
474.3785 	EXP 	living_nonliving_text: autoDraw = True
474.3785 	EXP 	semantic_map_item: autoDraw = True
475.1469 	DATA 	Keypress: 2
476.3631 	EXP 	New trial (rep=6, index=0): <Trial 6 (0 in rep 6) data={'thisN': 6, 'thisTrialN': 0, 'thisRepN': 6}>
476.3786 	EXP 	living_nonliving_text: autoDraw = False
476.3786 	EXP 	semantic_map_item: autoDraw = False
476.3786 	EXP 	living_nonliving_text: autoDraw = False
476.3786 	EXP 	semantic_map_item: autoDraw = False
476.3786 	EXP 	iti_cross: text = '+'
476.3786 	EXP 	iti_cross: autoDraw = True
478.3788 	INFO 	Keyboard events cleared
478.3792 	INFO 	Keyboard events cleared
478.3781 	EXP 	iti_cross: autoDraw = False
478.3781 	EXP 	iti_cross: autoDraw = False
478.3781 	EXP 	semantic_map_item: height = 0.05000000000000001
478.3781 	EXP 	semantic_map_item: height = 0.05000000000000001
478.3781 	EXP 	semantic_map_item: height = 0.05000000000000001
478.3781 	EXP 	semantic_map_item: text = 'Geschwister'
478.3781 	EXP 	living_nonliving_text: autoDraw = True
478.3781 	EXP 	semantic_map_item: autoDraw = True
479.2163 	DATA 	Keypress: 2
480.3630 	EXP 	New trial (rep=7, index=0): <Trial 7 (0 in rep 7) data={'thisN': 7, 'thisTrialN': 0, 'thisRepN': 7}>
480.3783 	EXP 	living_nonliving_text: autoDraw = False
480.3783 	EXP 	semantic_map_item: autoDraw = False
480.3783 	EXP 	living_nonliving_text: autoDraw = False
480.3783 	EXP 	semantic_map_item: autoDraw = False
480.3783 	EXP 	iti_cross: text = '+'
480.3783 	EXP 	iti_cross: autoDraw = True
484.3787 	INFO 	Keyboard events cleared
484.3791 	INFO 	Keyboard events cleared
484.3781 	EXP 	iti_cross: autoDraw = False
484.3781 	EXP 	iti_cross: autoDraw = False
484.3781 	EXP 	semantic_map_item: height = 0.05000000000000001
484.3781 	EXP 	semantic_map_item: height = 0.05000000000000001
484.3781 	EXP 	semantic_map_item: height = 0.05000000000000001
484.3781 	EXP 	semantic_map_item: text = 'Nudeln'
484.3781 	EXP 	living_nonliving_text: autoDraw = True
484.3781 	EXP 	semantic_map_item: autoDraw = True
485.5158 	DATA 	Keypress: 3
486.3627 	EXP 	New trial (rep=8, index=0): <Trial 8 (0 in rep 8) data={'thisN': 8, 'thisTrialN': 0, 'thisRepN': 8}>
486.3779 	EXP 	living_nonliving_text: autoDraw = False
486.3779 	EXP 	semantic_map_item: autoDraw = False
486.3779 	EXP 	living_nonliving_text: autoDraw = False
486.3779 	EXP 	semantic_map_item: autoDraw = False
486.3779 	EXP 	iti_cross: text = '+'
486.3779 	EXP 	iti_cross: autoDraw = True
490.3782 	INFO 	Keyboard events cleared
490.3787 	INFO 	Keyboard events cleared
490.3775 	EXP 	iti_cross: autoDraw = False
490.3775 	EXP 	iti_cross: autoDraw = False
490.3775 	EXP 	semantic_map_item: height = 0.05000000000000001
490.3775 	EXP 	semantic_map_item: height = 0.05000000000000001
490.3775 	EXP 	semantic_map_item: height = 0.05000000000000001
490.3775 	EXP 	semantic_map_item: text = 'Golf'
490.3775 	EXP 	living_nonliving_text: autoDraw = True
490.3775 	EXP 	semantic_map_item: autoDraw = True
491.3164 	DATA 	Keypress: 3
492.3623 	EXP 	New trial (rep=9, index=0): <Trial 9 (0 in rep 9) data={'thisN': 9, 'thisTrialN': 0, 'thisRepN': 9}>
492.3775 	EXP 	living_nonliving_text: autoDraw = False
492.3775 	EXP 	semantic_map_item: autoDraw = False
492.3775 	EXP 	living_nonliving_text: autoDraw = False
492.3775 	EXP 	semantic_map_item: autoDraw = False
492.3775 	EXP 	iti_cross: text = '+'
492.3775 	EXP 	iti_cross: autoDraw = True
494.3780 	INFO 	Keyboard events cleared
494.3784 	INFO 	Keyboard events cleared
494.3774 	EXP 	iti_cross: autoDraw = False
494.3774 	EXP 	iti_cross: autoDraw = False
494.3774 	EXP 	semantic_map_item: height = 0.05000000000000001
494.3774 	EXP 	semantic_map_item: height = 0.05000000000000001
494.3774 	EXP 	semantic_map_item: height = 0.05000000000000001
494.3774 	EXP 	semantic_map_item: text = 'Insel'
494.3774 	EXP 	living_nonliving_text: autoDraw = True
494.3774 	EXP 	semantic_map_item: autoDraw = True
495.5961 	DATA 	Keypress: 2
496.3623 	EXP 	New trial (rep=10, index=0): <Trial 10 (0 in rep 10) data={'thisN': 10, 'thisTrialN': 0, 'thisRepN': 10}>
496.3773 	EXP 	living_nonliving_text: autoDraw = False
496.3773 	EXP 	semantic_map_item: autoDraw = False
496.3773 	EXP 	living_nonliving_text: autoDraw = False
496.3773 	EXP 	semantic_map_item: autoDraw = False
496.3773 	EXP 	iti_cross: text = '+'
496.3773 	EXP 	iti_cross: autoDraw = True
500.3775 	INFO 	Keyboard events cleared
500.3779 	INFO 	Keyboard events cleared
500.3769 	EXP 	iti_cross: autoDraw = False
500.3769 	EXP 	iti_cross: autoDraw = False
500.3769 	EXP 	semantic_map_item: height = 0.05000000000000001
500.3769 	EXP 	semantic_map_item: height = 0.05000000000000001
500.3769 	EXP 	semantic_map_item: height = 0.05000000000000001
500.3769 	EXP 	semantic_map_item: text = 'Häftling'
500.3769 	EXP 	living_nonliving_text: autoDraw = True
500.3769 	EXP 	semantic_map_item: autoDraw = True
501.2819 	DATA 	Keypress: 2
502.3616 	EXP 	New trial (rep=11, index=0): <Trial 11 (0 in rep 11) data={'thisN': 11, 'thisTrialN': 0, 'thisRepN': 11}>
502.3770 	EXP 	living_nonliving_text: autoDraw = False
502.3770 	EXP 	semantic_map_item: autoDraw = False
502.3770 	EXP 	living_nonliving_text: autoDraw = False
502.3770 	EXP 	semantic_map_item: autoDraw = False
502.3770 	EXP 	iti_cross: text = '+'
502.3770 	EXP 	iti_cross: autoDraw = True
504.3774 	INFO 	Keyboard events cleared
504.3778 	INFO 	Keyboard events cleared
504.3769 	EXP 	iti_cross: autoDraw = False
504.3769 	EXP 	iti_cross: autoDraw = False
504.3769 	EXP 	semantic_map_item: height = 0.05000000000000001
504.3769 	EXP 	semantic_map_item: height = 0.05000000000000001
504.3769 	EXP 	semantic_map_item: height = 0.05000000000000001
504.3769 	EXP 	semantic_map_item: text = 'Shiffe'
504.3769 	EXP 	living_nonliving_text: autoDraw = True
504.3769 	EXP 	semantic_map_item: autoDraw = True
505.9956 	DATA 	Keypress: 3
506.3616 	EXP 	New trial (rep=12, index=0): <Trial 12 (0 in rep 12) data={'thisN': 12, 'thisTrialN': 0, 'thisRepN': 12}>
506.3769 	EXP 	living_nonliving_text: autoDraw = False
506.3769 	EXP 	semantic_map_item: autoDraw = False
506.3769 	EXP 	living_nonliving_text: autoDraw = False
506.3769 	EXP 	semantic_map_item: autoDraw = False
506.3769 	EXP 	iti_cross: text = '+'
506.3769 	EXP 	iti_cross: autoDraw = True
508.3772 	INFO 	Keyboard events cleared
508.3779 	INFO 	Keyboard events cleared
508.3766 	EXP 	iti_cross: autoDraw = False
508.3766 	EXP 	iti_cross: autoDraw = False
508.3766 	EXP 	semantic_map_item: height = 0.05000000000000001
508.3766 	EXP 	semantic_map_item: height = 0.05000000000000001
508.3766 	EXP 	semantic_map_item: height = 0.05000000000000001
508.3766 	EXP 	semantic_map_item: text = 'Gast'
508.3766 	EXP 	living_nonliving_text: autoDraw = True
508.3766 	EXP 	semantic_map_item: autoDraw = True
509.5145 	DATA 	Keypress: 2
510.3615 	EXP 	New trial (rep=13, index=0): <Trial 13 (0 in rep 13) data={'thisN': 13, 'thisTrialN': 0, 'thisRepN': 13}>
510.3765 	EXP 	living_nonliving_text: autoDraw = False
510.3765 	EXP 	semantic_map_item: autoDraw = False
510.3765 	EXP 	living_nonliving_text: autoDraw = False
510.3765 	EXP 	semantic_map_item: autoDraw = False
510.3765 	EXP 	iti_cross: text = '+'
510.3765 	EXP 	iti_cross: autoDraw = True
512.3772 	INFO 	Keyboard events cleared
512.3775 	INFO 	Keyboard events cleared
512.3766 	EXP 	iti_cross: autoDraw = False
512.3766 	EXP 	iti_cross: autoDraw = False
512.3766 	EXP 	semantic_map_item: height = 0.05000000000000001
512.3766 	EXP 	semantic_map_item: height = 0.05000000000000001
512.3766 	EXP 	semantic_map_item: height = 0.05000000000000001
512.3766 	EXP 	semantic_map_item: text = 'Blumen'
512.3766 	EXP 	living_nonliving_text: autoDraw = True
512.3766 	EXP 	semantic_map_item: autoDraw = True
513.6449 	DATA 	Keypress: 2
514.3611 	EXP 	New trial (rep=14, index=0): <Trial 14 (0 in rep 14) data={'thisN': 14, 'thisTrialN': 0, 'thisRepN': 14}>
514.3764 	EXP 	living_nonliving_text: autoDraw = False
514.3764 	EXP 	semantic_map_item: autoDraw = False
514.3764 	EXP 	living_nonliving_text: autoDraw = False
514.3764 	EXP 	semantic_map_item: autoDraw = False
514.3764 	EXP 	iti_cross: text = '+'
514.3764 	EXP 	iti_cross: autoDraw = True
518.3767 	INFO 	Keyboard events cleared
518.3771 	INFO 	Keyboard events cleared
518.3761 	EXP 	iti_cross: autoDraw = False
518.3761 	EXP 	iti_cross: autoDraw = False
518.3761 	EXP 	semantic_map_item: height = 0.05000000000000001
518.3761 	EXP 	semantic_map_item: height = 0.05000000000000001
518.3761 	EXP 	semantic_map_item: height = 0.05000000000000001
518.3761 	EXP 	semantic_map_item: text = 'Feder'
518.3761 	EXP 	living_nonliving_text: autoDraw = True
518.3761 	EXP 	semantic_map_item: autoDraw = True
519.6646 	DATA 	Keypress: 3
520.3609 	EXP 	New trial (rep=15, index=0): <Trial 15 (0 in rep 15) data={'thisN': 15, 'thisTrialN': 0, 'thisRepN': 15}>
520.3761 	EXP 	living_nonliving_text: autoDraw = False
520.3761 	EXP 	semantic_map_item: autoDraw = False
520.3761 	EXP 	living_nonliving_text: autoDraw = False
520.3761 	EXP 	semantic_map_item: autoDraw = False
520.3761 	EXP 	iti_cross: text = '+'
520.3761 	EXP 	iti_cross: autoDraw = True
524.3758 	INFO 	Keyboard events cleared
524.3762 	INFO 	Keyboard events cleared
524.3753 	EXP 	iti_cross: autoDraw = False
524.3753 	EXP 	iti_cross: autoDraw = False
524.3753 	EXP 	semantic_map_item: height = 0.05000000000000001
524.3753 	EXP 	semantic_map_item: height = 0.05000000000000001
524.3753 	EXP 	semantic_map_item: height = 0.05000000000000001
524.3753 	EXP 	semantic_map_item: text = 'Zunge'
524.3753 	EXP 	living_nonliving_text: autoDraw = True
524.3753 	EXP 	semantic_map_item: autoDraw = True
525.4443 	DATA 	Keypress: 2
526.3604 	EXP 	New trial (rep=16, index=0): <Trial 16 (0 in rep 16) data={'thisN': 16, 'thisTrialN': 0, 'thisRepN': 16}>
526.3756 	EXP 	living_nonliving_text: autoDraw = False
526.3756 	EXP 	semantic_map_item: autoDraw = False
526.3756 	EXP 	living_nonliving_text: autoDraw = False
526.3756 	EXP 	semantic_map_item: autoDraw = False
526.3756 	EXP 	iti_cross: text = '+'
526.3756 	EXP 	iti_cross: autoDraw = True
530.3762 	INFO 	Keyboard events cleared
530.3767 	INFO 	Keyboard events cleared
530.3754 	EXP 	iti_cross: autoDraw = False
530.3754 	EXP 	iti_cross: autoDraw = False
530.3754 	EXP 	semantic_map_item: height = 0.05000000000000001
530.3754 	EXP 	semantic_map_item: height = 0.05000000000000001
530.3754 	EXP 	semantic_map_item: height = 0.05000000000000001
530.3754 	EXP 	semantic_map_item: text = 'Rosine'
530.3754 	EXP 	living_nonliving_text: autoDraw = True
530.3754 	EXP 	semantic_map_item: autoDraw = True
531.3298 	DATA 	Keypress: 3
532.3602 	EXP 	New trial (rep=17, index=0): <Trial 17 (0 in rep 17) data={'thisN': 17, 'thisTrialN': 0, 'thisRepN': 17}>
532.3753 	EXP 	living_nonliving_text: autoDraw = False
532.3753 	EXP 	semantic_map_item: autoDraw = False
532.3753 	EXP 	living_nonliving_text: autoDraw = False
532.3753 	EXP 	semantic_map_item: autoDraw = False
532.3753 	EXP 	iti_cross: text = '+'
532.3753 	EXP 	iti_cross: autoDraw = True
536.3755 	INFO 	Keyboard events cleared
536.3758 	INFO 	Keyboard events cleared
536.3749 	EXP 	iti_cross: autoDraw = False
536.3749 	EXP 	iti_cross: autoDraw = False
536.3749 	EXP 	semantic_map_item: height = 0.05000000000000001
536.3749 	EXP 	semantic_map_item: height = 0.05000000000000001
536.3749 	EXP 	semantic_map_item: height = 0.05000000000000001
536.3749 	EXP 	semantic_map_item: text = 'Vergangenheit'
536.3749 	EXP 	living_nonliving_text: autoDraw = True
536.3749 	EXP 	semantic_map_item: autoDraw = True
538.0432 	DATA 	Keypress: 2
538.3601 	EXP 	New trial (rep=18, index=0): <Trial 18 (0 in rep 18) data={'thisN': 18, 'thisTrialN': 0, 'thisRepN': 18}>
538.3750 	EXP 	living_nonliving_text: autoDraw = False
538.3750 	EXP 	semantic_map_item: autoDraw = False
538.3750 	EXP 	living_nonliving_text: autoDraw = False
538.3750 	EXP 	semantic_map_item: autoDraw = False
538.3750 	EXP 	iti_cross: text = '+'
538.3750 	EXP 	iti_cross: autoDraw = True
542.3753 	INFO 	Keyboard events cleared
542.3757 	INFO 	Keyboard events cleared
542.3747 	EXP 	iti_cross: autoDraw = False
542.3747 	EXP 	iti_cross: autoDraw = False
542.3747 	EXP 	semantic_map_item: height = 0.05000000000000001
542.3747 	EXP 	semantic_map_item: height = 0.05000000000000001
542.3747 	EXP 	semantic_map_item: height = 0.05000000000000001
542.3747 	EXP 	semantic_map_item: text = 'Gold'
542.3747 	EXP 	living_nonliving_text: autoDraw = True
542.3747 	EXP 	semantic_map_item: autoDraw = True
543.3297 	DATA 	Keypress: 3
544.3594 	EXP 	New trial (rep=19, index=0): <Trial 19 (0 in rep 19) data={'thisN': 19, 'thisTrialN': 0, 'thisRepN': 19}>
544.3747 	EXP 	living_nonliving_text: autoDraw = False
544.3747 	EXP 	semantic_map_item: autoDraw = False
544.3747 	EXP 	living_nonliving_text: autoDraw = False
544.3747 	EXP 	semantic_map_item: autoDraw = False
544.3747 	EXP 	iti_cross: text = '+'
544.3747 	EXP 	iti_cross: autoDraw = True
546.3749 	INFO 	Keyboard events cleared
546.3753 	INFO 	Keyboard events cleared
546.3744 	EXP 	iti_cross: autoDraw = False
546.3744 	EXP 	iti_cross: autoDraw = False
546.3744 	EXP 	semantic_map_item: height = 0.05000000000000001
546.3744 	EXP 	semantic_map_item: height = 0.05000000000000001
546.3744 	EXP 	semantic_map_item: height = 0.05000000000000001
546.3744 	EXP 	semantic_map_item: text = 'Artikel'
546.3744 	EXP 	living_nonliving_text: autoDraw = True
546.3744 	EXP 	semantic_map_item: autoDraw = True
547.7930 	DATA 	Keypress: 3
548.3591 	EXP 	New trial (rep=20, index=0): <Trial 20 (0 in rep 20) data={'thisN': 20, 'thisTrialN': 0, 'thisRepN': 20}>
548.3744 	EXP 	living_nonliving_text: autoDraw = False
548.3744 	EXP 	semantic_map_item: autoDraw = False
548.3744 	EXP 	living_nonliving_text: autoDraw = False
548.3744 	EXP 	semantic_map_item: autoDraw = False
548.3744 	EXP 	iti_cross: text = '+'
548.3744 	EXP 	iti_cross: autoDraw = True
552.3747 	INFO 	Keyboard events cleared
552.3750 	INFO 	Keyboard events cleared
552.3741 	EXP 	iti_cross: autoDraw = False
552.3741 	EXP 	iti_cross: autoDraw = False
552.3741 	EXP 	semantic_map_item: height = 0.05000000000000001
552.3741 	EXP 	semantic_map_item: height = 0.05000000000000001
552.3741 	EXP 	semantic_map_item: height = 0.05000000000000001
552.3741 	EXP 	semantic_map_item: text = 'Streifen'
552.3741 	EXP 	living_nonliving_text: autoDraw = True
552.3741 	EXP 	semantic_map_item: autoDraw = True
554.0620 	DATA 	Keypress: 3
554.3589 	EXP 	New trial (rep=21, index=0): <Trial 21 (0 in rep 21) data={'thisN': 21, 'thisTrialN': 0, 'thisRepN': 21}>
554.3746 	EXP 	living_nonliving_text: autoDraw = False
554.3746 	EXP 	semantic_map_item: autoDraw = False
554.3746 	EXP 	living_nonliving_text: autoDraw = False
554.3746 	EXP 	semantic_map_item: autoDraw = False
554.3746 	EXP 	iti_cross: text = '+'
554.3746 	EXP 	iti_cross: autoDraw = True
558.3744 	INFO 	Keyboard events cleared
558.3747 	INFO 	Keyboard events cleared
558.3738 	EXP 	iti_cross: autoDraw = False
558.3738 	EXP 	iti_cross: autoDraw = False
558.3738 	EXP 	semantic_map_item: height = 0.05000000000000001
558.3738 	EXP 	semantic_map_item: height = 0.05000000000000001
558.3738 	EXP 	semantic_map_item: height = 0.05000000000000001
558.3738 	EXP 	semantic_map_item: text = 'Handtuch'
558.3738 	EXP 	living_nonliving_text: autoDraw = True
558.3738 	EXP 	semantic_map_item: autoDraw = True
559.3117 	DATA 	Keypress: 3
560.3586 	EXP 	New trial (rep=22, index=0): <Trial 22 (0 in rep 22) data={'thisN': 22, 'thisTrialN': 0, 'thisRepN': 22}>
560.3737 	EXP 	living_nonliving_text: autoDraw = False
560.3737 	EXP 	semantic_map_item: autoDraw = False
560.3737 	EXP 	living_nonliving_text: autoDraw = False
560.3737 	EXP 	semantic_map_item: autoDraw = False
560.3737 	EXP 	iti_cross: text = '+'
560.3737 	EXP 	iti_cross: autoDraw = True
564.3739 	INFO 	Keyboard events cleared
564.3742 	INFO 	Keyboard events cleared
564.3733 	EXP 	iti_cross: autoDraw = False
564.3733 	EXP 	iti_cross: autoDraw = False
564.3733 	EXP 	semantic_map_item: height = 0.05000000000000001
564.3733 	EXP 	semantic_map_item: height = 0.05000000000000001
564.3733 	EXP 	semantic_map_item: height = 0.05000000000000001
564.3733 	EXP 	semantic_map_item: text = 'Gleis'
564.3733 	EXP 	living_nonliving_text: autoDraw = True
564.3733 	EXP 	semantic_map_item: autoDraw = True
565.2275 	DATA 	Keypress: 3
566.3582 	EXP 	New trial (rep=23, index=0): <Trial 23 (0 in rep 23) data={'thisN': 23, 'thisTrialN': 0, 'thisRepN': 23}>
566.3735 	EXP 	living_nonliving_text: autoDraw = False
566.3735 	EXP 	semantic_map_item: autoDraw = False
566.3735 	EXP 	living_nonliving_text: autoDraw = False
566.3735 	EXP 	semantic_map_item: autoDraw = False
566.3735 	EXP 	iti_cross: text = '+'
566.3735 	EXP 	iti_cross: autoDraw = True
568.3739 	INFO 	Keyboard events cleared
568.3742 	INFO 	Keyboard events cleared
568.3733 	EXP 	iti_cross: autoDraw = False
568.3733 	EXP 	iti_cross: autoDraw = False
568.3733 	EXP 	semantic_map_item: height = 0.05000000000000001
568.3733 	EXP 	semantic_map_item: height = 0.05000000000000001
568.3733 	EXP 	semantic_map_item: height = 0.05000000000000001
568.3733 	EXP 	semantic_map_item: text = 'Wand'
568.3733 	EXP 	living_nonliving_text: autoDraw = True
568.3733 	EXP 	semantic_map_item: autoDraw = True
569.2919 	DATA 	Keypress: 3
570.3581 	EXP 	New trial (rep=24, index=0): <Trial 24 (0 in rep 24) data={'thisN': 24, 'thisTrialN': 0, 'thisRepN': 24}>
570.3733 	EXP 	living_nonliving_text: autoDraw = False
570.3733 	EXP 	semantic_map_item: autoDraw = False
570.3733 	EXP 	living_nonliving_text: autoDraw = False
570.3733 	EXP 	semantic_map_item: autoDraw = False
570.3733 	EXP 	iti_cross: text = '+'
570.3733 	EXP 	iti_cross: autoDraw = True
572.3737 	INFO 	Keyboard events cleared
572.3741 	INFO 	Keyboard events cleared
572.3730 	EXP 	iti_cross: autoDraw = False
572.3730 	EXP 	iti_cross: autoDraw = False
572.3730 	EXP 	semantic_map_item: height = 0.05000000000000001
572.3730 	EXP 	semantic_map_item: height = 0.05000000000000001
572.3730 	EXP 	semantic_map_item: height = 0.05000000000000001
572.3730 	EXP 	semantic_map_item: text = 'Nebel'
572.3730 	EXP 	living_nonliving_text: autoDraw = True
572.3730 	EXP 	semantic_map_item: autoDraw = True
573.5099 	DATA 	Keypress: 3
574.3578 	EXP 	New trial (rep=25, index=0): <Trial 25 (0 in rep 25) data={'thisN': 25, 'thisTrialN': 0, 'thisRepN': 25}>
574.3731 	EXP 	living_nonliving_text: autoDraw = False
574.3731 	EXP 	semantic_map_item: autoDraw = False
574.3731 	EXP 	living_nonliving_text: autoDraw = False
574.3731 	EXP 	semantic_map_item: autoDraw = False
574.3731 	EXP 	iti_cross: text = '+'
574.3731 	EXP 	iti_cross: autoDraw = True
578.3734 	INFO 	Keyboard events cleared
578.3738 	INFO 	Keyboard events cleared
578.3727 	EXP 	iti_cross: autoDraw = False
578.3727 	EXP 	iti_cross: autoDraw = False
578.3727 	EXP 	semantic_map_item: height = 0.05000000000000001
578.3727 	EXP 	semantic_map_item: height = 0.05000000000000001
578.3727 	EXP 	semantic_map_item: height = 0.05000000000000001
578.3727 	EXP 	semantic_map_item: text = 'Schauspielerin'
578.3727 	EXP 	living_nonliving_text: autoDraw = True
578.3727 	EXP 	semantic_map_item: autoDraw = True
579.4107 	DATA 	Keypress: 2
580.3581 	EXP 	New trial (rep=26, index=0): <Trial 26 (0 in rep 26) data={'thisN': 26, 'thisTrialN': 0, 'thisRepN': 26}>
580.3726 	EXP 	living_nonliving_text: autoDraw = False
580.3726 	EXP 	semantic_map_item: autoDraw = False
580.3726 	EXP 	living_nonliving_text: autoDraw = False
580.3726 	EXP 	semantic_map_item: autoDraw = False
580.3726 	EXP 	iti_cross: text = '+'
580.3726 	EXP 	iti_cross: autoDraw = True
582.3730 	INFO 	Keyboard events cleared
582.3735 	INFO 	Keyboard events cleared
582.3723 	EXP 	iti_cross: autoDraw = False
582.3723 	EXP 	iti_cross: autoDraw = False
582.3723 	EXP 	semantic_map_item: height = 0.05000000000000001
582.3723 	EXP 	semantic_map_item: height = 0.05000000000000001
582.3723 	EXP 	semantic_map_item: height = 0.05000000000000001
582.3723 	EXP 	semantic_map_item: text = 'Floh'
582.3723 	EXP 	living_nonliving_text: autoDraw = True
582.3723 	EXP 	semantic_map_item: autoDraw = True
583.2912 	DATA 	Keypress: 2
584.3574 	EXP 	New trial (rep=27, index=0): <Trial 27 (0 in rep 27) data={'thisN': 27, 'thisTrialN': 0, 'thisRepN': 27}>
584.3724 	EXP 	living_nonliving_text: autoDraw = False
584.3724 	EXP 	semantic_map_item: autoDraw = False
584.3724 	EXP 	living_nonliving_text: autoDraw = False
584.3724 	EXP 	semantic_map_item: autoDraw = False
584.3724 	EXP 	iti_cross: text = '+'
584.3724 	EXP 	iti_cross: autoDraw = True
586.3727 	INFO 	Keyboard events cleared
586.3732 	INFO 	Keyboard events cleared
586.3720 	EXP 	iti_cross: autoDraw = False
586.3720 	EXP 	iti_cross: autoDraw = False
586.3720 	EXP 	semantic_map_item: height = 0.05000000000000001
586.3720 	EXP 	semantic_map_item: height = 0.05000000000000001
586.3720 	EXP 	semantic_map_item: height = 0.05000000000000001
586.3720 	EXP 	semantic_map_item: text = 'Krieg'
586.3720 	EXP 	living_nonliving_text: autoDraw = True
586.3720 	EXP 	semantic_map_item: autoDraw = True
587.8408 	DATA 	Keypress: 2
588.3570 	EXP 	New trial (rep=28, index=0): <Trial 28 (0 in rep 28) data={'thisN': 28, 'thisTrialN': 0, 'thisRepN': 28}>
588.3722 	EXP 	living_nonliving_text: autoDraw = False
588.3722 	EXP 	semantic_map_item: autoDraw = False
588.3722 	EXP 	living_nonliving_text: autoDraw = False
588.3722 	EXP 	semantic_map_item: autoDraw = False
588.3722 	EXP 	iti_cross: text = '+'
588.3722 	EXP 	iti_cross: autoDraw = True
590.3727 	INFO 	Keyboard events cleared
590.3731 	INFO 	Keyboard events cleared
590.3721 	EXP 	iti_cross: autoDraw = False
590.3721 	EXP 	iti_cross: autoDraw = False
590.3721 	EXP 	semantic_map_item: height = 0.05000000000000001
590.3721 	EXP 	semantic_map_item: height = 0.05000000000000001
590.3721 	EXP 	semantic_map_item: height = 0.05000000000000001
590.3721 	EXP 	semantic_map_item: text = 'Frieden'
590.3721 	EXP 	living_nonliving_text: autoDraw = True
590.3721 	EXP 	semantic_map_item: autoDraw = True
591.8602 	DATA 	Keypress: 2
592.3572 	EXP 	New trial (rep=29, index=0): <Trial 29 (0 in rep 29) data={'thisN': 29, 'thisTrialN': 0, 'thisRepN': 29}>
592.3720 	EXP 	living_nonliving_text: autoDraw = False
592.3720 	EXP 	semantic_map_item: autoDraw = False
592.3720 	EXP 	living_nonliving_text: autoDraw = False
592.3720 	EXP 	semantic_map_item: autoDraw = False
592.3720 	EXP 	iti_cross: text = '+'
592.3720 	EXP 	iti_cross: autoDraw = True
594.3723 	INFO 	Keyboard events cleared
594.3728 	INFO 	Keyboard events cleared
594.3717 	EXP 	iti_cross: autoDraw = False
594.3717 	EXP 	iti_cross: autoDraw = False
594.3717 	EXP 	semantic_map_item: height = 0.05000000000000001
594.3717 	EXP 	semantic_map_item: height = 0.05000000000000001
594.3717 	EXP 	semantic_map_item: height = 0.05000000000000001
594.3717 	EXP 	semantic_map_item: text = 'Baum'
594.3717 	EXP 	living_nonliving_text: autoDraw = True
594.3717 	EXP 	semantic_map_item: autoDraw = True
595.2259 	DATA 	Keypress: 2
596.3725 	EXP 	living_nonliving_text: autoDraw = False
596.3725 	EXP 	semantic_map_item: autoDraw = False
596.3725 	EXP 	living_nonliving_text: autoDraw = False
596.3725 	EXP 	semantic_map_item: autoDraw = False
596.3725 	EXP 	blank_cross: text = '+'
596.3725 	EXP 	blank_cross: autoDraw = True
606.3884 	INFO 	Keyboard events cleared
606.3878 	EXP 	blank_cross: autoDraw = False
606.3878 	EXP 	task_break_text: autoDraw = True
612.7041 	EXP 	New trial (rep=0, index=2): <Trial 2 (2 in rep 0) data={'thisList': 2, 'thisN': 2, 'thisTrialN': 2, 'thisRepN': 0}>
612.7059 	DATA 	Keypress: 2
612.7217 	INFO 	Keyboard events cleared
612.7210 	EXP 	task_break_text: autoDraw = False
612.7210 	EXP 	ready_set_text: autoDraw = True
617.8406 	DATA 	Keypress: space
617.8715 	INFO 	Keyboard events cleared
617.8708 	EXP 	ready_set_text: autoDraw = False
617.8708 	EXP 	starting_soon: autoDraw = True
634.4698 	EXP 	starting_soon: autoDraw = False
634.4698 	EXP 	blank_cross: text = '+'
634.4698 	EXP 	blank_cross: autoDraw = True
644.4534 	EXP 	New trial (rep=0, index=0): <Trial 0 (0 in rep 0) data={'thisN': 0, 'thisTrialN': 0, 'thisRepN': 0}>
644.5041 	INFO 	saved data to C:\Users\Nemecz\Documents\Guess_fMRI\data/pilot2_guess_2025-04-22_14h15.26.228.psydat
644.5129 	INFO 	saved data to 'C:\\Users\\Nemecz\\Documents\\Guess_fMRI\\data/pilot2_guess_2025-04-22_14h15.26.228.csv'
