17.5325 	INFO 	Loaded monitor calibration from ['2025_03_24 13:01']
18.0424 	EXP 	Created window1 = Window(allowGUI=False, allowStencil=False, autoLog=True, backendConf=UNKNOWN, backgroundFit=<method-wrapper '__getattribute__' of attributeSetter object at 0x0000021A5A0EC610>, backgroundImage=<method-wrapper '__getattribute__' of attributeSetter object at 0x0000021A5A0EC5B0>, bitsMode=UNKNOWN, blendMode='avg', bpc=(8, 8, 8), color=array([0, 0, 0]), colorSpace='rgb', depthBits=8, fullscr=True, gamma=None, gammaErrorPolicy='raise', infoMsg=UNKNOWN, lms=UNKNOWN, monitor=<psychopy.monitors.calibTools.Monitor object at 0x0000021A5A1B79D0>, multiSample=False, name='window1', numSamples=2, pos=[0.0, 0.0], screen=1, size=array([1024,  768]), stencilBits=0, stereo=False, title='PsychoPy', units='height', useFBO=True, useRetina=False, viewOri=0.0, viewPos=None, viewScale=None, waitBlanking=True, winType='pyglet')
18.0425 	EXP 	window1: backgroundImage = ''
18.0425 	EXP 	window1: backgroundFit = 'none'
18.1128 	EXP 	window1: Attempting to measure frame rate of screen (1) ...
18.1129 	EXP 	window1: recordFrameIntervals = False
18.5716 	EXP 	window1: recordFrameIntervals = True
18.7542 	EXP 	Screen (1) actual frame rate measured at 60.08Hz
18.7543 	EXP 	window1: recordFrameIntervals = False
22.3122 	INFO 	keyboard.Keyboard is using iohub backend.
22.3123 	INFO 	keyboard.Keyboard is using iohub backend.
22.3123 	INFO 	keyboard.Keyboard is using iohub backend.
22.3124 	INFO 	keyboard.Keyboard is using iohub backend.
22.3124 	INFO 	keyboard.Keyboard is using iohub backend.
22.3124 	INFO 	keyboard.Keyboard is using iohub backend.
22.3124 	INFO 	keyboard.Keyboard is using iohub backend.
22.3125 	EXP 	part0: status = STARTED
22.5655 	EXP 	Created welcome_text = TextStim(__class__=<class 'psychopy.visual.text.TextStim'>, alignHoriz=method-wrapper(...), alignText='center', alignVert=method-wrapper(...), anchorHoriz='center', anchorVert='center', antialias=True, autoDraw=False, autoLog=True, bold=False, color=array([1., 1., 1.]), colorSpace='rgb', contrast=1.0, depth=0.0, draggable=False, flipHoriz=False, flipVert=False, font='Arial', fontFiles=[], height=0.05000000000000001, italic=False, languageStyle='LTR', name='welcome_text', opacity=1, ori=0.0, pos=array([0., 0.]), rgb=UNKNOWN, text=str(...), units='height', win=Window(...), wrapWidth=1)
22.6345 	EXP 	Created hand_image = ImageStim(__class__=<class 'psychopy.visual.image.ImageStim'>, anchor=('center', 'center'), autoLog=True, color=array([1., 1., 1.]), colorSpace='rgb', contrast=1.0, depth=0.0, draggable=False, flipHoriz=False, flipVert=False, image='right_hand_silhouette.png', interpolate=True, mask=None, maskParams=None, name='hand_image', opacity=1, ori=0.0, pos=array([ 0.  , -0.25]), size=array([0.5, 0.5]), texRes=128.0, units='height', win=Window(...))
22.6490 	EXP 	Created hand_intro_text = TextStim(__class__=<class 'psychopy.visual.text.TextStim'>, alignHoriz=method-wrapper(...), alignText='center', alignVert=method-wrapper(...), anchorHoriz='center', anchorVert='center', antialias=True, autoDraw=False, autoLog=True, bold=False, color=array([1., 1., 1.]), colorSpace='rgb', contrast=1.0, depth=-2.0, draggable=False, flipHoriz=False, flipVert=False, font='Arial', fontFiles=[], height=0.05000000000000001, italic=False, languageStyle='LTR', name='hand_intro_text', opacity=1, ori=0.0, pos=array([0.  , 0.25]), rgb=UNKNOWN, text=str(...), units='height', win=Window(...), wrapWidth=1)
22.6548 	EXP 	Created instruction = TextStim(__class__=<class 'psychopy.visual.text.TextStim'>, alignHoriz=method-wrapper(...), alignText='center', alignVert=method-wrapper(...), anchorHoriz='center', anchorVert='center', antialias=True, autoDraw=False, autoLog=True, bold=False, color=array([1., 1., 1.]), colorSpace='rgb', contrast=1.0, depth=0.0, draggable=False, flipHoriz=False, flipVert=False, font='Arial', fontFiles=[], height=0.05000000000000001, italic=False, languageStyle='LTR', name='instruction', opacity=1, ori=0.0, pos=array([0. , 0.2]), rgb=UNKNOWN, text='Press this button:', units='height', win=Window(...), wrapWidth=1)
22.6557 	EXP 	Created button_text = TextStim(__class__=<class 'psychopy.visual.text.TextStim'>, alignHoriz=method-wrapper(...), alignText='center', alignVert=method-wrapper(...), anchorHoriz='center', anchorVert='center', antialias=True, autoDraw=False, autoLog=True, bold=False, color=array([1., 1., 1.]), colorSpace='rgb', contrast=1.0, depth=-1.0, draggable=False, flipHoriz=False, flipVert=False, font='Arial', fontFiles=[], height=0.05, italic=False, languageStyle='LTR', name='button_text', opacity=1, ori=0.0, pos=array([0., 0.]), rgb=UNKNOWN, text='', units='height', win=Window(...), wrapWidth=1)
22.6906 	EXP 	Created select_video_text = TextStim(__class__=<class 'psychopy.visual.text.TextStim'>, alignHoriz=method-wrapper(...), alignText='center', alignVert=method-wrapper(...), anchorHoriz='center', anchorVert='center', antialias=True, autoDraw=False, autoLog=True, bold=False, color=array([1., 1., 1.]), colorSpace='rgb', contrast=1.0, depth=0.0, draggable=False, flipHoriz=False, flipVert=False, font='Arial', fontFiles=[], height=0.05000000000000001, italic=False, languageStyle='LTR', name='select_video_text', opacity=1, ori=0.0, pos=array([0., 0.]), rgb=UNKNOWN, text=str(...), units='height', win=Window(...), wrapWidth=1)
23.4676 	EXP 	Created video_text = TextStim(__class__=<class 'psychopy.visual.text.TextStim'>, alignHoriz=method-wrapper(...), alignText='center', alignVert=method-wrapper(...), anchorHoriz='center', anchorVert='center', antialias=True, autoDraw=False, autoLog=True, bold=False, color=array([1., 1., 1.]), colorSpace='rgb', contrast=1.0, depth=-1.0, draggable=False, flipHoriz=False, flipVert=False, font='Arial', fontFiles=[], height=0.05000000000000001, italic=False, languageStyle='LTR', name='video_text', opacity=1, ori=0.0, pos=array([0., 0.]), rgb=UNKNOWN, text=str(...), units='height', win=Window(...), wrapWidth=1)
23.4713 	EXP 	Created end_text = TextStim(__class__=<class 'psychopy.visual.text.TextStim'>, alignHoriz=method-wrapper(...), alignText='center', alignVert=method-wrapper(...), anchorHoriz='center', anchorVert='center', antialias=True, autoDraw=False, autoLog=True, bold=False, color=array([1., 1., 1.]), colorSpace='rgb', contrast=1.0, depth=0.0, draggable=False, flipHoriz=False, flipVert=False, font='Arial', fontFiles=[], height=0.05000000000000001, italic=False, languageStyle='LTR', name='end_text', opacity=1, ori=0.0, pos=array([0., 0.]), rgb=UNKNOWN, text=str(...), units='height', win=Window(...), wrapWidth=1)
0.0027 	EXP 	movie: autoLog = True
0.0170 	INFO 	Keyboard events cleared
0.0165 	EXP 	welcome_text: autoDraw = True
187.7198 	DATA 	Keypress: space
187.7233 	INFO 	Keyboard events cleared
187.7228 	EXP 	welcome_text: autoDraw = False
187.7228 	EXP 	hand_image: autoDraw = True
187.7228 	EXP 	hand_intro_text: autoDraw = True
196.9103 	EXP 	Imported button_practice.xlsx as conditions, 4 conditions, 2 params
196.9125 	EXP 	New trial (rep=0, index=0): <Trial 0 (0 in rep 0) data={'this_button': 4, 'correct_button': 5, 'thisN': 0, 'thisTrialN': 0, 'thisRepN': 0}>
196.9225 	DATA 	Keypress: 2
196.9270 	INFO 	Keyboard events cleared
196.9264 	EXP 	hand_image: autoDraw = False
196.9264 	EXP 	hand_intro_text: autoDraw = False
196.9264 	EXP 	button_text: height = 0.05000000000000001
196.9264 	EXP 	button_text: height = 0.05000000000000001
196.9264 	EXP 	button_text: height = 0.05000000000000001
196.9264 	EXP 	button_text: text = 4
196.9264 	EXP 	instruction: autoDraw = True
196.9264 	EXP 	button_text: autoDraw = True
198.3571 	DATA 	Keypress: 5
198.3749 	EXP 	New trial (rep=0, index=1): <Trial 1 (1 in rep 0) data={'this_button': 3, 'correct_button': 4, 'thisN': 1, 'thisTrialN': 1, 'thisRepN': 0}>
198.3906 	INFO 	Keyboard events cleared
198.3899 	EXP 	instruction: autoDraw = False
198.3899 	EXP 	button_text: autoDraw = False
198.3899 	EXP 	button_text: height = 0.05000000000000001
198.3899 	EXP 	button_text: height = 0.05000000000000001
198.3899 	EXP 	button_text: height = 0.05000000000000001
198.3899 	EXP 	button_text: text = 3
198.3899 	EXP 	instruction: autoDraw = True
198.3899 	EXP 	button_text: autoDraw = True
199.1416 	EXP 	New trial (rep=0, index=2): <Trial 2 (2 in rep 0) data={'this_button': 2, 'correct_button': 3, 'thisN': 2, 'thisTrialN': 2, 'thisRepN': 0}>
199.1480 	DATA 	Keypress: 4
199.1551 	INFO 	Keyboard events cleared
199.1545 	EXP 	instruction: autoDraw = False
199.1545 	EXP 	button_text: autoDraw = False
199.1545 	EXP 	button_text: height = 0.05000000000000001
199.1545 	EXP 	button_text: height = 0.05000000000000001
199.1545 	EXP 	button_text: height = 0.05000000000000001
199.1545 	EXP 	button_text: text = 2
199.1545 	EXP 	instruction: autoDraw = True
199.1545 	EXP 	button_text: autoDraw = True
199.8926 	DATA 	Keypress: 3
199.9062 	EXP 	New trial (rep=0, index=3): <Trial 3 (3 in rep 0) data={'this_button': 1, 'correct_button': 2, 'thisN': 3, 'thisTrialN': 3, 'thisRepN': 0}>
199.9233 	INFO 	Keyboard events cleared
199.9227 	EXP 	instruction: autoDraw = False
199.9227 	EXP 	button_text: autoDraw = False
199.9227 	EXP 	button_text: height = 0.05000000000000001
199.9227 	EXP 	button_text: height = 0.05000000000000001
199.9227 	EXP 	button_text: height = 0.05000000000000001
199.9227 	EXP 	button_text: text = 1
199.9227 	EXP 	instruction: autoDraw = True
199.9227 	EXP 	button_text: autoDraw = True
200.6964 	DATA 	Keypress: 2
200.7067 	INFO 	Keyboard events cleared
200.7061 	EXP 	instruction: autoDraw = False
200.7061 	EXP 	button_text: autoDraw = False
200.7061 	EXP 	select_video_text: autoDraw = True
210.4589 	DATA 	Keypress: 3
210.7198 	INFO 	Keyboard events cleared
210.7194 	EXP 	select_video_text: autoDraw = False
210.7194 	EXP 	video_text: autoDraw = True
215.5000 	EXP 	movie: autoDraw = True
215.7221 	EXP 	video_text: autoDraw = False
620.0526 	DATA 	Keypress: space
620.0598 	INFO 	Keyboard events cleared
620.0588 	EXP 	movie: autoDraw = False
620.0588 	EXP 	video_text: autoDraw = False
620.0588 	EXP 	end_text: autoDraw = True
621.9529 	DATA 	Keypress: space
621.9664 	EXP 	end_text: autoDraw = False
621.9666 	EXP 	part0: status = STOPPED
621.9745 	INFO 	saved data to 'C:\\Users\\Nemecz\\Documents\\Guess_fMRI\\data/pilot2_part0_2025-04-22_13h07.58.863.csv'
621.9766 	INFO 	saved data to C:\Users\Nemecz\Documents\Guess_fMRI\data/pilot2_part0_2025-04-22_13h07.58.863.psydat
